OpenfortPaymasterTest:testEntryPointDepositToPaymaster() (gas: 45021)
OpenfortPaymasterTest:testFailPaymasterUserOpERC20ValidSigExecBatchInsufficientERC20() (gas: 318819)
OpenfortPaymasterTest:testFailPaymasterUserOpERC20ValidSigSmallApprove() (gas: 278837)
OpenfortPaymasterTest:testInitialParameters() (gas: 13782)
OpenfortPaymasterTest:testParsePaymasterDataERC20() (gas: 35525)
OpenfortPaymasterTest:testParsePaymasterDataNative() (gas: 33262)
OpenfortPaymasterTest:testPaymasterAddStake() (gas: 47814)
OpenfortPaymasterTest:testPaymasterUserOpERC20ValidSig() (gas: 301095)
OpenfortPaymasterTest:testPaymasterUserOpERC20ValidSigExecBatch() (gas: 341904)
OpenfortPaymasterTest:testPaymasterUserOpNativeValidSig() (gas: 231355)
OpenfortPaymasterTest:testPaymasterUserOpNativeValidSigExecBatch() (gas: 273683)
OpenfortPaymasterTest:testPaymasterUserOpWrongSig() (gas: 133668)
OpenfortPaymasterTest:testPaymasterUserOpWrongSigLength() (gas: 103771)
OpenfortPaymasterTest:testToken():(address) (gas: 2383)
Specific4337Tests:testToken():(address) (gas: 2382)
Specific4337Tests:testValidateUserOp() (gas: 169836)
Specific4337Tests:testValidateUserOpSessionKey() (gas: 197568)
Specific4337Tests:testWrongValidateUserOp() (gas: 172303)
Specific4337Tests:testWrongValidateUserOpSessionKey() (gas: 199543)
StaticOpenfortAccountTest:testChangeOwnershipAndCountDirect() (gas: 174608)
StaticOpenfortAccountTest:testChangeOwnershipAndCountEntryPoint() (gas: 323909)
StaticOpenfortAccountTest:testCreateAccountViaEntryPoint() (gas: 225805)
StaticOpenfortAccountTest:testCreateAccountViaFactory() (gas: 139501)
StaticOpenfortAccountTest:testCreateAccountViaFactoryWithNonce() (gas: 256254)
StaticOpenfortAccountTest:testFailAttackRegisterSessionKeyViaEntrypoint2ndKey() (gas: 514997)
StaticOpenfortAccountTest:testFailIncrementCounterViaSessionKeyNotregistered() (gas: 290850)
StaticOpenfortAccountTest:testFailIncrementCounterViaSessionKeyReachLimit() (gas: 423518)
StaticOpenfortAccountTest:testFailIncrementCounterViaSessionKeyReachLimitBatching() (gas: 329505)
StaticOpenfortAccountTest:testFailIncrementCounterViaSessionKeyRevoked() (gas: 170899)
StaticOpenfortAccountTest:testFailIncrementCounterViaSessionKeyWhitelistingBatch() (gas: 386039)
StaticOpenfortAccountTest:testFailIncrementCounterViaSessionKeyWhitelistingBatchWrongAddress() (gas: 352630)
StaticOpenfortAccountTest:testFailIncrementCounterViaSessionKeyWhitelistingTooBig() (gas: 169791)
StaticOpenfortAccountTest:testFailIncrementCounterViaSessionKeyWhitelistingWrongAddress() (gas: 344667)
StaticOpenfortAccountTest:testFailRevokeSessionKeyInvalidUser() (gas: 173443)
StaticOpenfortAccountTest:testIncrementCounterDirect() (gas: 166209)
StaticOpenfortAccountTest:testIncrementCounterViaEntrypoint() (gas: 317445)
StaticOpenfortAccountTest:testIncrementCounterViaEntrypointBatching() (gas: 329676)
StaticOpenfortAccountTest:testIncrementCounterViaSessionKey() (gas: 347500)
StaticOpenfortAccountTest:testIncrementCounterViaSessionKeyExpired() (gas: 317605)
StaticOpenfortAccountTest:testIncrementCounterViaSessionKeyWhitelisting() (gas: 373015)
StaticOpenfortAccountTest:testIncrementCounterViaSessionKeyWhitelistingBatch() (gas: 397023)
StaticOpenfortAccountTest:testMintTokenAccount() (gas: 346382)
StaticOpenfortAccountTest:testReceiveNativeToken() (gas: 142149)
StaticOpenfortAccountTest:testRegisterSessionKeyViaEntrypoint() (gas: 428005)
StaticOpenfortAccountTest:testRegisterSessionKeyViaEntrypoint2ndKey() (gas: 537638)
StaticOpenfortAccountTest:testSimulateValidation() (gas: 243564)
StaticOpenfortAccountTest:testToken():(address) (gas: 2426)
StaticOpenfortAccountTest:testTransferOutNativeToken() (gas: 250417)
StaticOpenfortAccountTest:testUpdateEntryPoint() (gas: 2551215)
UpgradeableOpenfortAccountTest:testChangeOwnershipAndCountDirect() (gas: 338216)
UpgradeableOpenfortAccountTest:testChangeOwnershipAndCountEntryPoint() (gas: 487934)
UpgradeableOpenfortAccountTest:testCreateAccountViaEntryPoint() (gas: 402591)
UpgradeableOpenfortAccountTest:testCreateAccountViaFactory() (gas: 315819)
UpgradeableOpenfortAccountTest:testCreateAccountViaFactoryWithNonce() (gas: 589133)
UpgradeableOpenfortAccountTest:testFailAttackRegisterSessionKeyViaEntrypoint2ndKey() (gas: 680150)
UpgradeableOpenfortAccountTest:testFailIncrementCounterViaSessionKeyNotregistered() (gas: 454240)
UpgradeableOpenfortAccountTest:testFailIncrementCounterViaSessionKeyReachLimit() (gas: 587793)
UpgradeableOpenfortAccountTest:testFailIncrementCounterViaSessionKeyReachLimitBatching() (gas: 493118)
UpgradeableOpenfortAccountTest:testFailIncrementCounterViaSessionKeyRevoked() (gas: 334320)
UpgradeableOpenfortAccountTest:testFailIncrementCounterViaSessionKeyWhitelistingBatchWrongAddress() (gas: 516309)
UpgradeableOpenfortAccountTest:testFailIncrementCounterViaSessionKeyWhitelistingTooBig() (gas: 333044)
UpgradeableOpenfortAccountTest:testFailIncrementCounterViaSessionKeyWhitelistingWrongAddress() (gas: 508346)
UpgradeableOpenfortAccountTest:testFailRevokeSessionKeyInvalidUser() (gas: 336864)
UpgradeableOpenfortAccountTest:testIncrementCounterDirect() (gas: 329456)
UpgradeableOpenfortAccountTest:testIncrementCounterViaEntrypoint() (gas: 481109)
UpgradeableOpenfortAccountTest:testIncrementCounterViaEntrypointBatching() (gas: 493318)
UpgradeableOpenfortAccountTest:testIncrementCounterViaSessionKey() (gas: 511336)
UpgradeableOpenfortAccountTest:testIncrementCounterViaSessionKeyExpired() (gas: 481196)
UpgradeableOpenfortAccountTest:testIncrementCounterViaSessionKeyWhitelisting() (gas: 536939)
UpgradeableOpenfortAccountTest:testIncrementCounterViaSessionKeyWhitelistingBatch() (gas: 561170)
UpgradeableOpenfortAccountTest:testMintTokenAccount() (gas: 510046)
UpgradeableOpenfortAccountTest:testReceiveNativeToken() (gas: 305393)
UpgradeableOpenfortAccountTest:testRegisterSessionKeyViaEntrypoint() (gas: 592503)
UpgradeableOpenfortAccountTest:testRegisterSessionKeyViaEntrypoint2ndKey() (gas: 702970)
UpgradeableOpenfortAccountTest:testSimulateValidation() (gas: 406760)
UpgradeableOpenfortAccountTest:testToken():(address) (gas: 2426)
UpgradeableOpenfortAccountTest:testTransferOutNativeToken() (gas: 414100)
UpgradeableOpenfortAccountTest:testUpgradeAccount() (gas: 2668929)