ManagedOpenfortAccountTest:testChangeOwnershipAndCountDirect() (gas: 68623)
ManagedOpenfortAccountTest:testChangeOwnershipAndCountEntryPoint() (gas: 241459)
ManagedOpenfortAccountTest:testCreateAccountWithNonceViaFactory() (gas: 227839)
ManagedOpenfortAccountTest:testFailAttackRegisterSessionKeyViaEntrypoint2ndKey() (gas: 439669)
ManagedOpenfortAccountTest:testFailCreateAccountViaEntryPoint() (gas: 217)
ManagedOpenfortAccountTest:testFailIncrementCounterViaSessionKeyNotregistered() (gas: 211087)
ManagedOpenfortAccountTest:testFailIncrementCounterViaSessionKeyReachLimit() (gas: 331608)
ManagedOpenfortAccountTest:testFailIncrementCounterViaSessionKeyReachLimitBatching() (gas: 236598)
ManagedOpenfortAccountTest:testFailIncrementCounterViaSessionKeyRevoked() (gas: 58438)
ManagedOpenfortAccountTest:testFailIncrementCounterViaSessionKeyWhitelistingBatch() (gas: 294083)
ManagedOpenfortAccountTest:testFailIncrementCounterViaSessionKeyWhitelistingBatchWrongAddress() (gas: 259772)
ManagedOpenfortAccountTest:testFailIncrementCounterViaSessionKeyWhitelistingTooBig() (gas: 34525)
ManagedOpenfortAccountTest:testFailIncrementCounterViaSessionKeyWhitelistingWrongAddress() (gas: 251237)
ManagedOpenfortAccountTest:testFailRevokeSessionKeyInvalidUser() (gas: 60982)
ManagedOpenfortAccountTest:testIncrementCounterDirect() (gas: 53408)
ManagedOpenfortAccountTest:testIncrementCounterViaEntrypoint() (gas: 242099)
ManagedOpenfortAccountTest:testIncrementCounterViaEntrypointBatching() (gas: 254380)
ManagedOpenfortAccountTest:testIncrementCounterViaSessionKey() (gas: 258297)
ManagedOpenfortAccountTest:testIncrementCounterViaSessionKeyExpired() (gas: 224245)
ManagedOpenfortAccountTest:testIncrementCounterViaSessionKeyWhitelisting() (gas: 283967)
ManagedOpenfortAccountTest:testIncrementCounterViaSessionKeyWhitelistingBatch() (gas: 307974)
ManagedOpenfortAccountTest:testMintTokenAccount() (gas: 270866)
ManagedOpenfortAccountTest:testReceiveNativeToken() (gas: 27473)
ManagedOpenfortAccountTest:testRegisterSessionKeyViaEntrypoint() (gas: 357331)
ManagedOpenfortAccountTest:testRegisterSessionKeyViaEntrypoint2ndKey() (gas: 471559)
ManagedOpenfortAccountTest:testSimulateValidation() (gas: 131894)
ManagedOpenfortAccountTest:testToken():(address) (gas: 2404)
ManagedOpenfortAccountTest:testTransferOutNativeToken() (gas: 160677)
ManagedOpenfortAccountTest:testUpgradeTo() (gas: 2260519)
OpenfortPaymasterTest:testEntryPointDepositToPaymaster() (gas: 45343)
OpenfortPaymasterTest:testFailPaymasterUserOpERC20ValidSigExecBatchInsufficientERC20() (gas: 339363)
OpenfortPaymasterTest:testFailPaymasterUserOpERC20ValidSigSmallApprove() (gas: 299335)
OpenfortPaymasterTest:testInitialParameters() (gas: 13804)
OpenfortPaymasterTest:testParsePaymasterDataERC20() (gas: 35479)
OpenfortPaymasterTest:testParsePaymasterDataNative() (gas: 33235)
OpenfortPaymasterTest:testPaymasterAddStake() (gas: 47319)
OpenfortPaymasterTest:testPaymasterUserOpERC20ValidSig() (gas: 322486)
OpenfortPaymasterTest:testPaymasterUserOpERC20ValidSigExecBatch() (gas: 363297)
OpenfortPaymasterTest:testPaymasterUserOpNativeValidSig() (gas: 252797)
OpenfortPaymasterTest:testPaymasterUserOpNativeValidSigExecBatch() (gas: 295212)
OpenfortPaymasterTest:testPaymasterUserOpWrongSig() (gas: 134827)
OpenfortPaymasterTest:testPaymasterUserOpWrongSigLength() (gas: 105174)
OpenfortPaymasterTest:testToken():(address) (gas: 2405)
Specific4337Tests:testToken():(address) (gas: 2404)
StaticOpenfortAccountTest:testChangeOwnershipAndCountDirect() (gas: 61446)
StaticOpenfortAccountTest:testChangeOwnershipAndCountEntryPoint() (gas: 234736)
StaticOpenfortAccountTest:testCreateAccountWithNonceViaFactory() (gas: 142854)
StaticOpenfortAccountTest:testFailAttackRegisterSessionKeyViaEntrypoint2ndKey() (gas: 422918)
StaticOpenfortAccountTest:testFailCreateAccountViaEntryPoint() (gas: 239)
StaticOpenfortAccountTest:testFailIncrementCounterViaSessionKeyNotregistered() (gas: 200589)
StaticOpenfortAccountTest:testFailIncrementCounterViaSessionKeyReachLimit() (gas: 322505)
StaticOpenfortAccountTest:testFailIncrementCounterViaSessionKeyReachLimitBatching() (gas: 229800)
StaticOpenfortAccountTest:testFailIncrementCounterViaSessionKeyRevoked() (gas: 52394)
StaticOpenfortAccountTest:testFailIncrementCounterViaSessionKeyWhitelistingBatch() (gas: 286323)
StaticOpenfortAccountTest:testFailIncrementCounterViaSessionKeyWhitelistingBatchWrongAddress() (gas: 252908)
StaticOpenfortAccountTest:testFailIncrementCounterViaSessionKeyWhitelistingTooBig() (gas: 29208)
StaticOpenfortAccountTest:testFailIncrementCounterViaSessionKeyWhitelistingWrongAddress() (gas: 244373)
StaticOpenfortAccountTest:testFailRevokeSessionKeyInvalidUser() (gas: 54938)
StaticOpenfortAccountTest:testIncrementCounterDirect() (gas: 48127)
StaticOpenfortAccountTest:testIncrementCounterViaEntrypoint() (gas: 230791)
StaticOpenfortAccountTest:testIncrementCounterViaEntrypointBatching() (gas: 243075)
StaticOpenfortAccountTest:testIncrementCounterViaSessionKey() (gas: 250737)
StaticOpenfortAccountTest:testIncrementCounterViaSessionKeyExpired() (gas: 217466)
StaticOpenfortAccountTest:testIncrementCounterViaSessionKeyWhitelisting() (gas: 276303)
StaticOpenfortAccountTest:testIncrementCounterViaSessionKeyWhitelistingBatch() (gas: 299436)
StaticOpenfortAccountTest:testMintTokenAccount() (gas: 259559)
StaticOpenfortAccountTest:testReceiveNativeToken() (gas: 20030)
StaticOpenfortAccountTest:testRegisterSessionKeyViaEntrypoint() (gas: 342972)
StaticOpenfortAccountTest:testRegisterSessionKeyViaEntrypoint2ndKey() (gas: 454165)
StaticOpenfortAccountTest:testSimulateValidation() (gas: 126642)
StaticOpenfortAccountTest:testToken():(address) (gas: 2404)
StaticOpenfortAccountTest:testTransferOutNativeToken() (gas: 153685)
StaticOpenfortAccountTest:testUpdateEntryPoint() (gas: 426442)
UpgradeableOpenfortAccountTest:testChangeOwnershipAndCountDirect() (gas: 64146)
UpgradeableOpenfortAccountTest:testChangeOwnershipAndCountEntryPoint() (gas: 237882)
UpgradeableOpenfortAccountTest:testCreateAccountWithNonceViaFactory() (gas: 211442)
UpgradeableOpenfortAccountTest:testFailAttackRegisterSessionKeyViaEntrypoint2ndKey() (gas: 429148)
UpgradeableOpenfortAccountTest:testFailCreateAccountViaEntryPoint() (gas: 239)
UpgradeableOpenfortAccountTest:testFailIncrementCounterViaSessionKeyNotregistered() (gas: 205035)
UpgradeableOpenfortAccountTest:testFailIncrementCounterViaSessionKeyReachLimit() (gas: 325843)
UpgradeableOpenfortAccountTest:testFailIncrementCounterViaSessionKeyReachLimitBatching() (gas: 232469)
UpgradeableOpenfortAccountTest:testFailIncrementCounterViaSessionKeyRevoked() (gas: 54845)
UpgradeableOpenfortAccountTest:testFailIncrementCounterViaSessionKeyWhitelistingBatchWrongAddress() (gas: 255643)
UpgradeableOpenfortAccountTest:testFailIncrementCounterViaSessionKeyWhitelistingTooBig() (gas: 31499)
UpgradeableOpenfortAccountTest:testFailIncrementCounterViaSessionKeyWhitelistingWrongAddress() (gas: 247108)
UpgradeableOpenfortAccountTest:testFailRevokeSessionKeyInvalidUser() (gas: 57389)
UpgradeableOpenfortAccountTest:testIncrementCounterDirect() (gas: 50350)
UpgradeableOpenfortAccountTest:testIncrementCounterViaEntrypoint() (gas: 235460)
UpgradeableOpenfortAccountTest:testIncrementCounterViaEntrypointBatching() (gas: 247744)
UpgradeableOpenfortAccountTest:testIncrementCounterViaSessionKey() (gas: 253607)
UpgradeableOpenfortAccountTest:testIncrementCounterViaSessionKeyExpired() (gas: 220113)
UpgradeableOpenfortAccountTest:testIncrementCounterViaSessionKeyWhitelisting() (gas: 279261)
UpgradeableOpenfortAccountTest:testIncrementCounterViaSessionKeyWhitelistingBatch() (gas: 302617)
UpgradeableOpenfortAccountTest:testMintTokenAccount() (gas: 264228)
UpgradeableOpenfortAccountTest:testReceiveNativeToken() (gas: 22272)
UpgradeableOpenfortAccountTest:testRegisterSessionKeyViaEntrypoint() (gas: 348511)
UpgradeableOpenfortAccountTest:testRegisterSessionKeyViaEntrypoint2ndKey() (gas: 460574)
UpgradeableOpenfortAccountTest:testSimulateValidation() (gas: 128865)
UpgradeableOpenfortAccountTest:testToken():(address) (gas: 2404)
UpgradeableOpenfortAccountTest:testTransferOutNativeToken() (gas: 156373)
UpgradeableOpenfortAccountTest:testUpdateEntryPoint() (gas: 774303)
UpgradeableOpenfortAccountTest:testUpgradeAccount() (gas: 2303948)