ManagedOpenfortAccountTest:testChangeOwnershipAndCountDirect() (gas: 249819)
ManagedOpenfortAccountTest:testChangeOwnershipAndCountEntryPoint() (gas: 400344)
ManagedOpenfortAccountTest:testCreateAccountViaEntryPoint() (gas: 312167)
ManagedOpenfortAccountTest:testCreateAccountViaFactory() (gas: 224506)
ManagedOpenfortAccountTest:testCreateAccountViaFactoryWithNonce() (gas: 403358)
ManagedOpenfortAccountTest:testFailAttackRegisterSessionKeyViaEntrypoint2ndKey() (gas: 593544)
ManagedOpenfortAccountTest:testFailIncrementCounterViaSessionKeyNotregistered() (gas: 364610)
ManagedOpenfortAccountTest:testFailIncrementCounterViaSessionKeyReachLimit() (gas: 499390)
ManagedOpenfortAccountTest:testFailIncrementCounterViaSessionKeyReachLimitBatching() (gas: 403877)
ManagedOpenfortAccountTest:testFailIncrementCounterViaSessionKeyRevoked() (gas: 244633)
ManagedOpenfortAccountTest:testFailIncrementCounterViaSessionKeyWhitelistingBatch() (gas: 461389)
ManagedOpenfortAccountTest:testFailIncrementCounterViaSessionKeyWhitelistingBatchWrongAddress() (gas: 427063)
ManagedOpenfortAccountTest:testFailIncrementCounterViaSessionKeyWhitelistingTooBig() (gas: 220849)
ManagedOpenfortAccountTest:testFailIncrementCounterViaSessionKeyWhitelistingWrongAddress() (gas: 418579)
ManagedOpenfortAccountTest:testFailRevokeSessionKeyInvalidUser() (gas: 247177)
ManagedOpenfortAccountTest:testIncrementCounterDirect() (gas: 239611)
ManagedOpenfortAccountTest:testIncrementCounterViaEntrypoint() (gas: 392005)
ManagedOpenfortAccountTest:testIncrementCounterViaEntrypointBatching() (gas: 404269)
ManagedOpenfortAccountTest:testIncrementCounterViaSessionKey() (gas: 422176)
ManagedOpenfortAccountTest:testIncrementCounterViaSessionKeyExpired() (gas: 391469)
ManagedOpenfortAccountTest:testIncrementCounterViaSessionKeyWhitelisting() (gas: 447736)
ManagedOpenfortAccountTest:testIncrementCounterViaSessionKeyWhitelistingBatch() (gas: 471764)
ManagedOpenfortAccountTest:testMintTokenAccount() (gas: 421026)
ManagedOpenfortAccountTest:testReceiveNativeToken() (gas: 215676)
ManagedOpenfortAccountTest:testRegisterSessionKeyViaEntrypoint() (gas: 504672)
ManagedOpenfortAccountTest:testRegisterSessionKeyViaEntrypoint2ndKey() (gas: 616360)
ManagedOpenfortAccountTest:testSimulateValidation() (gas: 316676)
ManagedOpenfortAccountTest:testToken():(address) (gas: 2426)
ManagedOpenfortAccountTest:testTransferOutNativeToken() (gas: 325303)
ManagedOpenfortAccountTest:testUpgradeTo() (gas: 2077403)
OpenfortPaymasterTest:testEntryPointDepositToPaymaster() (gas: 45021)
OpenfortPaymasterTest:testFailPaymasterUserOpERC20ValidSigExecBatchInsufficientERC20() (gas: 319856)
OpenfortPaymasterTest:testFailPaymasterUserOpERC20ValidSigSmallApprove() (gas: 279828)
OpenfortPaymasterTest:testInitialParameters() (gas: 13782)
OpenfortPaymasterTest:testParsePaymasterDataERC20() (gas: 35513)
OpenfortPaymasterTest:testParsePaymasterDataNative() (gas: 33247)
OpenfortPaymasterTest:testPaymasterAddStake() (gas: 47881)
OpenfortPaymasterTest:testPaymasterUserOpERC20ValidSig() (gas: 300489)
OpenfortPaymasterTest:testPaymasterUserOpERC20ValidSigExecBatch() (gas: 341300)
OpenfortPaymasterTest:testPaymasterUserOpNativeValidSig() (gas: 230754)
OpenfortPaymasterTest:testPaymasterUserOpNativeValidSigExecBatch() (gas: 273169)
OpenfortPaymasterTest:testPaymasterUserOpWrongSig() (gas: 133317)
OpenfortPaymasterTest:testPaymasterUserOpWrongSigLength() (gas: 103571)
OpenfortPaymasterTest:testToken():(address) (gas: 2383)
Specific4337Tests:testToken():(address) (gas: 2382)
StaticOpenfortAccountTest:testChangeOwnershipAndCountDirect() (gas: 174591)
StaticOpenfortAccountTest:testChangeOwnershipAndCountEntryPoint() (gas: 323573)
StaticOpenfortAccountTest:testCreateAccountViaEntryPoint() (gas: 225651)
StaticOpenfortAccountTest:testCreateAccountViaFactory() (gas: 139646)
StaticOpenfortAccountTest:testCreateAccountViaFactoryWithNonce() (gas: 256326)
StaticOpenfortAccountTest:testFailAttackRegisterSessionKeyViaEntrypoint2ndKey() (gas: 513242)
StaticOpenfortAccountTest:testFailIncrementCounterViaSessionKeyNotregistered() (gas: 290564)
StaticOpenfortAccountTest:testFailIncrementCounterViaSessionKeyReachLimit() (gas: 422239)
StaticOpenfortAccountTest:testFailIncrementCounterViaSessionKeyReachLimitBatching() (gas: 329031)
StaticOpenfortAccountTest:testFailIncrementCounterViaSessionKeyRevoked() (gas: 170541)
StaticOpenfortAccountTest:testFailIncrementCounterViaSessionKeyWhitelistingBatch() (gas: 385559)
StaticOpenfortAccountTest:testFailIncrementCounterViaSessionKeyWhitelistingBatchWrongAddress() (gas: 352129)
StaticOpenfortAccountTest:testFailIncrementCounterViaSessionKeyWhitelistingTooBig() (gas: 147484)
StaticOpenfortAccountTest:testFailIncrementCounterViaSessionKeyWhitelistingWrongAddress() (gas: 343645)
StaticOpenfortAccountTest:testFailRevokeSessionKeyInvalidUser() (gas: 173085)
StaticOpenfortAccountTest:testIncrementCounterDirect() (gas: 166279)
StaticOpenfortAccountTest:testIncrementCounterViaEntrypoint() (gas: 317164)
StaticOpenfortAccountTest:testIncrementCounterViaEntrypointBatching() (gas: 329394)
StaticOpenfortAccountTest:testIncrementCounterViaSessionKey() (gas: 346568)
StaticOpenfortAccountTest:testIncrementCounterViaSessionKeyExpired() (gas: 316620)
StaticOpenfortAccountTest:testIncrementCounterViaSessionKeyWhitelisting() (gas: 372157)
StaticOpenfortAccountTest:testIncrementCounterViaSessionKeyWhitelistingBatch() (gas: 395178)
StaticOpenfortAccountTest:testMintTokenAccount() (gas: 346017)
StaticOpenfortAccountTest:testReceiveNativeToken() (gas: 142185)
StaticOpenfortAccountTest:testRegisterSessionKeyViaEntrypoint() (gas: 426762)
StaticOpenfortAccountTest:testRegisterSessionKeyViaEntrypoint2ndKey() (gas: 535415)
StaticOpenfortAccountTest:testSimulateValidation() (gas: 243391)
StaticOpenfortAccountTest:testToken():(address) (gas: 2404)
StaticOpenfortAccountTest:testTransferOutNativeToken() (gas: 250263)
StaticOpenfortAccountTest:testUpdateEntryPoint() (gas: 538664)
UpgradeableOpenfortAccountTest:testChangeOwnershipAndCountDirect() (gas: 233485)
UpgradeableOpenfortAccountTest:testChangeOwnershipAndCountEntryPoint() (gas: 382913)
UpgradeableOpenfortAccountTest:testCreateAccountViaEntryPoint() (gas: 294675)
UpgradeableOpenfortAccountTest:testCreateAccountViaFactory() (gas: 208224)
UpgradeableOpenfortAccountTest:testCreateAccountViaFactoryWithNonce() (gas: 378117)
UpgradeableOpenfortAccountTest:testFailAttackRegisterSessionKeyViaEntrypoint2ndKey() (gas: 573666)
UpgradeableOpenfortAccountTest:testFailIncrementCounterViaSessionKeyNotregistered() (gas: 349204)
UpgradeableOpenfortAccountTest:testFailIncrementCounterViaSessionKeyReachLimit() (gas: 481771)
UpgradeableOpenfortAccountTest:testFailIncrementCounterViaSessionKeyReachLimitBatching() (gas: 387894)
UpgradeableOpenfortAccountTest:testFailIncrementCounterViaSessionKeyRevoked() (gas: 229186)
UpgradeableOpenfortAccountTest:testFailIncrementCounterViaSessionKeyWhitelistingBatchWrongAddress() (gas: 411058)
UpgradeableOpenfortAccountTest:testFailIncrementCounterViaSessionKeyWhitelistingTooBig() (gas: 205969)
UpgradeableOpenfortAccountTest:testFailIncrementCounterViaSessionKeyWhitelistingWrongAddress() (gas: 402574)
UpgradeableOpenfortAccountTest:testFailRevokeSessionKeyInvalidUser() (gas: 231730)
UpgradeableOpenfortAccountTest:testIncrementCounterDirect() (gas: 224696)
UpgradeableOpenfortAccountTest:testIncrementCounterViaEntrypoint() (gas: 376027)
UpgradeableOpenfortAccountTest:testIncrementCounterViaEntrypointBatching() (gas: 388257)
UpgradeableOpenfortAccountTest:testIncrementCounterViaSessionKey() (gas: 405632)
UpgradeableOpenfortAccountTest:testIncrementCounterViaSessionKeyExpired() (gas: 375461)
UpgradeableOpenfortAccountTest:testIncrementCounterViaSessionKeyWhitelisting() (gas: 431309)
UpgradeableOpenfortAccountTest:testIncrementCounterViaSessionKeyWhitelistingBatch() (gas: 454553)
UpgradeableOpenfortAccountTest:testMintTokenAccount() (gas: 404880)
UpgradeableOpenfortAccountTest:testReceiveNativeToken() (gas: 200621)
UpgradeableOpenfortAccountTest:testRegisterSessionKeyViaEntrypoint() (gas: 486495)
UpgradeableOpenfortAccountTest:testRegisterSessionKeyViaEntrypoint2ndKey() (gas: 596018)
UpgradeableOpenfortAccountTest:testSimulateValidation() (gas: 301808)
UpgradeableOpenfortAccountTest:testToken():(address) (gas: 2404)
UpgradeableOpenfortAccountTest:testTransferOutNativeToken() (gas: 309145)
UpgradeableOpenfortAccountTest:testUpdateEntryPoint() (gas: 943241)
UpgradeableOpenfortAccountTest:testUpgradeAccount() (gas: 2475320)