
Running 1 test for test/foundry/4337/Specific4337Tests.t.sol:Specific4337Tests
[32m[PASS][0m testToken() (gas: 2404)
Test result: [32mok[0m. [32m1[0m passed; [31m0[0m failed; [33m0[0m skipped; finished in 1.72ms

Running 27 tests for test/foundry/core/managed/ManagedOpenfortAccountTest.t.sol:ManagedOpenfortAccountTest
[32m[PASS][0m testChangeOwnershipAndCountDirect() (gas: 74451)
[32m[PASS][0m testChangeOwnershipAndCountEntryPoint() (gas: 251044)
[32m[PASS][0m testCreateAccountViaEntryPoint() (gas: 403487)
[32m[PASS][0m testCreateAccountWithNonceViaFactory() (gas: 301572)
[32m[PASS][0m testFailIncrementCounterViaSessionKeyNotregistered() (gas: 220299)
[32m[PASS][0m testFailIncrementCounterViaSessionKeyReachLimit() (gas: 374924)
[32m[PASS][0m testFailIncrementCounterViaSessionKeyReachLimitBatching() (gas: 270326)
[32m[PASS][0m testFailIncrementCounterViaSessionKeyRevoked() (gas: 81832)
[32m[PASS][0m testFailIncrementCounterViaSessionKeyWhitelistingBatch() (gas: 328842)
[32m[PASS][0m testFailIncrementCounterViaSessionKeyWhitelistingBatchWrongAddress() (gas: 292889)
[32m[PASS][0m testFailIncrementCounterViaSessionKeyWhitelistingTooBig() (gas: 34737)
[32m[PASS][0m testFailIncrementCounterViaSessionKeyWhitelistingWrongAddress() (gas: 283942)
[32m[PASS][0m testFailRegisterSessionKeyViaEntrypoint2ndKey() (gas: 479693)
[32m[PASS][0m testFailRevokeSessionKeyInvalidUser() (gas: 84376)
[32m[PASS][0m testIncrementCounterDirect() (gas: 53633)
[32m[PASS][0m testIncrementCounterViaEntrypoint() (gas: 251465)
[32m[PASS][0m testIncrementCounterViaEntrypointBatching() (gas: 264050)
[32m[PASS][0m testIncrementCounterViaSessionKey() (gas: 293328)
[32m[PASS][0m testIncrementCounterViaSessionKeyExpired() (gas: 259183)
[32m[PASS][0m testIncrementCounterViaSessionKeyWhitelisting() (gas: 316800)
[32m[PASS][0m testIncrementCounterViaSessionKeyWhitelistingBatch() (gas: 341790)
[32m[PASS][0m testMintTokenAccount() (gas: 280183)
[32m[PASS][0m testReceiveNativeToken() (gas: 27528)
[32m[PASS][0m testRegisterSessionKeyViaEntrypoint() (gas: 397877)
[32m[PASS][0m testSimulateValidation() (gas: 389322)
[32m[PASS][0m testTransferOutNativeToken() (gas: 165373)
[32m[PASS][0m testUpgradeTo() (gas: 2641914)
Test result: [32mok[0m. [32m27[0m passed; [31m0[0m failed; [33m0[0m skipped; finished in 25.25ms

Running 11 tests for test/foundry/core/eip6551/EIP6551OpenfortAccountTest.t.sol:EIP6551OpenfortAccountTest
[32m[PASS][0m testCreate2ndAcc() (gas: 208754)
[32m[PASS][0m testCreateAccInitializer() (gas: 22868)
[32m[PASS][0m testCreateAccountWithNonceViaRegistry() (gas: 97697)
[32m[PASS][0m testERC6551Deploy() (gas: 81959)
[32m[PASS][0m testFailCreateAccInitializerNoReinit() (gas: 23223)
[32m[PASS][0m testFailInitializeImplementation() (gas: 10192)
[32m[PASS][0m testFailReinitialize() (gas: 12874)
[32m[PASS][0m testGetDeposit() (gas: 69509)
[32m[PASS][0m testImplementationNoEntryPointAddr() (gas: 7830)
[32m[PASS][0m testNotOwner() (gas: 55688)
[32m[PASS][0m testOwner() (gas: 20505)
Test result: [32mok[0m. [32m11[0m passed; [31m0[0m failed; [33m0[0m skipped; finished in 26.33ms

Running 31 tests for test/foundry/core/upgradeable/UpgradeableOpenfortAccountTest.t.sol:UpgradeableOpenfortAccountTest
[32m[PASS][0m testChangeOwnershipAndCountDirect() (gas: 73206)
[32m[PASS][0m testChangeOwnershipAndCountEntryPoint() (gas: 247729)
[32m[PASS][0m testCreateAccountViaEntryPoint() (gas: 384537)
[32m[PASS][0m testCreateAccountWithNonceViaFactory() (gas: 282519)
[32m[PASS][0m testFailAttackRegisterSessionKeyViaEntrypoint2ndKey() (gas: 312280)
[32m[PASS][0m testFailIncrementCounterViaSessionKeyNotregistered() (gas: 214516)
[32m[PASS][0m testFailIncrementCounterViaSessionKeyReachLimit() (gas: 369638)
[32m[PASS][0m testFailIncrementCounterViaSessionKeyReachLimitBatching() (gas: 266411)
[32m[PASS][0m testFailIncrementCounterViaSessionKeyRevoked() (gas: 78150)
[32m[PASS][0m testFailIncrementCounterViaSessionKeyWhitelistingBatchWrongAddress() (gas: 289083)
[32m[PASS][0m testFailIncrementCounterViaSessionKeyWhitelistingTooBig() (gas: 31605)
[32m[PASS][0m testFailIncrementCounterViaSessionKeyWhitelistingWrongAddress() (gas: 280116)
[32m[PASS][0m testFailIsValidSignature() (gas: 53481)
[32m[PASS][0m testFailIsValidSignatureMessage() (gas: 53571)
[32m[PASS][0m testFailRegisterSessionKeyViaEntrypoint2ndKey() (gas: 471146)
[32m[PASS][0m testFailRevokeSessionKeyInvalidUser() (gas: 80694)
[32m[PASS][0m testIncrementCounterDirect() (gas: 50457)
[32m[PASS][0m testIncrementCounterViaEntrypoint() (gas: 244984)
[32m[PASS][0m testIncrementCounterViaEntrypointBatching() (gas: 257811)
[32m[PASS][0m testIncrementCounterViaSessionKey() (gas: 288914)
[32m[PASS][0m testIncrementCounterViaSessionKeyExpired() (gas: 255246)
[32m[PASS][0m testIncrementCounterViaSessionKeyWhitelisting() (gas: 312209)
[32m[PASS][0m testIncrementCounterViaSessionKeyWhitelistingBatch() (gas: 336560)
[32m[PASS][0m testMintTokenAccount() (gas: 273724)
[32m[PASS][0m testReceiveNativeToken() (gas: 22294)
[32m[PASS][0m testRegisterSessionKeyViaEntrypoint() (gas: 390069)
[32m[PASS][0m testSimulateValidation() (gas: 133659)
[32m[PASS][0m testTransferOutNativeToken() (gas: 161211)
[32m[PASS][0m testUpdateEntryPoint() (gas: 810843)
[32m[PASS][0m testUpgradeAccount() (gas: 2597014)
[32m[PASS][0m testisValidSignatureTyped() (gas: 56494)
Test result: [32mok[0m. [32m31[0m passed; [31m0[0m failed; [33m0[0m skipped; finished in 26.70ms

Running 58 tests for test/foundry/core/recoverable/RecoverableOpenfortAccountTest.t.sol:RecoverableOpenfortAccountTest
[32m[PASS][0m test3GuardiansCompleteRecovery() (gas: 278772)
[32m[PASS][0m test3GuardiansFailCompleteRecovery() (gas: 302182)
[32m[PASS][0m test3GuardiansUnorderedCompleteRecovery() (gas: 304677)
[32m[PASS][0m test4GuardiansNoDefaultCompleteRecovery() (gas: 470153)
[32m[PASS][0m testAddEOAGuardian() (gas: 130359)
[32m[PASS][0m testAddEOAGuardianCancel() (gas: 61181)
[32m[PASS][0m testAddEOAGuardianDuplicatedPorposal() (gas: 121239)
[32m[PASS][0m testAddEOAGuardianExpired() (gas: 73211)
[32m[PASS][0m testAddEOAGuardianExpiredThenReAdd() (gas: 140403)
[32m[PASS][0m testAddMultipleEOAGuardians() (gas: 446567)
[32m[PASS][0m testAddOwnerAsGuardianNotAllowed() (gas: 50261)
[32m[PASS][0m testBasicChecksCompleteRecovery() (gas: 95609)
[32m[PASS][0m testBasicCompleteRecovery() (gas: 96965)
[32m[PASS][0m testCancelRecovery() (gas: 92020)
[32m[PASS][0m testCancelRevokeGuardian() (gas: 143302)
[32m[PASS][0m testChangeOwnershipAndCountDirect() (gas: 69051)
[32m[PASS][0m testChangeOwnershipAndCountEntryPoint() (gas: 252176)
[32m[PASS][0m testCreateAccountViaEntryPoint() (gas: 549754)
[32m[PASS][0m testCreateAccountWithNonceViaFactory() (gas: 448627)
[32m[PASS][0m testCreateWrongAccount() (gas: 103051)
[32m[PASS][0m testCreateWrongFactory() (gas: 48924)
[32m[PASS][0m testFailIncrementCounterViaSessionKeyNotregistered() (gas: 214613)
[32m[PASS][0m testFailIncrementCounterViaSessionKeyReachLimit() (gas: 369811)
[32m[PASS][0m testFailIncrementCounterViaSessionKeyReachLimitBatching() (gas: 266582)
[32m[PASS][0m testFailIncrementCounterViaSessionKeyRevoked() (gas: 78218)
[32m[PASS][0m testFailIncrementCounterViaSessionKeyWhitelistingBatchWrongAddress() (gas: 289145)
[32m[PASS][0m testFailIncrementCounterViaSessionKeyWhitelistingTooBig() (gas: 31650)
[32m[PASS][0m testFailIncrementCounterViaSessionKeyWhitelistingWrongAddress() (gas: 280191)
[32m[PASS][0m testFailRegisterSessionKeyViaEntrypoint2ndKey() (gas: 471416)
[32m[PASS][0m testFailRevokeSessionKeyInvalidUser() (gas: 80762)
[32m[PASS][0m testIncrementCounterDirect() (gas: 50479)
[32m[PASS][0m testIncrementCounterViaEntrypoint() (gas: 245148)
[32m[PASS][0m testIncrementCounterViaEntrypointBatching() (gas: 258005)
[32m[PASS][0m testIncrementCounterViaSessionKey() (gas: 288923)
[32m[PASS][0m testIncrementCounterViaSessionKeyExpired() (gas: 255388)
[32m[PASS][0m testIncrementCounterViaSessionKeyWhitelisting() (gas: 312351)
[32m[PASS][0m testIncrementCounterViaSessionKeyWhitelistingBatch() (gas: 336708)
[32m[PASS][0m testLockAccount() (gas: 57950)
[32m[PASS][0m testMessingUpWithGuardianRegister() (gas: 173489)
[32m[PASS][0m testMintTokenAccount() (gas: 273888)
[32m[PASS][0m testReceiveNativeToken() (gas: 22317)
[32m[PASS][0m testRegisterSessionKeyViaEntrypoint() (gas: 390242)
[32m[PASS][0m testRevokeAllGuardians() (gas: 184050)
[32m[PASS][0m testRevokeDefaultGuardian() (gas: 149392)
[32m[PASS][0m testRevokeDefaultGuardianAndAddBack() (gas: 102843)
[32m[PASS][0m testRevokeEOAGuardianDuplicatedPorposal() (gas: 132586)
[32m[PASS][0m testRevokeEOAGuardianExpired() (gas: 142699)
[32m[PASS][0m testRevokeGuardian() (gas: 138904)
[32m[PASS][0m testSimulateValidation() (gas: 133756)
[32m[PASS][0m testStartRecovery() (gas: 97714)
[32m[PASS][0m testStartRecoveryTwice() (gas: 87247)
[32m[PASS][0m testStubFakeMockTempisGuardian() (gas: 12844)
[32m[PASS][0m testToken() (gas: 2470)
[32m[PASS][0m testTransferOutNativeToken() (gas: 161198)
[32m[PASS][0m testTransferOwner() (gas: 50660)
[32m[PASS][0m testTransferOwnerNotGuardian() (gas: 110512)
[32m[PASS][0m testUnlockAccount() (gas: 48731)
[32m[PASS][0m testUpdateEntryPoint() (gas: 1124342)
Test result: [32mok[0m. [32m58[0m passed; [31m0[0m failed; [33m0[0m skipped; finished in 26.36ms

Running 27 tests for test/foundry/paymaster/OpenfortPaymasterV2Test.t.sol:OpenfortPaymasterV2Test
[32m[PASS][0m testAcceptOwnershipBasic() (gas: 44086)
[32m[PASS][0m testAcceptOwnershipComplex() (gas: 111339)
[32m[PASS][0m testDepositsToPaymaster() (gas: 231360)
[32m[PASS][0m testFailDeposit() (gas: 19320)
[32m[PASS][0m testFailPaymasterUserOpERC20ValidSigExecBatchInsufficientERC20() (gas: 334989)
[32m[PASS][0m testFailPaymasterUserOpERC20ValidSigSmallApprove() (gas: 299377)
[32m[PASS][0m testInitialParameters() (gas: 13783)
[32m[PASS][0m testParsePaymasterDataERC20() (gas: 43014)
[32m[PASS][0m testParsePaymasterDataNative() (gas: 37001)
[32m[PASS][0m testPaymasterStake() (gas: 72146)
[32m[PASS][0m testPaymasterUserOpERC20FixedExpensiveValidSigExecBatch() (gas: 358331)
[32m[PASS][0m testPaymasterUserOpERC20FixedValidSig() (gas: 319785)
[32m[PASS][0m testPaymasterUserOpERC20FixedValidSigDepositor() (gas: 399810)
[32m[PASS][0m testPaymasterUserOpERC20FixedValidSigExecBatch() (gas: 358354)
[32m[PASS][0m testPaymasterUserOpERC20ValidSig() (gas: 319823)
[32m[PASS][0m testPaymasterUserOpERC20ValidSigDepositor() (gas: 399870)
[32m[PASS][0m testPaymasterUserOpERC20ValidSigDiffMaxPriorityFeePerGas() (gas: 320110)
[32m[PASS][0m testPaymasterUserOpERC20ValidSigExecBatch() (gas: 358389)
[32m[PASS][0m testPaymasterUserOpNativeValidSig() (gas: 252384)
[32m[PASS][0m testPaymasterUserOpNativeValidSigDEPOSITOR() (gas: 345378)
[32m[PASS][0m testPaymasterUserOpNativeValidSigExecBatch() (gas: 292097)
[32m[PASS][0m testPaymasterUserOpNativeWrongUserSig() (gas: 182681)
[32m[PASS][0m testPaymasterUserOpWrongSig() (gas: 123295)
[32m[PASS][0m testPaymasterUserOpWrongSigLength() (gas: 119272)
[32m[PASS][0m testSetPostOpGas() (gas: 28167)
[32m[PASS][0m testToken() (gas: 2471)
[32m[PASS][0m test_requireFromEntryPoint() (gas: 42885)
Test result: [32mok[0m. [32m27[0m passed; [31m0[0m failed; [33m0[0m skipped; finished in 27.62ms
| ERC6551Registry contract |                 |       |        |       |         |
|--------------------------|-----------------|-------|--------|-------|---------|
| Deployment Cost          | Deployment Size |       |        |       |         |
| 0                        | 0               |       |        |       |         |
| Function Name            | min             | avg   | median | max   | # calls |
| createAccount            | 72709           | 72709 | 72709  | 72709 | 2       |


| EntryPoint contract         |                 |       |        |       |         |
|-----------------------------|-----------------|-------|--------|-------|---------|
| Deployment Cost             | Deployment Size |       |        |       |         |
| 0                           | 0               |       |        |       |         |
| Function Name               | min             | avg   | median | max   | # calls |
| _validateSenderAndPaymaster | 1149            | 1149  | 1149   | 1149  | 1       |
| depositTo                   | 24580           | 24580 | 24580  | 24580 | 1       |
| getNonce                    | 2810            | 2810  | 2810   | 2810  | 1       |
| getUserOpHash               | 2181            | 2181  | 2181   | 2181  | 3       |
| handleOps                   | 96783           | 96783 | 96783  | 96783 | 1       |
| innerHandleOp               | 29434           | 29434 | 29434  | 29434 | 1       |
| simulateValidation          | 51486           | 51486 | 51486  | 51486 | 1       |


| contracts/core/eip6551/EIP6551OpenfortAccount.sol:EIP6551OpenfortAccount contract |                 |       |        |        |         |
|-----------------------------------------------------------------------------------|-----------------|-------|--------|--------|---------|
| Deployment Cost                                                                   | Deployment Size |       |        |        |         |
| 2394975                                                                           | 12125           |       |        |        |         |
| Function Name                                                                     | min             | avg   | median | max    | # calls |
| addDeposit                                                                        | 10047           | 10047 | 10047  | 10047  | 1       |
| entryPoint                                                                        | 420             | 1753  | 2420   | 2420   | 3       |
| getDeposit                                                                        | 1457            | 3623  | 1457   | 7957   | 3       |
| initialize                                                                        | 2897            | 96529 | 119938 | 119938 | 15      |
| onERC721Received                                                                  | 839             | 839   | 839    | 839    | 11      |
| owner                                                                             | 1982            | 2882  | 1982   | 6482   | 5       |


| contracts/core/managed/ManagedOpenfortAccount.sol:ManagedOpenfortAccount contract |                 |        |        |        |         |
|-----------------------------------------------------------------------------------|-----------------|--------|--------|--------|---------|
| Deployment Cost                                                                   | Deployment Size |        |        |        |         |
| 2226983                                                                           | 11286           |        |        |        |         |
| Function Name                                                                     | min             | avg    | median | max    | # calls |
| acceptOwnership                                                                   | 4254            | 4254   | 4254   | 4254   | 2       |
| entryPoint                                                                        | 302             | 302    | 302    | 302    | 1       |
| execute                                                                           | 3634            | 19918  | 21608  | 32834  | 13      |
| executeBatch                                                                      | 25580           | 25580  | 25580  | 25580  | 2       |
| initialize                                                                        | 100252          | 100252 | 100252 | 100252 | 30      |
| owner                                                                             | 436             | 1436   | 1436   | 2436   | 2       |
| receive                                                                           | 55              | 55     | 55     | 55     | 2       |
| registerSessionKey                                                                | 3376            | 54010  | 49557  | 72146  | 14      |
| revokeSessionKey                                                                  | 662             | 662    | 662    | 662    | 2       |
| sessionKeys                                                                       | 1054            | 1054   | 1054   | 1054   | 2       |
| transferOwnership                                                                 | 739             | 17259  | 24519  | 26519  | 3       |
| validateUserOp                                                                    | 9487            | 12781  | 11749  | 21144  | 45      |


| contracts/core/managed/ManagedOpenfortFactory.sol:ManagedOpenfortFactory contract |                 |        |        |        |         |
|-----------------------------------------------------------------------------------|-----------------|--------|--------|--------|---------|
| Deployment Cost                                                                   | Deployment Size |        |        |        |         |
| 868245                                                                            | 4625            |        |        |        |         |
| Function Name                                                                     | min             | avg    | median | max    | # calls |
| accountImplementation                                                             | 402             | 402    | 402    | 402    | 1       |
| addStake                                                                          | 2519            | 23742  | 9778   | 58930  | 3       |
| createAccountWithNonce                                                            | 7453            | 248199 | 257219 | 261719 | 32      |
| getAddressWithNonce                                                               | 7027            | 7027   | 7027   | 7027   | 4       |
| implementation                                                                    | 319             | 770    | 319    | 2319   | 155     |
| upgradeTo                                                                         | 2634            | 4783   | 4783   | 6933   | 2       |


| contracts/core/managed/OpenfortBeaconProxy.sol:OpenfortBeaconProxy contract |                 |       |        |       |         |
|-----------------------------------------------------------------------------|-----------------|-------|--------|-------|---------|
| Deployment Cost                                                             | Deployment Size |       |        |       |         |
| 162424                                                                      | 2010            |       |        |       |         |
| Function Name                                                               | min             | avg   | median | max   | # calls |
| acceptOwnership                                                             | 5187            | 5187  | 5187   | 5187  | 2       |
| entryPoint                                                                  | 1471            | 1471  | 1471   | 1471  | 3       |
| execute                                                                     | 4812            | 21794 | 22792  | 34012 | 13      |
| executeBatch                                                                | 26860           | 26860 | 26860  | 26860 | 2       |
| implementation                                                              | 1079            | 2079  | 2079   | 3079  | 2       |
| owner                                                                       | 1605            | 7105  | 7105   | 12605 | 2       |
| receive                                                                     | 10188           | 10188 | 10188  | 10188 | 2       |
| registerSessionKey                                                          | 13645           | 62922 | 59747  | 82342 | 14      |
| revokeSessionKey                                                            | 1835            | 1835  | 1835   | 1835  | 2       |
| sessionKeys                                                                 | 2244            | 2244  | 2244   | 2244  | 2       |
| transferOwnership                                                           | 1921            | 21432 | 25688  | 36688 | 3       |
| validateUserOp                                                              | 10807           | 17024 | 16281  | 24304 | 45      |


| contracts/core/recoverable/OpenfortRecoverableProxy.sol:OpenfortRecoverableProxy contract |                 |       |        |       |         |
|-------------------------------------------------------------------------------------------|-----------------|-------|--------|-------|---------|
| Deployment Cost                                                                           | Deployment Size |       |        |       |         |
| 364257                                                                                    | 1694            |       |        |       |         |
| Function Name                                                                             | min             | avg   | median | max   | # calls |
| acceptOwnership                                                                           | 4565            | 4565  | 4565   | 4565  | 3       |
| cancelGuardianProposal                                                                    | 1148            | 1660  | 1660   | 2173  | 2       |
| cancelGuardianRevocation                                                                  | 1258            | 1759  | 1759   | 2261  | 2       |
| cancelRecovery                                                                            | 3060            | 3844  | 3844   | 4628  | 2       |
| completeRecovery                                                                          | 1294            | 10755 | 10955  | 20133 | 9       |
| confirmGuardianProposal                                                                   | 1185            | 43455 | 54452  | 59892 | 35      |
| confirmGuardianRevocation                                                                 | 1080            | 4547  | 1535   | 15312 | 17      |
| eip712Domain                                                                              | 3588            | 8388  | 11588  | 11588 | 10      |
| entryPoint                                                                                | 943             | 943   | 943    | 943   | 2       |
| execute                                                                                   | 4158            | 21015 | 22138  | 33358 | 12      |
| executeBatch                                                                              | 26383           | 26383 | 26383  | 26383 | 2       |
| getGuardians                                                                              | 10469           | 10469 | 10469  | 10469 | 4       |
| getLock                                                                                   | 895             | 930   | 895    | 1000  | 6       |
| guardianCount                                                                             | 882             | 2326  | 882    | 7382  | 45      |
| isGuardian                                                                                | 1139            | 1326  | 1139   | 3139  | 32      |
| isGuardianOrGuardianSigner                                                                | 5394            | 5394  | 5394   | 5394  | 1       |
| isLocked                                                                                  | 838             | 1403  | 838    | 7338  | 23      |
| lock                                                                                      | 1158            | 11998 | 3033   | 26383 | 5       |
| owner                                                                                     | 893             | 1143  | 893    | 2893  | 8       |
| proposeGuardian                                                                           | 1755            | 25694 | 27686  | 38186 | 39      |
| receive                                                                                   | 4976            | 4976  | 4976   | 4976  | 2       |
| registerSessionKey                                                                        | 10491           | 58659 | 56593  | 79188 | 13      |
| revokeGuardian                                                                            | 1235            | 14308 | 23331  | 31331 | 19      |
| revokeSessionKey                                                                          | 1352            | 1352  | 1352   | 1352  | 2       |
| sessionKeys                                                                               | 1472            | 1472  | 1472   | 1472  | 1       |
| startRecovery                                                                             | 1145            | 43039 | 55354  | 63954 | 13      |
| transferOwnership                                                                         | 1295            | 24217 | 35892  | 35892 | 5       |
| unlock                                                                                    | 1112            | 1970  | 1808   | 2990  | 3       |
| updateEntryPoint                                                                          | 1199            | 1773  | 1236   | 2884  | 3       |
| validateUserOp                                                                            | 10518           | 15652 | 15345  | 21472 | 41      |


| contracts/core/recoverable/RecoverableOpenfortAccount.sol:RecoverableOpenfortAccount contract |                 |        |        |        |         |
|-----------------------------------------------------------------------------------------------|-----------------|--------|--------|--------|---------|
| Deployment Cost                                                                               | Deployment Size |        |        |        |         |
| 3780368                                                                                       | 19087           |        |        |        |         |
| Function Name                                                                                 | min             | avg    | median | max    | # calls |
| acceptOwnership                                                                               | 4202            | 4202   | 4202   | 4202   | 3       |
| cancelGuardianProposal                                                                        | 675             | 1241   | 1241   | 1808   | 2       |
| cancelGuardianRevocation                                                                      | 785             | 1340   | 1340   | 1896   | 2       |
| cancelRecovery                                                                                | 2590            | 3427   | 3427   | 4264   | 2       |
| completeRecovery                                                                              | 800             | 10285  | 10431  | 19717  | 9       |
| confirmGuardianProposal                                                                       | 724             | 43068  | 54086  | 59526  | 35      |
| confirmGuardianRevocation                                                                     | 619             | 4125   | 1074   | 14946  | 17      |
| eip712Domain                                                                                  | 3071            | 7871   | 11071  | 11071  | 10      |
| entryPoint                                                                                    | 486             | 486    | 486    | 486    | 2       |
| execute                                                                                       | 3686            | 20162  | 21660  | 32886  | 12      |
| executeBatch                                                                                  | 25809           | 25809  | 25809  | 25809  | 2       |
| getGuardians                                                                                  | 5506            | 5506   | 5506   | 5506   | 4       |
| getLock                                                                                       | 438             | 473    | 438    | 543    | 6       |
| guardianCount                                                                                 | 425             | 869    | 425    | 2425   | 45      |
| initialize                                                                                    | 23478           | 280685 | 284902 | 284902 | 62      |
| isGuardian                                                                                    | 679             | 866    | 679    | 2679   | 32      |
| isGuardianOrGuardianSigner                                                                    | 434             | 434    | 434    | 434    | 1       |
| isLocked                                                                                      | 381             | 554    | 381    | 2381   | 23      |
| lock                                                                                          | 700             | 11541  | 2575   | 25929  | 5       |
| owner                                                                                         | 436             | 686    | 436    | 2436   | 8       |
| proposeGuardian                                                                               | 1294            | 24543  | 27229  | 33229  | 39      |
| receive                                                                                       | 55              | 55     | 55     | 55     | 2       |
| registerSessionKey                                                                            | 5428            | 54360  | 51609  | 74198  | 13      |
| revokeGuardian                                                                                | 762             | 13847  | 22874  | 30874  | 19      |
| revokeSessionKey                                                                              | 891             | 891    | 891    | 891    | 2       |
| sessionKeys                                                                                   | 988             | 988    | 988    | 988    | 1       |
| startRecovery                                                                                 | 684             | 40158  | 54897  | 58997  | 13      |
| transferOwnership                                                                             | 834             | 20156  | 30935  | 30935  | 5       |
| unlock                                                                                        | 654             | 1543   | 1445   | 2532   | 3       |
| updateEntryPoint                                                                              | 738             | 1309   | 763    | 2427   | 3       |
| validateUserOp                                                                                | 9892            | 13591  | 13861  | 17838  | 41      |


| contracts/core/recoverable/RecoverableOpenfortFactory.sol:RecoverableOpenfortFactory contract |                 |        |        |        |         |
|-----------------------------------------------------------------------------------------------|-----------------|--------|--------|--------|---------|
| Deployment Cost                                                                               | Deployment Size |        |        |        |         |
| 660500                                                                                        | 4104            |        |        |        |         |
| Function Name                                                                                 | min             | avg    | median | max    | # calls |
| createAccountWithNonce                                                                        | 7232            | 400546 | 406912 | 409412 | 62      |
| getAddressWithNonce                                                                           | 6785            | 6785   | 6785   | 6785   | 4       |


| contracts/core/upgradeable/OpenfortUpgradeableProxy.sol:OpenfortUpgradeableProxy contract |                 |       |        |       |         |
|-------------------------------------------------------------------------------------------|-----------------|-------|--------|-------|---------|
| Deployment Cost                                                                           | Deployment Size |       |        |       |         |
| 200100                                                                                    | 1534            |       |        |       |         |
| Function Name                                                                             | min             | avg   | median | max   | # calls |
| acceptOwnership                                                                           | 4583            | 4583  | 4583   | 4583  | 2       |
| eip712Domain                                                                              | 3499            | 9749  | 9749   | 15999 | 2       |
| entryPoint                                                                                | 759             | 1364  | 899    | 2899  | 4       |
| execute                                                                                   | 2379            | 22199 | 24355  | 33358 | 21      |
| executeBatch                                                                              | 26317           | 43493 | 48964  | 55964 | 7       |
| implementation                                                                            | 335             | 335   | 335    | 335   | 2       |
| isValidSignature                                                                          | 9743            | 16941 | 20541  | 20541 | 3       |
| owner                                                                                     | 7415            | 7415  | 7415   | 7415  | 1       |
| receive                                                                                   | 4976            | 4976  | 4976   | 4976  | 2       |
| registerSessionKey                                                                        | 10535           | 58703 | 56637  | 79232 | 13      |
| revokeSessionKey                                                                          | 1263            | 1263  | 1263   | 1263  | 2       |
| sessionKeys                                                                               | 1472            | 1472  | 1472   | 1472  | 1       |
| transferOwnership                                                                         | 7712            | 23554 | 31476  | 31476 | 3       |
| updateEntryPoint                                                                          | 1192            | 2016  | 2016   | 2840  | 2       |
| upgradeTo                                                                                 | 1431            | 5170  | 5170   | 8909  | 2       |
| validateUserOp                                                                            | 10452           | 16600 | 18909  | 21597 | 61      |


| contracts/core/upgradeable/UpgradeableOpenfortAccount.sol:UpgradeableOpenfortAccount contract |                 |        |        |        |         |
|-----------------------------------------------------------------------------------------------|-----------------|--------|--------|--------|---------|
| Deployment Cost                                                                               | Deployment Size |        |        |        |         |
| 2708230                                                                                       | 13733           |        |        |        |         |
| Function Name                                                                                 | min             | avg    | median | max    | # calls |
| acceptOwnership                                                                               | 4220            | 4220   | 4220   | 4220   | 2       |
| eip712Domain                                                                                  | 2982            | 6982   | 6982   | 10982  | 2       |
| entryPoint                                                                                    | 442             | 1108   | 442    | 2442   | 3       |
| execute                                                                                       | 1876            | 21503  | 23877  | 32886  | 21      |
| executeBatch                                                                                  | 25743           | 42932  | 48408  | 55408  | 7       |
| initialize                                                                                    | 123977          | 123977 | 123977 | 123977 | 61      |
| isValidSignature                                                                              | 9256            | 13454  | 15554  | 15554  | 3       |
| owner                                                                                         | 2458            | 2458   | 2458   | 2458   | 1       |
| receive                                                                                       | 55              | 55     | 55     | 55     | 2       |
| registerSessionKey                                                                            | 5472            | 54404  | 51653  | 74242  | 13      |
| revokeSessionKey                                                                              | 802             | 802    | 802    | 802    | 2       |
| sessionKeys                                                                                   | 988             | 988    | 988    | 988    | 1       |
| transferOwnership                                                                             | 2739            | 18592  | 26519  | 26519  | 3       |
| updateEntryPoint                                                                              | 719             | 1551   | 1551   | 2383   | 2       |
| upgradeTo                                                                                     | 958             | 4705   | 4705   | 8452   | 2       |
| validateUserOp                                                                                | 9826            | 13662  | 13826  | 17772  | 61      |


| contracts/core/upgradeable/UpgradeableOpenfortFactory.sol:UpgradeableOpenfortFactory contract |                 |        |        |        |         |
|-----------------------------------------------------------------------------------------------|-----------------|--------|--------|--------|---------|
| Deployment Cost                                                                               | Deployment Size |        |        |        |         |
| 515288                                                                                        | 2906            |        |        |        |         |
| Function Name                                                                                 | min             | avg    | median | max    | # calls |
| addDeposit                                                                                    | 10210           | 10210  | 10210  | 10210  | 1       |
| createAccountWithNonce                                                                        | 6266            | 239978 | 243728 | 246228 | 62      |
| entryPoint                                                                                    | 586             | 2836   | 2836   | 5086   | 2       |
| getAddressWithNonce                                                                           | 5817            | 5817   | 5817   | 5817   | 4       |
| getDeposit                                                                                    | 1623            | 4623   | 1623   | 10623  | 3       |
| initialize                                                                                    | 5589            | 103925 | 120107 | 122607 | 14      |
| onERC721Received                                                                              | 1035            | 1035   | 1035   | 1035   | 11      |
| owner                                                                                         | 2148            | 4048   | 2148   | 9148   | 5       |


| contracts/mock/MockERC20.sol:MockERC20 contract |                 |       |        |       |         |
|-------------------------------------------------|-----------------|-------|--------|-------|---------|
| Deployment Cost                                 | Deployment Size |       |        |       |         |
| 519048                                          | 2848            |       |        |       |         |
| Function Name                                   | min             | avg   | median | max   | # calls |
| mint                                            | 2805            | 23705 | 23705  | 44605 | 4       |
| totalSupply                                     | 326             | 992   | 326    | 2326  | 6       |


| contracts/mock/MockERC721.sol:MockERC721 contract |                 |       |        |       |         |
|---------------------------------------------------|-----------------|-------|--------|-------|---------|
| Deployment Cost                                   | Deployment Size |       |        |       |         |
| 1019557                                           | 5375            |       |        |       |         |
| Function Name                                     | min             | avg   | median | max   | # calls |
| mint                                              | 49399           | 49399 | 49399  | 49399 | 11      |
| ownerOf                                           | 536             | 821   | 536    | 2536  | 7       |
| transferFrom                                      | 33314           | 33314 | 33314  | 33314 | 1       |


| contracts/mock/MockV2ManagedOpenfortAccount.sol:MockV2ManagedOpenfortAccount contract |                 |       |        |       |         |
|---------------------------------------------------------------------------------------|-----------------|-------|--------|-------|---------|
| Deployment Cost                                                                       | Deployment Size |       |        |       |         |
| 2087422                                                                               | 10589           |       |        |       |         |
| Function Name                                                                         | min             | avg   | median | max   | # calls |
| entryPoint                                                                            | 302             | 302   | 302    | 302   | 2       |
| initialize                                                                            | 50379           | 50379 | 50379  | 50379 | 1       |


| contracts/mock/MockV2UpgradeableOpenfortAccount.sol:MockV2UpgradeableOpenfortAccount contract |                 |     |        |     |         |
|-----------------------------------------------------------------------------------------------|-----------------|-----|--------|-----|---------|
| Deployment Cost                                                                               | Deployment Size |     |        |     |         |
| 2519811                                                                                       | 12792           |     |        |     |         |
| Function Name                                                                                 | min             | avg | median | max | # calls |
| entryPoint                                                                                    | 302             | 302 | 302    | 302 | 1       |
| proxiableUUID                                                                                 | 396             | 396 | 396    | 396 | 1       |


| contracts/paymaster/OpenfortPaymasterV2.sol:OpenfortPaymasterV2 contract |                 |       |        |       |         |
|--------------------------------------------------------------------------|-----------------|-------|--------|-------|---------|
| Deployment Cost                                                          | Deployment Size |       |        |       |         |
| 1893046                                                                  | 9766            |       |        |       |         |
| Function Name                                                            | min             | avg   | median | max   | # calls |
| acceptOwnership                                                          | 5047            | 6277  | 5539   | 8247  | 3       |
| addStake                                                                 | 520             | 31538 | 32925  | 32925 | 29      |
| deposit                                                                  | 413             | 30953 | 33846  | 33846 | 30      |
| depositFor                                                               | 371             | 39752 | 55506  | 66006 | 9       |
| entryPoint                                                               | 261             | 261   | 261    | 261   | 1       |
| getDeposit                                                               | 1328            | 2016  | 1328   | 5828  | 45      |
| getDepositFor                                                            | 780             | 1633  | 1803   | 5803  | 32      |
| getHash                                                                  | 4221            | 4270  | 4239   | 4338  | 28      |
| owner                                                                    | 343             | 1787  | 2343   | 2343  | 18      |
| parsePaymasterAndData                                                    | 2111            | 2111  | 2111   | 2111  | 2       |
| postOp                                                                   | 810             | 19242 | 20570  | 35034 | 16      |
| setPostOpGas                                                             | 2516            | 4628  | 2553   | 8815  | 3       |
| transferOwnership                                                        | 671             | 16503 | 24419  | 24419 | 3       |
| unlockStake                                                              | 3412            | 3412  | 3412   | 3412  | 1       |
| validatePaymasterUserOp                                                  | 682             | 10204 | 11233  | 11880 | 17      |
| withdrawDepositorTo                                                      | 481             | 3187  | 746    | 10777 | 4       |
| withdrawFromDepositor                                                    | 770             | 4236  | 1015   | 10924 | 3       |
| withdrawStake                                                            | 1750            | 4128  | 1901   | 8734  | 3       |
| withdrawTo                                                               | 628             | 6030  | 3476   | 13987 | 3       |


| lib/account-abstraction/contracts/core/SenderCreator.sol:SenderCreator contract |                 |        |        |        |         |
|---------------------------------------------------------------------------------|-----------------|--------|--------|--------|---------|
| Deployment Cost                                                                 | Deployment Size |        |        |        |         |
| 99947                                                                           | 531             |        |        |        |         |
| Function Name                                                                   | min             | avg    | median | max    | # calls |
| createSender                                                                    | 244881          | 304439 | 260372 | 408065 | 3       |



 
Ran 6 test suites: [32m155[0m tests passed, [31m0[0m failed, [33m0[0m skipped (155 total tests)
