EIP6551OpenfortAccountTest:testCreate2ndAcc() (gas: 187797)
EIP6551OpenfortAccountTest:testCreateAccInitializer() (gas: 188248)
EIP6551OpenfortAccountTest:testCreateAccountWithNonceViaRegistry() (gas: 105967)
EIP6551OpenfortAccountTest:testFailCreateAccInitializerNoReinit() (gas: 188625)
EIP6551OpenfortAccountTest:testFailInitializeImplementation() (gas: 10259)
EIP6551OpenfortAccountTest:testFailReinitialize() (gas: 12963)
EIP6551OpenfortAccountTest:testGetDeposit() (gas: 69465)
EIP6551OpenfortAccountTest:testImplementationNoEntryPointAddr() (gas: 7741)
EIP6551OpenfortAccountTest:testNotOwner() (gas: 59680)
EIP6551OpenfortAccountTest:testOwner() (gas: 23145)
EIP6551OpenfortBenchmark:test1CreateEIP6551AccountInitAfter() (gas: 189966)
EIP6551OpenfortBenchmark:test1CreateEIP6551AccountInitDuringCreation() (gas: 190332)
EIP6551OpenfortBenchmark:test1CreateUpgradeableAccount() (gas: 257270)
EIP6551OpenfortBenchmark:test2OwnerEIP6551() (gas: 18868)
EIP6551OpenfortBenchmark:test2OwnerUpgradeable() (gas: 14794)
EIP6551OpenfortBenchmark:test3TransferOwnerEIP6551() (gas: 64086)
EIP6551OpenfortBenchmark:test3TransferOwnerUpgradeable() (gas: 41241)
EIP6551OpenfortBenchmark:test4TransferFundsEIP6551() (gas: 48930)
EIP6551OpenfortBenchmark:test4TransferFundsUpgradeable() (gas: 46062)
EIP6551OpenfortBenchmark:test5TransferERC20EIP6551() (gas: 57363)
EIP6551OpenfortBenchmark:test5TransferERC20Upgradeable() (gas: 54836)
EIP6551OpenfortBenchmark:test6TransferMultipleERC20EIP6551() (gas: 137076)
EIP6551OpenfortBenchmark:test6TransferMultipleERC20Upgradeable() (gas: 110266)
EIP6551OpenfortBenchmark:test7ComplexOwner() (gas: 17974)
EIP6551OpenfortBenchmark:test8TransferOwner4337Complex() (gas: 63495)
EIP6551OpenfortBenchmark:test9TransferOwnerEIP6551Complex() (gas: 83260)
EIP6551OpenfortBenchmark:test9TransferOwnerEIP6551ComplexUserOp() (gas: 262651)
EIP6551OpenfortBenchmark:testFailTransferOwnerEIP6551UserOp() (gas: 231270)
ManagedOpenfortAccountTest:testChangeOwnershipAndCountDirect() (gas: 82621)
ManagedOpenfortAccountTest:testChangeOwnershipAndCountEntryPoint() (gas: 241890)
ManagedOpenfortAccountTest:testCreateAccountViaEntryPoint() (gas: 398799)
ManagedOpenfortAccountTest:testCreateAccountWithNonceViaFactory() (gas: 301434)
ManagedOpenfortAccountTest:testFailAttackRegisterSessionKeyViaEntrypoint2ndKey() (gas: 440509)
ManagedOpenfortAccountTest:testFailIncrementCounterViaSessionKeyNotregistered() (gas: 211255)
ManagedOpenfortAccountTest:testFailIncrementCounterViaSessionKeyReachLimit() (gas: 332068)
ManagedOpenfortAccountTest:testFailIncrementCounterViaSessionKeyReachLimitBatching() (gas: 236729)
ManagedOpenfortAccountTest:testFailIncrementCounterViaSessionKeyRevoked() (gas: 58606)
ManagedOpenfortAccountTest:testFailIncrementCounterViaSessionKeyWhitelistingBatch() (gas: 294310)
ManagedOpenfortAccountTest:testFailIncrementCounterViaSessionKeyWhitelistingBatchWrongAddress() (gas: 260035)
ManagedOpenfortAccountTest:testFailIncrementCounterViaSessionKeyWhitelistingTooBig() (gas: 34620)
ManagedOpenfortAccountTest:testFailIncrementCounterViaSessionKeyWhitelistingWrongAddress() (gas: 251500)
ManagedOpenfortAccountTest:testFailRevokeSessionKeyInvalidUser() (gas: 61150)
ManagedOpenfortAccountTest:testIncrementCounterDirect() (gas: 53503)
ManagedOpenfortAccountTest:testIncrementCounterViaEntrypoint() (gas: 242384)
ManagedOpenfortAccountTest:testIncrementCounterViaEntrypointBatching() (gas: 254643)
ManagedOpenfortAccountTest:testIncrementCounterViaSessionKey() (gas: 258611)
ManagedOpenfortAccountTest:testIncrementCounterViaSessionKeyExpired() (gas: 224377)
ManagedOpenfortAccountTest:testIncrementCounterViaSessionKeyWhitelisting() (gas: 284192)
ManagedOpenfortAccountTest:testIncrementCounterViaSessionKeyWhitelistingBatch() (gas: 308521)
ManagedOpenfortAccountTest:testMintTokenAccount() (gas: 271040)
ManagedOpenfortAccountTest:testReceiveNativeToken() (gas: 27506)
ManagedOpenfortAccountTest:testRegisterSessionKeyViaEntrypoint() (gas: 357886)
ManagedOpenfortAccountTest:testRegisterSessionKeyViaEntrypoint2ndKey() (gas: 472450)
ManagedOpenfortAccountTest:testSimulateValidation() (gas: 375781)
ManagedOpenfortAccountTest:testToken():(address) (gas: 2448)
ManagedOpenfortAccountTest:testTransferOutNativeToken() (gas: 160922)
ManagedOpenfortAccountTest:testUpgradeTo() (gas: 2644209)
OpenfortPaymasterTest:testEntryPointDepositToPaymaster() (gas: 47352)
OpenfortPaymasterTest:testFailPaymasterUserOpERC20ValidSigExecBatchInsufficientERC20() (gas: 324505)
OpenfortPaymasterTest:testFailPaymasterUserOpERC20ValidSigSmallApprove() (gas: 289223)
OpenfortPaymasterTest:testInitialParameters() (gas: 13772)
OpenfortPaymasterTest:testParsePaymasterDataERC20() (gas: 40231)
OpenfortPaymasterTest:testParsePaymasterDataNative() (gas: 34365)
OpenfortPaymasterTest:testPaymasterStake() (gas: 72211)
OpenfortPaymasterTest:testPaymasterUserOpERC20FixedExpensiveValidSigExecBatch() (gas: 348129)
OpenfortPaymasterTest:testPaymasterUserOpERC20FixedValidSig() (gas: 309781)
OpenfortPaymasterTest:testPaymasterUserOpERC20FixedValidSigExecBatch() (gas: 348130)
OpenfortPaymasterTest:testPaymasterUserOpERC20ValidSig() (gas: 309811)
OpenfortPaymasterTest:testPaymasterUserOpERC20ValidSigDiffMaxPriorityFeePerGas() (gas: 310033)
OpenfortPaymasterTest:testPaymasterUserOpERC20ValidSigExecBatch() (gas: 348136)
OpenfortPaymasterTest:testPaymasterUserOpNativeValidSig() (gas: 240310)
OpenfortPaymasterTest:testPaymasterUserOpNativeValidSigExecBatch() (gas: 279771)
OpenfortPaymasterTest:testPaymasterUserOpNativeWrongUserSig() (gas: 171857)
OpenfortPaymasterTest:testPaymasterUserOpWrongSig() (gas: 113327)
OpenfortPaymasterTest:testPaymasterUserOpWrongSigLength() (gas: 109468)
OpenfortPaymasterTest:testSetPostOpGas() (gas: 28255)
OpenfortPaymasterTest:testToken():(address) (gas: 2427)
OpenfortPaymasterTest:testUpdateTokenRecipient() (gas: 31341)
OpenfortPaymasterTest:testWithdrawTo() (gas: 72635)
OpenfortPaymasterTest:test_requireFromEntryPoint() (gas: 42709)
OpenfortPaymasterV2Test:testAcceptOwnershipBasic() (gas: 44086)
OpenfortPaymasterV2Test:testAcceptOwnershipComplex() (gas: 111339)
OpenfortPaymasterV2Test:testDepositsToPaymaster() (gas: 231360)
OpenfortPaymasterV2Test:testFailDeposit() (gas: 19320)
OpenfortPaymasterV2Test:testFailPaymasterUserOpERC20ValidSigExecBatchInsufficientERC20() (gas: 327425)
OpenfortPaymasterV2Test:testFailPaymasterUserOpERC20ValidSigSmallApprove() (gas: 292034)
OpenfortPaymasterV2Test:testInitialParameters() (gas: 13783)
OpenfortPaymasterV2Test:testParsePaymasterDataERC20() (gas: 43014)
OpenfortPaymasterV2Test:testParsePaymasterDataNative() (gas: 37001)
OpenfortPaymasterV2Test:testPaymasterStake() (gas: 72146)
OpenfortPaymasterV2Test:testPaymasterUserOpERC20FixedExpensiveValidSigExecBatch() (gas: 350767)
OpenfortPaymasterV2Test:testPaymasterUserOpERC20FixedValidSig() (gas: 312442)
OpenfortPaymasterV2Test:testPaymasterUserOpERC20FixedValidSigDepositor() (gas: 392467)
OpenfortPaymasterV2Test:testPaymasterUserOpERC20FixedValidSigExecBatch() (gas: 350790)
OpenfortPaymasterV2Test:testPaymasterUserOpERC20ValidSig() (gas: 312480)
OpenfortPaymasterV2Test:testPaymasterUserOpERC20ValidSigDepositor() (gas: 392527)
OpenfortPaymasterV2Test:testPaymasterUserOpERC20ValidSigDiffMaxPriorityFeePerGas() (gas: 312767)
OpenfortPaymasterV2Test:testPaymasterUserOpERC20ValidSigExecBatch() (gas: 350825)
OpenfortPaymasterV2Test:testPaymasterUserOpNativeValidSig() (gas: 245072)
OpenfortPaymasterV2Test:testPaymasterUserOpNativeValidSigDEPOSITOR() (gas: 338066)
OpenfortPaymasterV2Test:testPaymasterUserOpNativeValidSigExecBatch() (gas: 284533)
OpenfortPaymasterV2Test:testPaymasterUserOpNativeWrongUserSig() (gas: 175610)
OpenfortPaymasterV2Test:testPaymasterUserOpWrongSig() (gas: 116224)
OpenfortPaymasterV2Test:testPaymasterUserOpWrongSigLength() (gas: 112231)
OpenfortPaymasterV2Test:testSetPostOpGas() (gas: 28167)
OpenfortPaymasterV2Test:testToken():(address) (gas: 2471)
OpenfortPaymasterV2Test:test_requireFromEntryPoint() (gas: 42885)
RecoverableOpenfortAccountTest:test3GuardiansCompleteRecovery() (gas: 283661)
RecoverableOpenfortAccountTest:test3GuardiansFailCompleteRecovery() (gas: 308248)
RecoverableOpenfortAccountTest:test3GuardiansUnorderedCompleteRecovery() (gas: 310699)
RecoverableOpenfortAccountTest:test4GuardiansNoDefaultCompleteRecovery() (gas: 479697)
RecoverableOpenfortAccountTest:testAddEOAGuardian() (gas: 133301)
RecoverableOpenfortAccountTest:testAddEOAGuardianCancel() (gas: 63876)
RecoverableOpenfortAccountTest:testAddEOAGuardianDuplicatedPorposal() (gas: 124513)
RecoverableOpenfortAccountTest:testAddEOAGuardianExpired() (gas: 76064)
RecoverableOpenfortAccountTest:testAddEOAGuardianExpiredThenReAdd() (gas: 143699)
RecoverableOpenfortAccountTest:testAddMultipleEOAGuardians() (gas: 461458)
RecoverableOpenfortAccountTest:testAddOwnerAsGuardianNotAllowed() (gas: 49835)
RecoverableOpenfortAccountTest:testBasicChecksCompleteRecovery() (gas: 95612)
RecoverableOpenfortAccountTest:testBasicCompleteRecovery() (gas: 96968)
RecoverableOpenfortAccountTest:testCancelRecovery() (gas: 91912)
RecoverableOpenfortAccountTest:testCancelRevokeGuardian() (gas: 145533)
RecoverableOpenfortAccountTest:testChangeOwnershipAndCountDirect() (gas: 68865)
RecoverableOpenfortAccountTest:testChangeOwnershipAndCountEntryPoint() (gas: 242853)
RecoverableOpenfortAccountTest:testCreateAccountViaEntryPoint() (gas: 545117)
RecoverableOpenfortAccountTest:testCreateAccountWithNonceViaFactory() (gas: 448627)
RecoverableOpenfortAccountTest:testCreateWrongAccount() (gas: 103007)
RecoverableOpenfortAccountTest:testCreateWrongFactory() (gas: 48880)
RecoverableOpenfortAccountTest:testFailAttackRegisterSessionKeyViaEntrypoint2ndKey() (gas: 430317)
RecoverableOpenfortAccountTest:testFailIncrementCounterViaSessionKeyNotregistered() (gas: 205269)
RecoverableOpenfortAccountTest:testFailIncrementCounterViaSessionKeyReachLimit() (gas: 326590)
RecoverableOpenfortAccountTest:testFailIncrementCounterViaSessionKeyReachLimitBatching() (gas: 232795)
RecoverableOpenfortAccountTest:testFailIncrementCounterViaSessionKeyRevoked() (gas: 55017)
RecoverableOpenfortAccountTest:testFailIncrementCounterViaSessionKeyWhitelistingBatchWrongAddress() (gas: 256012)
RecoverableOpenfortAccountTest:testFailIncrementCounterViaSessionKeyWhitelistingTooBig() (gas: 31584)
RecoverableOpenfortAccountTest:testFailIncrementCounterViaSessionKeyWhitelistingWrongAddress() (gas: 247382)
RecoverableOpenfortAccountTest:testFailRevokeSessionKeyInvalidUser() (gas: 57561)
RecoverableOpenfortAccountTest:testIncrementCounterDirect() (gas: 50481)
RecoverableOpenfortAccountTest:testIncrementCounterViaEntrypoint() (gas: 235892)
RecoverableOpenfortAccountTest:testIncrementCounterViaEntrypointBatching() (gas: 248137)
RecoverableOpenfortAccountTest:testIncrementCounterViaSessionKey() (gas: 253968)
RecoverableOpenfortAccountTest:testIncrementCounterViaSessionKeyExpired() (gas: 220323)
RecoverableOpenfortAccountTest:testIncrementCounterViaSessionKeyWhitelisting() (gas: 279641)
RecoverableOpenfortAccountTest:testIncrementCounterViaSessionKeyWhitelistingBatch() (gas: 303271)
RecoverableOpenfortAccountTest:testLockAccount() (gas: 57886)
RecoverableOpenfortAccountTest:testMessingUpWithGuardianRegister() (gas: 179139)
RecoverableOpenfortAccountTest:testMintTokenAccount() (gas: 264570)
RecoverableOpenfortAccountTest:testReceiveNativeToken() (gas: 22295)
RecoverableOpenfortAccountTest:testRegisterSessionKeyViaEntrypoint() (gas: 349405)
RecoverableOpenfortAccountTest:testRegisterSessionKeyViaEntrypoint2ndKey() (gas: 461671)
RecoverableOpenfortAccountTest:testRevokeAllGuardians() (gas: 186015)
RecoverableOpenfortAccountTest:testRevokeDefaultGuardian() (gas: 151568)
RecoverableOpenfortAccountTest:testRevokeDefaultGuardianAndAddBack() (gas: 105038)
RecoverableOpenfortAccountTest:testRevokeEOAGuardianDuplicatedPorposal() (gas: 134692)
RecoverableOpenfortAccountTest:testRevokeEOAGuardianExpired() (gas: 145487)
RecoverableOpenfortAccountTest:testRevokeGuardian() (gas: 140903)
RecoverableOpenfortAccountTest:testSimulateValidation() (gas: 129062)
RecoverableOpenfortAccountTest:testStartRecovery() (gas: 97739)
RecoverableOpenfortAccountTest:testStartRecoveryTwice() (gas: 87288)
RecoverableOpenfortAccountTest:testStubFakeMockTempisGuardian() (gas: 12911)
RecoverableOpenfortAccountTest:testToken():(address) (gas: 2426)
RecoverableOpenfortAccountTest:testTransferOutNativeToken() (gas: 156717)
RecoverableOpenfortAccountTest:testTransferOwner() (gas: 50382)
RecoverableOpenfortAccountTest:testTransferOwnerNotGuardian() (gas: 113455)
RecoverableOpenfortAccountTest:testUnlockAccount() (gas: 48558)
RecoverableOpenfortAccountTest:testUpdateEntryPoint() (gas: 1123940)
Specific4337Tests:testToken():(address) (gas: 2404)
StaticOpenfortAccountTest:testChangeOwnershipAndCountDirect() (gas: 67687)
StaticOpenfortAccountTest:testChangeOwnershipAndCountEntryPoint() (gas: 234841)
StaticOpenfortAccountTest:testComplextypeEIP712Signature() (gas: 302)
StaticOpenfortAccountTest:testCreateAccountViaEntryPoint() (gas: 296443)
StaticOpenfortAccountTest:testCreateAccountWithNonceViaFactory() (gas: 194351)
StaticOpenfortAccountTest:testEIP191Signature() (gas: 35344)
StaticOpenfortAccountTest:testEIP712Signature() (gas: 56104)
StaticOpenfortAccountTest:testFailAttackRegisterSessionKeyViaEntrypoint2ndKey() (gas: 423088)
StaticOpenfortAccountTest:testFailEIP712Signature() (gas: 51842)
StaticOpenfortAccountTest:testFailIncrementCounterViaSessionKeyNotregistered() (gas: 200602)
StaticOpenfortAccountTest:testFailIncrementCounterViaSessionKeyReachLimit() (gas: 322619)
StaticOpenfortAccountTest:testFailIncrementCounterViaSessionKeyReachLimitBatching() (gas: 229837)
StaticOpenfortAccountTest:testFailIncrementCounterViaSessionKeyRevoked() (gas: 52419)
StaticOpenfortAccountTest:testFailIncrementCounterViaSessionKeyWhitelistingBatch() (gas: 286360)
StaticOpenfortAccountTest:testFailIncrementCounterViaSessionKeyWhitelistingBatchWrongAddress() (gas: 252990)
StaticOpenfortAccountTest:testFailIncrementCounterViaSessionKeyWhitelistingTooBig() (gas: 29231)
StaticOpenfortAccountTest:testFailIncrementCounterViaSessionKeyWhitelistingWrongAddress() (gas: 244409)
StaticOpenfortAccountTest:testFailRevokeSessionKeyInvalidUser() (gas: 54963)
StaticOpenfortAccountTest:testFailSessionKeySignatureExpired() (gas: 79916)
StaticOpenfortAccountTest:testFailSessionKeySignatureInvalid() (gas: 83291)
StaticOpenfortAccountTest:testFailSessionKeySignatureNotYet() (gas: 79801)
StaticOpenfortAccountTest:testIncrementCounterDirect() (gas: 48108)
StaticOpenfortAccountTest:testIncrementCounterViaEntrypoint() (gas: 230874)
StaticOpenfortAccountTest:testIncrementCounterViaEntrypointBatching() (gas: 243090)
StaticOpenfortAccountTest:testIncrementCounterViaSessionKey() (gas: 250819)
StaticOpenfortAccountTest:testIncrementCounterViaSessionKeyExpired() (gas: 217457)
StaticOpenfortAccountTest:testIncrementCounterViaSessionKeyWhitelisting() (gas: 276360)
StaticOpenfortAccountTest:testIncrementCounterViaSessionKeyWhitelistingBatch() (gas: 299656)
StaticOpenfortAccountTest:testMintTokenAccount() (gas: 259640)
StaticOpenfortAccountTest:testReceiveNativeToken() (gas: 20053)
StaticOpenfortAccountTest:testRegisterSessionKeyViaEntrypoint() (gas: 343106)
StaticOpenfortAccountTest:testRegisterSessionKeyViaEntrypoint2ndKey() (gas: 454311)
StaticOpenfortAccountTest:testRegularSignature() (gas: 31294)
StaticOpenfortAccountTest:testSessionKeySignature() (gas: 83615)
StaticOpenfortAccountTest:testSimulateValidation() (gas: 126725)
StaticOpenfortAccountTest:testToken():(address) (gas: 2427)
StaticOpenfortAccountTest:testTransferOutNativeToken() (gas: 153720)
StaticOpenfortAccountTest:testUpdateEntryPoint() (gas: 432156)
UpgradeableOpenfortAccountTest:testChangeOwnershipAndCountDirect() (gas: 72974)
UpgradeableOpenfortAccountTest:testChangeOwnershipAndCountEntryPoint() (gas: 238327)
UpgradeableOpenfortAccountTest:testCreateAccountViaEntryPoint() (gas: 379954)
UpgradeableOpenfortAccountTest:testCreateAccountWithNonceViaFactory() (gas: 282563)
UpgradeableOpenfortAccountTest:testFailAttackRegisterSessionKeyViaEntrypoint2ndKey() (gas: 429832)
UpgradeableOpenfortAccountTest:testFailIncrementCounterViaSessionKeyNotregistered() (gas: 205181)
UpgradeableOpenfortAccountTest:testFailIncrementCounterViaSessionKeyReachLimit() (gas: 326281)
UpgradeableOpenfortAccountTest:testFailIncrementCounterViaSessionKeyReachLimitBatching() (gas: 232567)
UpgradeableOpenfortAccountTest:testFailIncrementCounterViaSessionKeyRevoked() (gas: 54927)
UpgradeableOpenfortAccountTest:testFailIncrementCounterViaSessionKeyWhitelistingBatchWrongAddress() (gas: 255851)
UpgradeableOpenfortAccountTest:testFailIncrementCounterViaSessionKeyWhitelistingTooBig() (gas: 31583)
UpgradeableOpenfortAccountTest:testFailIncrementCounterViaSessionKeyWhitelistingWrongAddress() (gas: 247316)
UpgradeableOpenfortAccountTest:testFailRevokeSessionKeyInvalidUser() (gas: 57471)
UpgradeableOpenfortAccountTest:testIncrementCounterDirect() (gas: 50459)
UpgradeableOpenfortAccountTest:testIncrementCounterViaEntrypoint() (gas: 235715)
UpgradeableOpenfortAccountTest:testIncrementCounterViaEntrypointBatching() (gas: 247952)
UpgradeableOpenfortAccountTest:testIncrementCounterViaSessionKey() (gas: 253902)
UpgradeableOpenfortAccountTest:testIncrementCounterViaSessionKeyExpired() (gas: 220190)
UpgradeableOpenfortAccountTest:testIncrementCounterViaSessionKeyWhitelisting() (gas: 279464)
UpgradeableOpenfortAccountTest:testIncrementCounterViaSessionKeyWhitelistingBatch() (gas: 303021)
UpgradeableOpenfortAccountTest:testMintTokenAccount() (gas: 264393)
UpgradeableOpenfortAccountTest:testReceiveNativeToken() (gas: 22294)
UpgradeableOpenfortAccountTest:testRegisterSessionKeyViaEntrypoint() (gas: 349030)
UpgradeableOpenfortAccountTest:testRegisterSessionKeyViaEntrypoint2ndKey() (gas: 461274)
UpgradeableOpenfortAccountTest:testSimulateValidation() (gas: 128974)
UpgradeableOpenfortAccountTest:testToken():(address) (gas: 2426)
UpgradeableOpenfortAccountTest:testTransferOutNativeToken() (gas: 156607)
UpgradeableOpenfortAccountTest:testUpdateEntryPoint() (gas: 810686)
UpgradeableOpenfortAccountTest:testUpgradeAccount() (gas: 2584424)