got val: 0x5FF137D4b0FDCD49DcA30c7CF57E578a026d2789
got val: 0x5FF137D4b0FDCD49DcA30c7CF57E578a026d2789
got val: 0x5FF137D4b0FDCD49DcA30c7CF57E578a026d2789
got val: 0x5FF137D4b0FDCD49DcA30c7CF57E578a026d2789
got val: 0x5FF137D4b0FDCD49DcA30c7CF57E578a026d2789
got val: 0x5FF137D4b0FDCD49DcA30c7CF57E578a026d2789
got val: 0x5FF137D4b0FDCD49DcA30c7CF57E578a026d2789
got val: 0x5FF137D4b0FDCD49DcA30c7CF57E578a026d2789
got val: 0x5FF137D4b0FDCD49DcA30c7CF57E578a026d2789
got val: 0x5FF137D4b0FDCD49DcA30c7CF57E578a026d2789
got val: 0x5FF137D4b0FDCD49DcA30c7CF57E578a026d2789
got val: 0x5FF137D4b0FDCD49DcA30c7CF57E578a026d2789
got val: 0x5FF137D4b0FDCD49DcA30c7CF57E578a026d2789
got val: 0x5FF137D4b0FDCD49DcA30c7CF57E578a026d2789
got val: 0x5FF137D4b0FDCD49DcA30c7CF57E578a026d2789
got val: 0x5FF137D4b0FDCD49DcA30c7CF57E578a026d2789
got val: 0x5FF137D4b0FDCD49DcA30c7CF57E578a026d2789
got val: 0x5FF137D4b0FDCD49DcA30c7CF57E578a026d2789
got val: 0x5FF137D4b0FDCD49DcA30c7CF57E578a026d2789
got val: arch vault rebuild sheriff image universe strike uncle nasty laundry seminar mountain
got val: 0x5FF137D4b0FDCD49DcA30c7CF57E578a026d2789
got val: 0x5FF137D4b0FDCD49DcA30c7CF57E578a026d2789
got val: 0x5FF137D4b0FDCD49DcA30c7CF57E578a026d2789
got val: 0x5FF137D4b0FDCD49DcA30c7CF57E578a026d2789
got val: 0x5FF137D4b0FDCD49DcA30c7CF57E578a026d2789
got val: 0x5FF137D4b0FDCD49DcA30c7CF57E578a026d2789

Running 1 test for test/foundry/4337/Specific4337Tests.t.sol:Specific4337Tests
[32m[PASS][0m testToken():(address) (gas: 2404)
Test result: [32mok[0m. [32m1[0m passed; [31m0[0m failed; [33m0[0m skipped; finished in 2.03ms

Running 10 tests for test/foundry/core/eip6551/EIP6551OpenfortAccountTest.t.sol:EIP6551OpenfortAccountTest
[32m[PASS][0m testCreate2ndAcc() (gas: 187797)
[32m[PASS][0m testCreateAccInitializer() (gas: 188248)
[32m[PASS][0m testCreateAccountWithNonceViaRegistry() (gas: 105967)
[32m[PASS][0m testFailCreateAccInitializerNoReinit() (gas: 188625)
[32m[PASS][0m testFailInitializeImplementation() (gas: 10259)
[32m[PASS][0m testFailReinitialize() (gas: 12963)
[32m[PASS][0m testGetDeposit() (gas: 69465)
[32m[PASS][0m testImplementationNoEntryPointAddr() (gas: 7741)
[32m[PASS][0m testNotOwner() (gas: 59680)
[32m[PASS][0m testOwner() (gas: 23145)
Test result: [32mok[0m. [32m10[0m passed; [31m0[0m failed; [33m0[0m skipped; finished in 4.94ms

Running 18 tests for test/foundry/core/eip6551/EIP6551OpenfortBenchmark.t.sol:EIP6551OpenfortBenchmark
[32m[PASS][0m test1CreateEIP6551AccountInitAfter() (gas: 189966)
[32m[PASS][0m test1CreateEIP6551AccountInitDuringCreation() (gas: 190332)
[32m[PASS][0m test1CreateUpgradeableAccount() (gas: 257270)
[32m[PASS][0m test2OwnerEIP6551() (gas: 18868)
[32m[PASS][0m test2OwnerUpgradeable() (gas: 14794)
[32m[PASS][0m test3TransferOwnerEIP6551() (gas: 64086)
[32m[PASS][0m test3TransferOwnerUpgradeable() (gas: 41241)
[32m[PASS][0m test4TransferFundsEIP6551() (gas: 48930)
[32m[PASS][0m test4TransferFundsUpgradeable() (gas: 46062)
[32m[PASS][0m test5TransferERC20EIP6551() (gas: 57363)
[32m[PASS][0m test5TransferERC20Upgradeable() (gas: 54836)
[32m[PASS][0m test6TransferMultipleERC20EIP6551() (gas: 137076)
[32m[PASS][0m test6TransferMultipleERC20Upgradeable() (gas: 110266)
[32m[PASS][0m test7ComplexOwner() (gas: 17974)
[32m[PASS][0m test8TransferOwner4337Complex() (gas: 63495)
[32m[PASS][0m test9TransferOwnerEIP6551Complex() (gas: 83260)
[32m[PASS][0m test9TransferOwnerEIP6551ComplexUserOp() (gas: 262651)
[32m[PASS][0m testFailTransferOwnerEIP6551UserOp() (gas: 231270)
Test result: [32mok[0m. [32m18[0m passed; [31m0[0m failed; [33m0[0m skipped; finished in 7.39ms

Test result: [32mok[0m. [32m0[0m passed; [31m0[0m failed; [33m0[0m skipped; finished in 1.91ms

Running 23 tests for test/foundry/paymaster/OpenfortPaymasterTest.t.sol:OpenfortPaymasterTest
[32m[PASS][0m testEntryPointDepositToPaymaster() (gas: 47352)
[32m[PASS][0m testFailPaymasterUserOpERC20ValidSigExecBatchInsufficientERC20() (gas: 324505)
[32m[PASS][0m testFailPaymasterUserOpERC20ValidSigSmallApprove() (gas: 289223)
[32m[PASS][0m testInitialParameters() (gas: 13772)
[32m[PASS][0m testParsePaymasterDataERC20() (gas: 40231)
[32m[PASS][0m testParsePaymasterDataNative() (gas: 34365)
[32m[PASS][0m testPaymasterStake() (gas: 72211)
[32m[PASS][0m testPaymasterUserOpERC20FixedExpensiveValidSigExecBatch() (gas: 348129)
[32m[PASS][0m testPaymasterUserOpERC20FixedValidSig() (gas: 309781)
[32m[PASS][0m testPaymasterUserOpERC20FixedValidSigExecBatch() (gas: 348130)
[32m[PASS][0m testPaymasterUserOpERC20ValidSig() (gas: 309811)
[32m[PASS][0m testPaymasterUserOpERC20ValidSigDiffMaxPriorityFeePerGas() (gas: 310033)
[32m[PASS][0m testPaymasterUserOpERC20ValidSigExecBatch() (gas: 348136)
[32m[PASS][0m testPaymasterUserOpNativeValidSig() (gas: 240310)
[32m[PASS][0m testPaymasterUserOpNativeValidSigExecBatch() (gas: 279771)
[32m[PASS][0m testPaymasterUserOpNativeWrongUserSig() (gas: 171857)
[32m[PASS][0m testPaymasterUserOpWrongSig() (gas: 113327)
[32m[PASS][0m testPaymasterUserOpWrongSigLength() (gas: 109468)
[32m[PASS][0m testSetPostOpGas() (gas: 28255)
[32m[PASS][0m testToken():(address) (gas: 2427)
[32m[PASS][0m testUpdateTokenRecipient() (gas: 31341)
[32m[PASS][0m testWithdrawTo() (gas: 72635)
[32m[PASS][0m test_requireFromEntryPoint() (gas: 42709)
Test result: [32mok[0m. [32m23[0m passed; [31m0[0m failed; [33m0[0m skipped; finished in 29.36ms

Running 29 tests for test/foundry/core/managed/ManagedOpenfortAccountTest.t.sol:ManagedOpenfortAccountTest
[32m[PASS][0m testChangeOwnershipAndCountDirect() (gas: 82621)
[32m[PASS][0m testChangeOwnershipAndCountEntryPoint() (gas: 241890)
[32m[PASS][0m testCreateAccountViaEntryPoint() (gas: 398799)
[32m[PASS][0m testCreateAccountWithNonceViaFactory() (gas: 301434)
[32m[PASS][0m testFailAttackRegisterSessionKeyViaEntrypoint2ndKey() (gas: 440509)
[32m[PASS][0m testFailIncrementCounterViaSessionKeyNotregistered() (gas: 211255)
[32m[PASS][0m testFailIncrementCounterViaSessionKeyReachLimit() (gas: 332068)
[32m[PASS][0m testFailIncrementCounterViaSessionKeyReachLimitBatching() (gas: 236729)
[32m[PASS][0m testFailIncrementCounterViaSessionKeyRevoked() (gas: 58606)
[32m[PASS][0m testFailIncrementCounterViaSessionKeyWhitelistingBatch() (gas: 294310)
[32m[PASS][0m testFailIncrementCounterViaSessionKeyWhitelistingBatchWrongAddress() (gas: 260035)
[32m[PASS][0m testFailIncrementCounterViaSessionKeyWhitelistingTooBig() (gas: 34620)
[32m[PASS][0m testFailIncrementCounterViaSessionKeyWhitelistingWrongAddress() (gas: 251500)
[32m[PASS][0m testFailRevokeSessionKeyInvalidUser() (gas: 61150)
[32m[PASS][0m testIncrementCounterDirect() (gas: 53503)
[32m[PASS][0m testIncrementCounterViaEntrypoint() (gas: 242384)
[32m[PASS][0m testIncrementCounterViaEntrypointBatching() (gas: 254643)
[32m[PASS][0m testIncrementCounterViaSessionKey() (gas: 258611)
[32m[PASS][0m testIncrementCounterViaSessionKeyExpired() (gas: 224377)
[32m[PASS][0m testIncrementCounterViaSessionKeyWhitelisting() (gas: 284192)
[32m[PASS][0m testIncrementCounterViaSessionKeyWhitelistingBatch() (gas: 308521)
[32m[PASS][0m testMintTokenAccount() (gas: 271040)
[32m[PASS][0m testReceiveNativeToken() (gas: 27506)
[32m[PASS][0m testRegisterSessionKeyViaEntrypoint() (gas: 357886)
[32m[PASS][0m testRegisterSessionKeyViaEntrypoint2ndKey() (gas: 472450)
[32m[PASS][0m testSimulateValidation() (gas: 375781)
[32m[PASS][0m testToken():(address) (gas: 2448)
[32m[PASS][0m testTransferOutNativeToken() (gas: 160922)
[32m[PASS][0m testUpgradeTo() (gas: 2644209)
Test result: [32mok[0m. [32m29[0m passed; [31m0[0m failed; [33m0[0m skipped; finished in 38.09ms

Running 38 tests for test/foundry/core/static/StaticOpenfortAccountTest.t.sol:StaticOpenfortAccountTest
[32m[PASS][0m testChangeOwnershipAndCountDirect() (gas: 67687)
[32m[PASS][0m testChangeOwnershipAndCountEntryPoint() (gas: 234841)
[32m[PASS][0m testComplextypeEIP712Signature() (gas: 302)
[32m[PASS][0m testCreateAccountViaEntryPoint() (gas: 296443)
[32m[PASS][0m testCreateAccountWithNonceViaFactory() (gas: 194351)
[32m[PASS][0m testEIP191Signature() (gas: 35344)
[32m[PASS][0m testEIP712Signature() (gas: 56104)
[32m[PASS][0m testFailAttackRegisterSessionKeyViaEntrypoint2ndKey() (gas: 423088)
[32m[PASS][0m testFailEIP712Signature() (gas: 51842)
[32m[PASS][0m testFailIncrementCounterViaSessionKeyNotregistered() (gas: 200602)
[32m[PASS][0m testFailIncrementCounterViaSessionKeyReachLimit() (gas: 322619)
[32m[PASS][0m testFailIncrementCounterViaSessionKeyReachLimitBatching() (gas: 229837)
[32m[PASS][0m testFailIncrementCounterViaSessionKeyRevoked() (gas: 52419)
[32m[PASS][0m testFailIncrementCounterViaSessionKeyWhitelistingBatch() (gas: 286360)
[32m[PASS][0m testFailIncrementCounterViaSessionKeyWhitelistingBatchWrongAddress() (gas: 252990)
[32m[PASS][0m testFailIncrementCounterViaSessionKeyWhitelistingTooBig() (gas: 29231)
[32m[PASS][0m testFailIncrementCounterViaSessionKeyWhitelistingWrongAddress() (gas: 244409)
[32m[PASS][0m testFailRevokeSessionKeyInvalidUser() (gas: 54963)
[32m[PASS][0m testFailSessionKeySignatureExpired() (gas: 79916)
[32m[PASS][0m testFailSessionKeySignatureInvalid() (gas: 83291)
[32m[PASS][0m testFailSessionKeySignatureNotYet() (gas: 79801)
[32m[PASS][0m testIncrementCounterDirect() (gas: 48108)
[32m[PASS][0m testIncrementCounterViaEntrypoint() (gas: 230874)
[32m[PASS][0m testIncrementCounterViaEntrypointBatching() (gas: 243090)
[32m[PASS][0m testIncrementCounterViaSessionKey() (gas: 250819)
[32m[PASS][0m testIncrementCounterViaSessionKeyExpired() (gas: 217457)
[32m[PASS][0m testIncrementCounterViaSessionKeyWhitelisting() (gas: 276360)
[32m[PASS][0m testIncrementCounterViaSessionKeyWhitelistingBatch() (gas: 299656)
[32m[PASS][0m testMintTokenAccount() (gas: 259640)
[32m[PASS][0m testReceiveNativeToken() (gas: 20053)
[32m[PASS][0m testRegisterSessionKeyViaEntrypoint() (gas: 343106)
[32m[PASS][0m testRegisterSessionKeyViaEntrypoint2ndKey() (gas: 454311)
[32m[PASS][0m testRegularSignature() (gas: 31294)
[32m[PASS][0m testSessionKeySignature() (gas: 83615)
[32m[PASS][0m testSimulateValidation() (gas: 126725)
[32m[PASS][0m testToken():(address) (gas: 2427)
[32m[PASS][0m testTransferOutNativeToken() (gas: 153720)
[32m[PASS][0m testUpdateEntryPoint() (gas: 432156)
Test result: [32mok[0m. [32m38[0m passed; [31m0[0m failed; [33m0[0m skipped; finished in 39.46ms

Running 29 tests for test/foundry/core/upgradeable/UpgradeableOpenfortAccountTest.t.sol:UpgradeableOpenfortAccountTest
[32m[PASS][0m testChangeOwnershipAndCountDirect() (gas: 72974)
[32m[PASS][0m testChangeOwnershipAndCountEntryPoint() (gas: 238327)
[32m[PASS][0m testCreateAccountViaEntryPoint() (gas: 379954)
[32m[PASS][0m testCreateAccountWithNonceViaFactory() (gas: 282563)
[32m[PASS][0m testFailAttackRegisterSessionKeyViaEntrypoint2ndKey() (gas: 429832)
[32m[PASS][0m testFailIncrementCounterViaSessionKeyNotregistered() (gas: 205181)
[32m[PASS][0m testFailIncrementCounterViaSessionKeyReachLimit() (gas: 326281)
[32m[PASS][0m testFailIncrementCounterViaSessionKeyReachLimitBatching() (gas: 232567)
[32m[PASS][0m testFailIncrementCounterViaSessionKeyRevoked() (gas: 54927)
[32m[PASS][0m testFailIncrementCounterViaSessionKeyWhitelistingBatchWrongAddress() (gas: 255851)
[32m[PASS][0m testFailIncrementCounterViaSessionKeyWhitelistingTooBig() (gas: 31583)
[32m[PASS][0m testFailIncrementCounterViaSessionKeyWhitelistingWrongAddress() (gas: 247316)
[32m[PASS][0m testFailRevokeSessionKeyInvalidUser() (gas: 57471)
[32m[PASS][0m testIncrementCounterDirect() (gas: 50459)
[32m[PASS][0m testIncrementCounterViaEntrypoint() (gas: 235715)
[32m[PASS][0m testIncrementCounterViaEntrypointBatching() (gas: 247952)
[32m[PASS][0m testIncrementCounterViaSessionKey() (gas: 253902)
[32m[PASS][0m testIncrementCounterViaSessionKeyExpired() (gas: 220190)
[32m[PASS][0m testIncrementCounterViaSessionKeyWhitelisting() (gas: 279464)
[32m[PASS][0m testIncrementCounterViaSessionKeyWhitelistingBatch() (gas: 303021)
[32m[PASS][0m testMintTokenAccount() (gas: 264393)
[32m[PASS][0m testReceiveNativeToken() (gas: 22294)
[32m[PASS][0m testRegisterSessionKeyViaEntrypoint() (gas: 349030)
[32m[PASS][0m testRegisterSessionKeyViaEntrypoint2ndKey() (gas: 461274)
[32m[PASS][0m testSimulateValidation() (gas: 128974)
[32m[PASS][0m testToken():(address) (gas: 2426)
[32m[PASS][0m testTransferOutNativeToken() (gas: 156607)
[32m[PASS][0m testUpdateEntryPoint() (gas: 810686)
[32m[PASS][0m testUpgradeAccount() (gas: 2584424)
Test result: [32mok[0m. [32m29[0m passed; [31m0[0m failed; [33m0[0m skipped; finished in 39.48ms

Running 27 tests for test/foundry/paymaster/OpenfortPaymasterV2Test.t.sol:OpenfortPaymasterV2Test
[32m[PASS][0m testAcceptOwnershipBasic() (gas: 44086)
[32m[PASS][0m testAcceptOwnershipComplex() (gas: 111339)
[32m[PASS][0m testDepositsToPaymaster() (gas: 231360)
[32m[PASS][0m testFailDeposit() (gas: 19320)
[32m[PASS][0m testFailPaymasterUserOpERC20ValidSigExecBatchInsufficientERC20() (gas: 327425)
[32m[PASS][0m testFailPaymasterUserOpERC20ValidSigSmallApprove() (gas: 292034)
[32m[PASS][0m testInitialParameters() (gas: 13783)
[32m[PASS][0m testParsePaymasterDataERC20() (gas: 43014)
[32m[PASS][0m testParsePaymasterDataNative() (gas: 37001)
[32m[PASS][0m testPaymasterStake() (gas: 72146)
[32m[PASS][0m testPaymasterUserOpERC20FixedExpensiveValidSigExecBatch() (gas: 350767)
[32m[PASS][0m testPaymasterUserOpERC20FixedValidSig() (gas: 312442)
[32m[PASS][0m testPaymasterUserOpERC20FixedValidSigDepositor() (gas: 392467)
[32m[PASS][0m testPaymasterUserOpERC20FixedValidSigExecBatch() (gas: 350790)
[32m[PASS][0m testPaymasterUserOpERC20ValidSig() (gas: 312480)
[32m[PASS][0m testPaymasterUserOpERC20ValidSigDepositor() (gas: 392527)
[32m[PASS][0m testPaymasterUserOpERC20ValidSigDiffMaxPriorityFeePerGas() (gas: 312767)
[32m[PASS][0m testPaymasterUserOpERC20ValidSigExecBatch() (gas: 350825)
[32m[PASS][0m testPaymasterUserOpNativeValidSig() (gas: 245072)
[32m[PASS][0m testPaymasterUserOpNativeValidSigDEPOSITOR() (gas: 338066)
[32m[PASS][0m testPaymasterUserOpNativeValidSigExecBatch() (gas: 284533)
[32m[PASS][0m testPaymasterUserOpNativeWrongUserSig() (gas: 175610)
[32m[PASS][0m testPaymasterUserOpWrongSig() (gas: 116224)
[32m[PASS][0m testPaymasterUserOpWrongSigLength() (gas: 112231)
[32m[PASS][0m testSetPostOpGas() (gas: 28167)
[32m[PASS][0m testToken():(address) (gas: 2471)
[32m[PASS][0m test_requireFromEntryPoint() (gas: 42885)
Test result: [32mok[0m. [32m27[0m passed; [31m0[0m failed; [33m0[0m skipped; finished in 13.50ms

Running 59 tests for test/foundry/core/recoverable/RecoverableOpenfortAccountTest.t.sol:RecoverableOpenfortAccountTest
[32m[PASS][0m test3GuardiansCompleteRecovery() (gas: 283661)
[32m[PASS][0m test3GuardiansFailCompleteRecovery() (gas: 308248)
[32m[PASS][0m test3GuardiansUnorderedCompleteRecovery() (gas: 310699)
[32m[PASS][0m test4GuardiansNoDefaultCompleteRecovery() (gas: 479697)
[32m[PASS][0m testAddEOAGuardian() (gas: 133301)
[32m[PASS][0m testAddEOAGuardianCancel() (gas: 63876)
[32m[PASS][0m testAddEOAGuardianDuplicatedPorposal() (gas: 124513)
[32m[PASS][0m testAddEOAGuardianExpired() (gas: 76064)
[32m[PASS][0m testAddEOAGuardianExpiredThenReAdd() (gas: 143699)
[32m[PASS][0m testAddMultipleEOAGuardians() (gas: 461458)
[32m[PASS][0m testAddOwnerAsGuardianNotAllowed() (gas: 49835)
[32m[PASS][0m testBasicChecksCompleteRecovery() (gas: 95612)
[32m[PASS][0m testBasicCompleteRecovery() (gas: 96968)
[32m[PASS][0m testCancelRecovery() (gas: 91912)
[32m[PASS][0m testCancelRevokeGuardian() (gas: 145533)
[32m[PASS][0m testChangeOwnershipAndCountDirect() (gas: 68865)
[32m[PASS][0m testChangeOwnershipAndCountEntryPoint() (gas: 242853)
[32m[PASS][0m testCreateAccountViaEntryPoint() (gas: 545117)
[32m[PASS][0m testCreateAccountWithNonceViaFactory() (gas: 448627)
[32m[PASS][0m testCreateWrongAccount() (gas: 103007)
[32m[PASS][0m testCreateWrongFactory() (gas: 48880)
[32m[PASS][0m testFailAttackRegisterSessionKeyViaEntrypoint2ndKey() (gas: 430317)
[32m[PASS][0m testFailIncrementCounterViaSessionKeyNotregistered() (gas: 205269)
[32m[PASS][0m testFailIncrementCounterViaSessionKeyReachLimit() (gas: 326590)
[32m[PASS][0m testFailIncrementCounterViaSessionKeyReachLimitBatching() (gas: 232795)
[32m[PASS][0m testFailIncrementCounterViaSessionKeyRevoked() (gas: 55017)
[32m[PASS][0m testFailIncrementCounterViaSessionKeyWhitelistingBatchWrongAddress() (gas: 256012)
[32m[PASS][0m testFailIncrementCounterViaSessionKeyWhitelistingTooBig() (gas: 31584)
[32m[PASS][0m testFailIncrementCounterViaSessionKeyWhitelistingWrongAddress() (gas: 247382)
[32m[PASS][0m testFailRevokeSessionKeyInvalidUser() (gas: 57561)
[32m[PASS][0m testIncrementCounterDirect() (gas: 50481)
[32m[PASS][0m testIncrementCounterViaEntrypoint() (gas: 235892)
[32m[PASS][0m testIncrementCounterViaEntrypointBatching() (gas: 248137)
[32m[PASS][0m testIncrementCounterViaSessionKey() (gas: 253968)
[32m[PASS][0m testIncrementCounterViaSessionKeyExpired() (gas: 220323)
[32m[PASS][0m testIncrementCounterViaSessionKeyWhitelisting() (gas: 279641)
[32m[PASS][0m testIncrementCounterViaSessionKeyWhitelistingBatch() (gas: 303271)
[32m[PASS][0m testLockAccount() (gas: 57886)
[32m[PASS][0m testMessingUpWithGuardianRegister() (gas: 179139)
[32m[PASS][0m testMintTokenAccount() (gas: 264570)
[32m[PASS][0m testReceiveNativeToken() (gas: 22295)
[32m[PASS][0m testRegisterSessionKeyViaEntrypoint() (gas: 349405)
[32m[PASS][0m testRegisterSessionKeyViaEntrypoint2ndKey() (gas: 461671)
[32m[PASS][0m testRevokeAllGuardians() (gas: 186015)
[32m[PASS][0m testRevokeDefaultGuardian() (gas: 151568)
[32m[PASS][0m testRevokeDefaultGuardianAndAddBack() (gas: 105038)
[32m[PASS][0m testRevokeEOAGuardianDuplicatedPorposal() (gas: 134692)
[32m[PASS][0m testRevokeEOAGuardianExpired() (gas: 145487)
[32m[PASS][0m testRevokeGuardian() (gas: 140903)
[32m[PASS][0m testSimulateValidation() (gas: 129062)
[32m[PASS][0m testStartRecovery() (gas: 97739)
[32m[PASS][0m testStartRecoveryTwice() (gas: 87288)
[32m[PASS][0m testStubFakeMockTempisGuardian() (gas: 12911)
[32m[PASS][0m testToken():(address) (gas: 2426)
[32m[PASS][0m testTransferOutNativeToken() (gas: 156717)
[32m[PASS][0m testTransferOwner() (gas: 50382)
[32m[PASS][0m testTransferOwnerNotGuardian() (gas: 113455)
[32m[PASS][0m testUnlockAccount() (gas: 48558)
[32m[PASS][0m testUpdateEntryPoint() (gas: 1123940)
Test result: [32mok[0m. [32m59[0m passed; [31m0[0m failed; [33m0[0m skipped; finished in 38.58ms
| EntryPoint contract |                 |       |        |       |         |
|---------------------|-----------------|-------|--------|-------|---------|
| Deployment Cost     | Deployment Size |       |        |       |         |
| 0                   | 0               |       |        |       |         |
| Function Name       | min             | avg   | median | max   | # calls |
| balanceOf           | 652             | 1318  | 652    | 2652  | 3       |
| depositTo           | 2680            | 12630 | 12630  | 22580 | 2       |


| contracts/core/eip6551/EIP6551OpenfortAccount.sol:EIP6551OpenfortAccount contract |                 |       |        |       |         |
|-----------------------------------------------------------------------------------|-----------------|-------|--------|-------|---------|
| Deployment Cost                                                                   | Deployment Size |       |        |       |         |
| 2320493                                                                           | 11753           |       |        |       |         |
| Function Name                                                                     | min             | avg   | median | max   | # calls |
| addDeposit                                                                        | 10047           | 10047 | 10047  | 10047 | 1       |
| entryPoint                                                                        | 398             | 798   | 398    | 2398  | 5       |
| execute                                                                           | 1473            | 8497  | 7527   | 17501 | 13      |
| getDeposit                                                                        | 1435            | 3601  | 1435   | 7935  | 3       |
| initialize                                                                        | 942             | 89910 | 97877  | 97877 | 36      |
| onERC721Received                                                                  | 862             | 862   | 862    | 862   | 10      |
| owner                                                                             | 3291            | 5408  | 3291   | 7791  | 17      |
| receive                                                                           | 55              | 55    | 55     | 55    | 1       |
| token                                                                             | 1306            | 1306  | 1306   | 1306  | 31      |
| validateUserOp                                                                    | 10025           | 10025 | 10025  | 10025 | 2       |


| contracts/core/eip6551/ERC6551Registry.sol:ERC6551Registry contract |                 |       |        |        |         |
|---------------------------------------------------------------------|-----------------|-------|--------|--------|---------|
| Deployment Cost                                                     | Deployment Size |       |        |        |         |
| 282724                                                              | 1444            |       |        |        |         |
| Function Name                                                       | min             | avg   | median | max    | # calls |
| account                                                             | 1650            | 1650  | 1650   | 1650   | 5       |
| createAccount                                                       | 73860           | 79678 | 73860  | 174720 | 52      |


| contracts/core/managed/ManagedOpenfortAccount.sol:ManagedOpenfortAccount contract |                 |        |        |        |         |
|-----------------------------------------------------------------------------------|-----------------|--------|--------|--------|---------|
| Deployment Cost                                                                   | Deployment Size |        |        |        |         |
| 2202553                                                                           | 11164           |        |        |        |         |
| Function Name                                                                     | min             | avg    | median | max    | # calls |
| acceptOwnership                                                                   | 4236            | 4236   | 4236   | 4236   | 2       |
| execute                                                                           | 3590            | 21510  | 21564  | 32790  | 18      |
| executeBatch                                                                      | 25603           | 25603  | 25603  | 25603  | 2       |
| initialize                                                                        | 100230          | 100230 | 100230 | 100230 | 32      |
| receive                                                                           | 55              | 55     | 55     | 55     | 2       |
| registerSessionKey(address,uint48,uint48)                                         | 24629           | 25765  | 26617  | 26617  | 7       |
| registerSessionKey(address,uint48,uint48,uint48)                                  | 24379           | 25704  | 26367  | 26367  | 3       |
| registerSessionKey(address,uint48,uint48,uint48,address[])                        | 3288            | 41642  | 49313  | 49313  | 6       |
| revokeSessionKey                                                                  | 631             | 631    | 631    | 631    | 2       |
| sessionKeys                                                                       | 832             | 832    | 832    | 832    | 3       |
| transferOwnership                                                                 | 2627            | 18459  | 26375  | 26375  | 3       |
| validateUserOp                                                                    | 5005            | 7861   | 7005   | 15510  | 51      |
| version                                                                           | 259             | 259    | 259    | 259    | 1       |


| contracts/core/managed/ManagedOpenfortFactory.sol:ManagedOpenfortFactory contract |                 |        |        |        |         |
|-----------------------------------------------------------------------------------|-----------------|--------|--------|--------|---------|
| Deployment Cost                                                                   | Deployment Size |        |        |        |         |
| 868245                                                                            | 4625            |        |        |        |         |
| Function Name                                                                     | min             | avg    | median | max    | # calls |
| accountImplementation                                                             | 402             | 402    | 402    | 402    | 1       |
| addStake                                                                          | 2519            | 23742  | 9778   | 58930  | 3       |
| createAccountWithNonce                                                            | 7453            | 248708 | 257197 | 261697 | 34      |
| getAddressWithNonce                                                               | 7027            | 7027   | 7027   | 7027   | 4       |
| implementation                                                                    | 319             | 763    | 319    | 2319   | 171     |
| upgradeTo                                                                         | 2634            | 4783   | 4783   | 6933   | 2       |


| contracts/core/managed/OpenfortBeaconProxy.sol:OpenfortBeaconProxy contract |                 |       |        |       |         |
|-----------------------------------------------------------------------------|-----------------|-------|--------|-------|---------|
| Deployment Cost                                                             | Deployment Size |       |        |       |         |
| 162402                                                                      | 2010            |       |        |       |         |
| Function Name                                                               | min             | avg   | median | max   | # calls |
| acceptOwnership                                                             | 5169            | 5169  | 5169   | 5169  | 2       |
| execute                                                                     | 4768            | 23198 | 22748  | 33968 | 18      |
| executeBatch                                                                | 26883           | 26883 | 26883  | 26883 | 2       |
| implementation                                                              | 1079            | 2079  | 2079   | 3079  | 2       |
| receive                                                                     | 10188           | 10188 | 10188  | 10188 | 2       |
| registerSessionKey(address,uint48,uint48)                                   | 25804           | 32082 | 36792  | 36792 | 7       |
| registerSessionKey(address,uint48,uint48,uint48)                            | 25557           | 32882 | 36545  | 36545 | 3       |
| registerSessionKey(address,uint48,uint48,uint48,address[])                  | 13557           | 51850 | 59509  | 59509 | 6       |
| revokeSessionKey                                                            | 1804            | 1804  | 1804   | 1804  | 2       |
| sessionKeys                                                                 | 2016            | 2016  | 2016   | 2016  | 3       |
| transferOwnership                                                           | 12809           | 28632 | 36544  | 36544 | 3       |
| validateUserOp                                                              | 6325            | 12117 | 10868  | 19822 | 51      |
| version                                                                     | 1428            | 1428  | 1428   | 1428  | 3       |


| contracts/core/recoverable/OpenfortRecoverableProxy.sol:OpenfortRecoverableProxy contract |                 |       |        |       |         |
|-------------------------------------------------------------------------------------------|-----------------|-------|--------|-------|---------|
| Deployment Cost                                                                           | Deployment Size |       |        |       |         |
| 364257                                                                                    | 1694            |       |        |       |         |
| Function Name                                                                             | min             | avg   | median | max   | # calls |
| acceptOwnership                                                                           | 4565            | 4565  | 4565   | 4565  | 3       |
| cancelGuardianProposal                                                                    | 1080            | 1599  | 1599   | 2119  | 2       |
| cancelGuardianRevocation                                                                  | 1124            | 1639  | 1639   | 2154  | 2       |
| cancelRecovery                                                                            | 2992            | 3782  | 3782   | 4573  | 2       |
| completeRecovery                                                                          | 1294            | 10766 | 10958  | 20136 | 9       |
| confirmGuardianProposal                                                                   | 1273            | 43530 | 54522  | 59962 | 35      |
| confirmGuardianRevocation                                                                 | 1081            | 4548  | 1536   | 15312 | 17      |
| eip712Domain                                                                              | 3588            | 8388  | 11588  | 11588 | 10      |
| entryPoint                                                                                | 899             | 899   | 899    | 899   | 2       |
| execute                                                                                   | 4246            | 22528 | 22226  | 33446 | 17      |
| executeBatch                                                                              | 26383           | 26383 | 26383  | 26383 | 2       |
| getGuardians                                                                              | 10469           | 10469 | 10469  | 10469 | 4       |
| getLock                                                                                   | 895             | 930   | 895    | 1000  | 6       |
| guardianCount                                                                             | 838             | 2282  | 838    | 7338  | 45      |
| isGuardian                                                                                | 1139            | 1326  | 1139   | 3139  | 32      |
| isGuardianOrGuardianSigner                                                                | 5395            | 5395  | 5395   | 5395  | 1       |
| isLocked                                                                                  | 861             | 1426  | 861    | 7361  | 23      |
| lock                                                                                      | 1092            | 11932 | 2967   | 26317 | 5       |
| owner                                                                                     | 867             | 1117  | 867    | 2867  | 8       |
| proposeGuardian                                                                           | 1630            | 27944 | 30607  | 41107 | 39      |
| receive                                                                                   | 4976            | 4976  | 4976   | 4976  | 2       |
| registerSessionKey(address,uint48,uint48)                                                 | 25169           | 30019 | 33657  | 33657 | 7       |
| registerSessionKey(address,uint48,uint48,uint48)                                          | 24991           | 30649 | 33479  | 33479 | 3       |
| registerSessionKey(address,uint48,uint48,uint48,address[])                                | 10425           | 47186 | 56377  | 56377 | 5       |
| revokeGuardian                                                                            | 1123            | 14196 | 23219  | 31219 | 19      |
| revokeSessionKey                                                                          | 1298            | 1298  | 1298   | 1298  | 2       |
| sessionKeys                                                                               | 1266            | 1266  | 1266   | 1266  | 2       |
| startRecovery                                                                             | 1123            | 43018 | 55333  | 63933 | 13      |
| transferOwnership                                                                         | 1229            | 24078 | 35726  | 35726 | 5       |
| unlock                                                                                    | 1068            | 1929  | 1773   | 2946  | 3       |
| updateEntryPoint                                                                          | 1065            | 1639  | 1102   | 2750  | 3       |
| validateUserOp                                                                            | 5837            | 10616 | 9819   | 16822 | 47      |


| contracts/core/recoverable/RecoverableOpenfortAccount.sol:RecoverableOpenfortAccount contract |                 |        |        |        |         |
|-----------------------------------------------------------------------------------------------|-----------------|--------|--------|--------|---------|
| Deployment Cost                                                                               | Deployment Size |        |        |        |         |
| 3826827                                                                                       | 19319           |        |        |        |         |
| Function Name                                                                                 | min             | avg    | median | max    | # calls |
| acceptOwnership                                                                               | 4202            | 4202   | 4202   | 4202   | 3       |
| cancelGuardianProposal                                                                        | 607             | 1180   | 1180   | 1753   | 2       |
| cancelGuardianRevocation                                                                      | 651             | 1219   | 1219   | 1788   | 2       |
| cancelRecovery                                                                                | 2522            | 3366   | 3366   | 4210   | 2       |
| completeRecovery                                                                              | 800             | 10295  | 10434  | 19720  | 9       |
| confirmGuardianProposal                                                                       | 812             | 43142  | 54156  | 59596  | 35      |
| confirmGuardianRevocation                                                                     | 620             | 4126   | 1075   | 14947  | 17      |
| eip712Domain                                                                                  | 3071            | 7871   | 11071  | 11071  | 10      |
| entryPoint                                                                                    | 442             | 442    | 442    | 442    | 2       |
| execute                                                                                       | 3774            | 21781  | 21748  | 32974  | 17      |
| executeBatch                                                                                  | 25809           | 25809  | 25809  | 25809  | 2       |
| getGuardians                                                                                  | 5506            | 5506   | 5506   | 5506   | 4       |
| getLock                                                                                       | 438             | 473    | 438    | 543    | 6       |
| guardianCount                                                                                 | 381             | 825    | 381    | 2381   | 45      |
| initialize                                                                                    | 23478           | 280752 | 284902 | 284902 | 63      |
| isGuardian                                                                                    | 679             | 866    | 679    | 2679   | 32      |
| isGuardianOrGuardianSigner                                                                    | 435             | 435    | 435    | 435    | 1       |
| isLocked                                                                                      | 404             | 577    | 404    | 2404   | 23      |
| lock                                                                                          | 634             | 11475  | 2509   | 25863  | 5       |
| owner                                                                                         | 410             | 660    | 410    | 2410   | 8       |
| proposeGuardian                                                                               | 1169            | 26792  | 30150  | 36150  | 39      |
| receive                                                                                       | 55              | 55     | 55     | 55     | 2       |
| registerSessionKey(address,uint48,uint48)                                                     | 24703           | 26981  | 28691  | 28691  | 7       |
| registerSessionKey(address,uint48,uint48,uint48)                                              | 24519           | 27177  | 28507  | 28507  | 3       |
| registerSessionKey(address,uint48,uint48,uint48,address[])                                    | 5362            | 42182  | 51387  | 51387  | 5       |
| revokeGuardian                                                                                | 650             | 13735  | 22762  | 30762  | 19      |
| revokeSessionKey                                                                              | 837             | 837    | 837    | 837    | 2       |
| sessionKeys                                                                                   | 788             | 788    | 788    | 788    | 2       |
| startRecovery                                                                                 | 662             | 40136  | 54876  | 58976  | 13      |
| transferOwnership                                                                             | 768             | 20017  | 30769  | 30769  | 5       |
| unlock                                                                                        | 610             | 1502   | 1410   | 2488   | 3       |
| updateEntryPoint                                                                              | 604             | 1175   | 629    | 2293   | 3       |
| validateUserOp                                                                                | 5211            | 8544   | 9211   | 12645  | 47      |


| contracts/core/recoverable/RecoverableOpenfortFactory.sol:RecoverableOpenfortFactory contract |                 |        |        |        |         |
|-----------------------------------------------------------------------------------------------|-----------------|--------|--------|--------|---------|
| Deployment Cost                                                                               | Deployment Size |        |        |        |         |
| 660500                                                                                        | 4104            |        |        |        |         |
| Function Name                                                                                 | min             | avg    | median | max    | # calls |
| createAccountWithNonce                                                                        | 7232            | 400647 | 406912 | 409412 | 63      |
| getAddressWithNonce                                                                           | 6785            | 6785   | 6785   | 6785   | 4       |


| contracts/core/static/StaticOpenfortAccount.sol:StaticOpenfortAccount contract |                 |        |        |        |         |
|--------------------------------------------------------------------------------|-----------------|--------|--------|--------|---------|
| Deployment Cost                                                                | Deployment Size |        |        |        |         |
| 2268434                                                                        | 11493           |        |        |        |         |
| Function Name                                                                  | min             | avg    | median | max    | # calls |
| acceptOwnership                                                                | 4184            | 4184   | 4184   | 4184   | 2       |
| eip712Domain                                                                   | 10961           | 10961  | 10961  | 10961  | 6       |
| entryPoint                                                                     | 398             | 398    | 398    | 398    | 2       |
| execute                                                                        | 3730            | 23554  | 25946  | 32930  | 30      |
| executeBatch                                                                   | 25743           | 45797  | 48408  | 55408  | 12      |
| initialize                                                                     | 124044          | 124044 | 124044 | 124044 | 91      |
| isValidSignature                                                               | 6793            | 14732  | 15620  | 19298  | 8       |
| owner                                                                          | 365             | 365    | 365    | 365    | 3       |
| receive                                                                        | 55              | 55     | 55     | 55     | 2       |
| registerSessionKey(address,uint48,uint48)                                      | 24769           | 27669  | 28757  | 28757  | 11      |
| registerSessionKey(address,uint48,uint48,uint48)                               | 24497           | 27155  | 28485  | 28485  | 3       |
| registerSessionKey(address,uint48,uint48,uint48,address[])                     | 5340            | 43694  | 51365  | 51365  | 6       |
| revokeSessionKey                                                               | 771             | 771    | 771    | 771    | 2       |
| sessionKeys                                                                    | 854             | 854    | 854    | 854    | 3       |
| transferOwnership                                                              | 2627            | 18459  | 26375  | 26375  | 3       |
| updateEntryPoint                                                               | 651             | 1483   | 1483   | 2315   | 2       |
| validateUserOp                                                                 | 5145            | 8974   | 9145   | 15650  | 78      |


| contracts/core/static/StaticOpenfortFactory.sol:StaticOpenfortFactory contract |                 |        |        |        |         |
|--------------------------------------------------------------------------------|-----------------|--------|--------|--------|---------|
| Deployment Cost                                                                | Deployment Size |        |        |        |         |
| 211175                                                                         | 1380            |        |        |        |         |
| Function Name                                                                  | min             | avg    | median | max    | # calls |
| createAccountWithNonce                                                         | 1008            | 169109 | 170902 | 173402 | 92      |
| getAddressWithNonce                                                            | 786             | 786    | 786    | 786    | 4       |


| contracts/core/upgradeable/OpenfortUpgradeableProxy.sol:OpenfortUpgradeableProxy contract |                 |       |        |       |         |
|-------------------------------------------------------------------------------------------|-----------------|-------|--------|-------|---------|
| Deployment Cost                                                                           | Deployment Size |       |        |       |         |
| 200167                                                                                    | 1534            |       |        |       |         |
| Function Name                                                                             | min             | avg   | median | max   | # calls |
| acceptOwnership                                                                           | 4583            | 4583  | 4583   | 4583  | 4       |
| entryPoint                                                                                | 877             | 877   | 877    | 877   | 3       |
| execute                                                                                   | 4080            | 17284 | 22204  | 35966 | 31      |
| executeBatch                                                                              | 26317           | 26317 | 26317  | 26317 | 2       |
| implementation                                                                            | 335             | 335   | 335    | 335   | 2       |
| onERC721Received                                                                          | 1343            | 1343  | 1343   | 1343  | 18      |
| owner                                                                                     | 844             | 4455  | 7344   | 7344  | 9       |
| pendingOwner                                                                              | 832             | 832   | 832    | 832   | 2       |
| receive                                                                                   | 4976            | 4976  | 4976   | 4976  | 3       |
| registerSessionKey(address,uint48,uint48)                                                 | 25213           | 30063 | 33701  | 33701 | 7       |
| registerSessionKey(address,uint48,uint48,uint48)                                          | 24991           | 30649 | 33479  | 33479 | 3       |
| registerSessionKey(address,uint48,uint48,uint48,address[])                                | 10469           | 47230 | 56421  | 56421 | 5       |
| revokeSessionKey                                                                          | 1187            | 1187  | 1187   | 1187  | 2       |
| sessionKeys                                                                               | 1266            | 1266  | 1266   | 1266  | 2       |
| transferOwnership                                                                         | 7622            | 24007 | 24854  | 31354 | 5       |
| updateEntryPoint                                                                          | 1102            | 1926  | 1926   | 2750  | 2       |
| upgradeTo                                                                                 | 3363            | 7091  | 7091   | 10819 | 2       |
| validateUserOp                                                                            | 5771            | 10437 | 8660   | 16756 | 49      |
| version                                                                                   | 760             | 2977  | 2977   | 5195  | 2       |


| contracts/core/upgradeable/UpgradeableOpenfortAccount.sol:UpgradeableOpenfortAccount contract |                 |        |        |        |         |
|-----------------------------------------------------------------------------------------------|-----------------|--------|--------|--------|---------|
| Deployment Cost                                                                               | Deployment Size |        |        |        |         |
| 2671592                                                                                       | 13550           |        |        |        |         |
| Function Name                                                                                 | min             | avg    | median | max    | # calls |
| acceptOwnership                                                                               | 4220            | 4220   | 4220   | 4220   | 4       |
| entryPoint                                                                                    | 420             | 420    | 420    | 420    | 3       |
| execute                                                                                       | 3688            | 16399  | 21726  | 35470  | 31      |
| executeBatch                                                                                  | 25743           | 25743  | 25743  | 25743  | 2       |
| initialize                                                                                    | 124044          | 124044 | 124044 | 124044 | 69      |
| onERC721Received                                                                              | 862             | 862    | 862    | 862    | 18      |
| owner                                                                                         | 387             | 1498   | 2387   | 2387   | 9       |
| pendingOwner                                                                                  | 375             | 375    | 375    | 375    | 2       |
| receive                                                                                       | 55              | 55     | 55     | 55     | 3       |
| registerSessionKey(address,uint48,uint48)                                                     | 24747           | 27025  | 28735  | 28735  | 7       |
| registerSessionKey(address,uint48,uint48,uint48)                                              | 24519           | 27177  | 28507  | 28507  | 3       |
| registerSessionKey(address,uint48,uint48,uint48,address[])                                    | 5406            | 42226  | 51431  | 51431  | 5       |
| revokeSessionKey                                                                              | 726             | 726    | 726    | 726    | 2       |
| sessionKeys                                                                                   | 788             | 788    | 788    | 788    | 2       |
| transferOwnership                                                                             | 2649            | 20847  | 24397  | 26397  | 5       |
| updateEntryPoint                                                                              | 629             | 1461   | 1461   | 2293   | 2       |
| upgradeTo                                                                                     | 2890            | 6626   | 6626   | 10362  | 2       |
| validateUserOp                                                                                | 5145            | 8424   | 8046   | 12579  | 49      |
| version                                                                                       | 238             | 238    | 238    | 238    | 1       |


| contracts/core/upgradeable/UpgradeableOpenfortFactory.sol:UpgradeableOpenfortFactory contract |                 |        |        |        |         |
|-----------------------------------------------------------------------------------------------|-----------------|--------|--------|--------|---------|
| Deployment Cost                                                                               | Deployment Size |        |        |        |         |
| 515288                                                                                        | 2906            |        |        |        |         |
| Function Name                                                                                 | min             | avg    | median | max    | # calls |
| createAccountWithNonce                                                                        | 6266            | 240508 | 243795 | 246295 | 70      |
| getAddressWithNonce                                                                           | 5817            | 5817   | 5817   | 5817   | 4       |


| contracts/mock/MockedV2ManagedOpenfortAccount.sol:MockedV2ManagedOpenfortAccount contract |                 |       |        |       |         |
|-------------------------------------------------------------------------------------------|-----------------|-------|--------|-------|---------|
| Deployment Cost                                                                           | Deployment Size |       |        |       |         |
| 2094837                                                                                   | 10626           |       |        |       |         |
| Function Name                                                                             | min             | avg   | median | max   | # calls |
| initialize                                                                                | 50357           | 50357 | 50357  | 50357 | 1       |
| version                                                                                   | 259             | 259   | 259    | 259   | 2       |


| contracts/mock/MockedV2UpgradeableOpenfortAccount.sol:MockedV2UpgradeableOpenfortAccount contract |                 |     |        |     |         |
|---------------------------------------------------------------------------------------------------|-----------------|-----|--------|-----|---------|
| Deployment Cost                                                                                   | Deployment Size |     |        |     |         |
| 2511603                                                                                           | 12751           |     |        |     |         |
| Function Name                                                                                     | min             | avg | median | max | # calls |
| proxiableUUID                                                                                     | 374             | 374 | 374    | 374 | 1       |
| version                                                                                           | 303             | 303 | 303    | 303 | 1       |


| contracts/mock/USDC.sol:USDC contract |                 |       |        |       |         |
|---------------------------------------|-----------------|-------|--------|-------|---------|
| Deployment Cost                       | Deployment Size |       |        |       |         |
| 519041                                | 2828            |       |        |       |         |
| Function Name                         | min             | avg   | median | max   | # calls |
| balanceOf                             | 562             | 1228  | 562    | 2562  | 24      |
| mint                                  | 46605           | 46605 | 46605  | 46605 | 18      |
| transfer                              | 2511            | 6533  | 3138   | 25838 | 26      |


| contracts/mock/VipNFT.sol:VIPNFT contract |                 |       |        |       |         |
|-------------------------------------------|-----------------|-------|--------|-------|---------|
| Deployment Cost                           | Deployment Size |       |        |       |         |
| 1019550                                   | 5353            |       |        |       |         |
| Function Name                             | min             | avg   | median | max   | # calls |
| execute                                   | 213             | 213   | 213    | 213   | 1       |
| mint                                      | 47507           | 48784 | 49422  | 49707 | 46      |
| ownerOf                                   | 536             | 1086  | 536    | 2536  | 40      |
| safeTransferFrom                          | 34194           | 34194 | 34194  | 34194 | 2       |
| transferFrom                              | 31314           | 32314 | 32314  | 33314 | 2       |


| contracts/paymaster/OpenfortPaymaster.sol:OpenfortPaymaster contract |                 |       |        |       |         |
|----------------------------------------------------------------------|-----------------|-------|--------|-------|---------|
| Deployment Cost                                                      | Deployment Size |       |        |       |         |
| 1494290                                                              | 7672            |       |        |       |         |
| Function Name                                                        | min             | avg   | median | max   | # calls |
| addStake                                                             | 520             | 31316 | 32925  | 32925 | 25      |
| deposit                                                              | 11806           | 31954 | 33706  | 33706 | 25      |
| entryPoint                                                           | 250             | 250   | 250    | 250   | 1       |
| getDeposit                                                           | 1339            | 2285  | 1339   | 5839  | 28      |
| getHash                                                              | 3980            | 4039  | 3998   | 4097  | 22      |
| owner                                                                | 2387            | 2387  | 2387   | 2387  | 11      |
| parsePaymasterAndData                                                | 1982            | 1982  | 1982   | 1982  | 2       |
| postOp                                                               | 722             | 18778 | 10134  | 34714 | 13      |
| setPostOpGas                                                         | 2560            | 4672  | 2597   | 8859  | 3       |
| tokenRecipient                                                       | 416             | 1416  | 1416   | 2416  | 2       |
| unlockStake                                                          | 3412            | 3412  | 3412   | 3412  | 1       |
| updateTokenRecipient                                                 | 2582            | 4086  | 2607   | 7071  | 3       |
| validatePaymasterUserOp                                              | 660             | 9467  | 10526  | 11609 | 14      |
| withdrawStake                                                        | 1750            | 4128  | 1901   | 8734  | 3       |
| withdrawTo                                                           | 2650            | 7878  | 3620   | 17365 | 3       |


| contracts/paymaster/OpenfortPaymasterV2.sol:OpenfortPaymasterV2 contract |                 |       |        |       |         |
|--------------------------------------------------------------------------|-----------------|-------|--------|-------|---------|
| Deployment Cost                                                          | Deployment Size |       |        |       |         |
| 1893046                                                                  | 9766            |       |        |       |         |
| Function Name                                                            | min             | avg   | median | max   | # calls |
| acceptOwnership                                                          | 5047            | 6277  | 5539   | 8247  | 3       |
| addStake                                                                 | 520             | 31538 | 32925  | 32925 | 29      |
| deposit                                                                  | 413             | 30953 | 33846  | 33846 | 30      |
| depositFor                                                               | 371             | 39752 | 55506  | 66006 | 9       |
| entryPoint                                                               | 261             | 261   | 261    | 261   | 1       |
| getDeposit                                                               | 1328            | 2016  | 1328   | 5828  | 45      |
| getDepositFor                                                            | 780             | 1633  | 1803   | 5803  | 32      |
| getHash                                                                  | 4221            | 4270  | 4239   | 4338  | 28      |
| owner                                                                    | 343             | 1787  | 2343   | 2343  | 18      |
| parsePaymasterAndData                                                    | 2111            | 2111  | 2111   | 2111  | 2       |
| postOp                                                                   | 810             | 19242 | 20570  | 35034 | 16      |
| setPostOpGas                                                             | 2516            | 4628  | 2553   | 8815  | 3       |
| transferOwnership                                                        | 671             | 16503 | 24419  | 24419 | 3       |
| unlockStake                                                              | 3412            | 3412  | 3412   | 3412  | 1       |
| validatePaymasterUserOp                                                  | 682             | 10204 | 11233  | 11880 | 17      |
| withdrawDepositorTo                                                      | 481             | 3187  | 746    | 10777 | 4       |
| withdrawFromDepositor                                                    | 770             | 4236  | 1015   | 10924 | 3       |
| withdrawStake                                                            | 1750            | 4128  | 1901   | 8734  | 3       |
| withdrawTo                                                               | 628             | 6030  | 3476   | 13987 | 3       |


| lib/account-abstraction/contracts/core/SenderCreator.sol:SenderCreator contract |                 |        |        |        |         |
|---------------------------------------------------------------------------------|-----------------|--------|--------|--------|---------|
| Deployment Cost                                                                 | Deployment Size |        |        |        |         |
| 99947                                                                           | 531             |        |        |        |         |
| Function Name                                                                   | min             | avg    | median | max    | # calls |
| createSender                                                                    | 172055          | 271354 | 252649 | 408065 | 4       |



 
Ran 10 test suites: [32m234[0m tests passed, [31m0[0m failed, [33m0[0m skipped (234 total tests)
