
Running 1 test for test/foundry/4337/Specific4337Tests.t.sol:Specific4337Tests
[32m[PASS][0m testToken():(address) (gas: 2404)
Test result: [32mok[0m. 1 passed; 0 failed; finished in 1.09ms

Running 29 tests for test/foundry/core/static/StaticOpenfortAccountTest.t.sol:StaticOpenfortAccountTest
[32m[PASS][0m testChangeOwnershipAndCountDirect() (gas: 61446)
[32m[PASS][0m testChangeOwnershipAndCountEntryPoint() (gas: 234736)
[32m[PASS][0m testCreateAccountWithNonceViaFactory() (gas: 142854)
[32m[PASS][0m testFailAttackRegisterSessionKeyViaEntrypoint2ndKey() (gas: 422918)
[32m[PASS][0m testFailCreateAccountViaEntryPoint() (gas: 239)
[32m[PASS][0m testFailIncrementCounterViaSessionKeyNotregistered() (gas: 200589)
[32m[PASS][0m testFailIncrementCounterViaSessionKeyReachLimit() (gas: 322505)
[32m[PASS][0m testFailIncrementCounterViaSessionKeyReachLimitBatching() (gas: 229800)
[32m[PASS][0m testFailIncrementCounterViaSessionKeyRevoked() (gas: 52394)
[32m[PASS][0m testFailIncrementCounterViaSessionKeyWhitelistingBatch() (gas: 286323)
[32m[PASS][0m testFailIncrementCounterViaSessionKeyWhitelistingBatchWrongAddress() (gas: 252908)
[32m[PASS][0m testFailIncrementCounterViaSessionKeyWhitelistingTooBig() (gas: 29208)
[32m[PASS][0m testFailIncrementCounterViaSessionKeyWhitelistingWrongAddress() (gas: 244373)
[32m[PASS][0m testFailRevokeSessionKeyInvalidUser() (gas: 54938)
[32m[PASS][0m testIncrementCounterDirect() (gas: 48127)
[32m[PASS][0m testIncrementCounterViaEntrypoint() (gas: 230791)
[32m[PASS][0m testIncrementCounterViaEntrypointBatching() (gas: 243075)
[32m[PASS][0m testIncrementCounterViaSessionKey() (gas: 250737)
[32m[PASS][0m testIncrementCounterViaSessionKeyExpired() (gas: 217466)
[32m[PASS][0m testIncrementCounterViaSessionKeyWhitelisting() (gas: 276303)
[32m[PASS][0m testIncrementCounterViaSessionKeyWhitelistingBatch() (gas: 299436)
[32m[PASS][0m testMintTokenAccount() (gas: 259559)
[32m[PASS][0m testReceiveNativeToken() (gas: 20030)
[32m[PASS][0m testRegisterSessionKeyViaEntrypoint() (gas: 342972)
[32m[PASS][0m testRegisterSessionKeyViaEntrypoint2ndKey() (gas: 454165)
[32m[PASS][0m testSimulateValidation() (gas: 126642)
[32m[PASS][0m testToken():(address) (gas: 2404)
[32m[PASS][0m testTransferOutNativeToken() (gas: 153685)
[32m[PASS][0m testUpdateEntryPoint() (gas: 426442)
Test result: [32mok[0m. 29 passed; 0 failed; finished in 19.87ms

Running 29 tests for test/foundry/core/managed/ManagedOpenfortAccountTest.t.sol:ManagedOpenfortAccountTest
[32m[PASS][0m testChangeOwnershipAndCountDirect() (gas: 68623)
[32m[PASS][0m testChangeOwnershipAndCountEntryPoint() (gas: 241459)
[32m[PASS][0m testCreateAccountWithNonceViaFactory() (gas: 227839)
[32m[PASS][0m testFailAttackRegisterSessionKeyViaEntrypoint2ndKey() (gas: 439669)
[32m[PASS][0m testFailCreateAccountViaEntryPoint() (gas: 217)
[32m[PASS][0m testFailIncrementCounterViaSessionKeyNotregistered() (gas: 211087)
[32m[PASS][0m testFailIncrementCounterViaSessionKeyReachLimit() (gas: 331608)
[32m[PASS][0m testFailIncrementCounterViaSessionKeyReachLimitBatching() (gas: 236598)
[32m[PASS][0m testFailIncrementCounterViaSessionKeyRevoked() (gas: 58438)
[32m[PASS][0m testFailIncrementCounterViaSessionKeyWhitelistingBatch() (gas: 294083)
[32m[PASS][0m testFailIncrementCounterViaSessionKeyWhitelistingBatchWrongAddress() (gas: 259772)
[32m[PASS][0m testFailIncrementCounterViaSessionKeyWhitelistingTooBig() (gas: 34525)
[32m[PASS][0m testFailIncrementCounterViaSessionKeyWhitelistingWrongAddress() (gas: 251237)
[32m[PASS][0m testFailRevokeSessionKeyInvalidUser() (gas: 60982)
[32m[PASS][0m testIncrementCounterDirect() (gas: 53408)
[32m[PASS][0m testIncrementCounterViaEntrypoint() (gas: 242099)
[32m[PASS][0m testIncrementCounterViaEntrypointBatching() (gas: 254380)
[32m[PASS][0m testIncrementCounterViaSessionKey() (gas: 258297)
[32m[PASS][0m testIncrementCounterViaSessionKeyExpired() (gas: 224245)
[32m[PASS][0m testIncrementCounterViaSessionKeyWhitelisting() (gas: 283967)
[32m[PASS][0m testIncrementCounterViaSessionKeyWhitelistingBatch() (gas: 307974)
[32m[PASS][0m testMintTokenAccount() (gas: 270866)
[32m[PASS][0m testReceiveNativeToken() (gas: 27473)
[32m[PASS][0m testRegisterSessionKeyViaEntrypoint() (gas: 357331)
[32m[PASS][0m testRegisterSessionKeyViaEntrypoint2ndKey() (gas: 471559)
[32m[PASS][0m testSimulateValidation() (gas: 131894)
[32m[PASS][0m testToken():(address) (gas: 2404)
[32m[PASS][0m testTransferOutNativeToken() (gas: 160677)
[32m[PASS][0m testUpgradeTo() (gas: 2260519)
Test result: [32mok[0m. 29 passed; 0 failed; finished in 20.18ms

Running 14 tests for test/foundry/paymaster/OpenfortPaymasterTest.t.sol:OpenfortPaymasterTest
[32m[PASS][0m testEntryPointDepositToPaymaster() (gas: 45343)
[32m[PASS][0m testFailPaymasterUserOpERC20ValidSigExecBatchInsufficientERC20() (gas: 339363)
[32m[PASS][0m testFailPaymasterUserOpERC20ValidSigSmallApprove() (gas: 299335)
[32m[PASS][0m testInitialParameters() (gas: 13804)
[32m[PASS][0m testParsePaymasterDataERC20() (gas: 35479)
[32m[PASS][0m testParsePaymasterDataNative() (gas: 33235)
[32m[PASS][0m testPaymasterAddStake() (gas: 47319)
[32m[PASS][0m testPaymasterUserOpERC20ValidSig() (gas: 322486)
[32m[PASS][0m testPaymasterUserOpERC20ValidSigExecBatch() (gas: 363297)
[32m[PASS][0m testPaymasterUserOpNativeValidSig() (gas: 252797)
[32m[PASS][0m testPaymasterUserOpNativeValidSigExecBatch() (gas: 295212)
[32m[PASS][0m testPaymasterUserOpWrongSig() (gas: 134827)
[32m[PASS][0m testPaymasterUserOpWrongSigLength() (gas: 105174)
[32m[PASS][0m testToken():(address) (gas: 2405)
Test result: [32mok[0m. 14 passed; 0 failed; finished in 20.77ms

Running 29 tests for test/foundry/core/upgradeable/UpgradeableOpenfortAccountTest.t.sol:UpgradeableOpenfortAccountTest
[32m[PASS][0m testChangeOwnershipAndCountDirect() (gas: 64146)
[32m[PASS][0m testChangeOwnershipAndCountEntryPoint() (gas: 237882)
[32m[PASS][0m testCreateAccountWithNonceViaFactory() (gas: 211442)
[32m[PASS][0m testFailAttackRegisterSessionKeyViaEntrypoint2ndKey() (gas: 429148)
[32m[PASS][0m testFailCreateAccountViaEntryPoint() (gas: 239)
[32m[PASS][0m testFailIncrementCounterViaSessionKeyNotregistered() (gas: 205035)
[32m[PASS][0m testFailIncrementCounterViaSessionKeyReachLimit() (gas: 325843)
[32m[PASS][0m testFailIncrementCounterViaSessionKeyReachLimitBatching() (gas: 232469)
[32m[PASS][0m testFailIncrementCounterViaSessionKeyRevoked() (gas: 54845)
[32m[PASS][0m testFailIncrementCounterViaSessionKeyWhitelistingBatchWrongAddress() (gas: 255643)
[32m[PASS][0m testFailIncrementCounterViaSessionKeyWhitelistingTooBig() (gas: 31499)
[32m[PASS][0m testFailIncrementCounterViaSessionKeyWhitelistingWrongAddress() (gas: 247108)
[32m[PASS][0m testFailRevokeSessionKeyInvalidUser() (gas: 57389)
[32m[PASS][0m testIncrementCounterDirect() (gas: 50350)
[32m[PASS][0m testIncrementCounterViaEntrypoint() (gas: 235460)
[32m[PASS][0m testIncrementCounterViaEntrypointBatching() (gas: 247744)
[32m[PASS][0m testIncrementCounterViaSessionKey() (gas: 253607)
[32m[PASS][0m testIncrementCounterViaSessionKeyExpired() (gas: 220113)
[32m[PASS][0m testIncrementCounterViaSessionKeyWhitelisting() (gas: 279261)
[32m[PASS][0m testIncrementCounterViaSessionKeyWhitelistingBatch() (gas: 302617)
[32m[PASS][0m testMintTokenAccount() (gas: 264228)
[32m[PASS][0m testReceiveNativeToken() (gas: 22272)
[32m[PASS][0m testRegisterSessionKeyViaEntrypoint() (gas: 348511)
[32m[PASS][0m testRegisterSessionKeyViaEntrypoint2ndKey() (gas: 460574)
[32m[PASS][0m testSimulateValidation() (gas: 128865)
[32m[PASS][0m testToken():(address) (gas: 2404)
[32m[PASS][0m testTransferOutNativeToken() (gas: 156373)
[32m[PASS][0m testUpdateEntryPoint() (gas: 774303)
[32m[PASS][0m testUpgradeAccount() (gas: 2303948)
Test result: [32mok[0m. 29 passed; 0 failed; finished in 20.78ms
| EntryPoint contract         |                 |       |        |       |         |
|-----------------------------|-----------------|-------|--------|-------|---------|
| Deployment Cost             | Deployment Size |       |        |       |         |
| 0                           | 0               |       |        |       |         |
| Function Name               | min             | avg   | median | max   | # calls |
| _validateSenderAndPaymaster | 1149            | 1149  | 1149   | 1149  | 1       |
| depositTo                   | 24580           | 24580 | 24580  | 24580 | 1       |
| getNonce                    | 2810            | 2810  | 2810   | 2810  | 1       |
| getUserOpHash               | 2181            | 2181  | 2181   | 2181  | 1       |
| handleOps                   | 92533           | 92533 | 92533  | 92533 | 1       |
| innerHandleOp               | 28517           | 28517 | 28517  | 28517 | 1       |
| simulateValidation          | 48153           | 48153 | 48153  | 48153 | 1       |


| contracts/core/managed/ManagedOpenfortAccount.sol:ManagedOpenfortAccount contract |                 |       |        |       |         |
|-----------------------------------------------------------------------------------|-----------------|-------|--------|-------|---------|
| Deployment Cost                                                                   | Deployment Size |       |        |       |         |
| 1806914                                                                           | 9182            |       |        |       |         |
| Function Name                                                                     | min             | avg   | median | max   | # calls |
| acceptOwnership                                                                   | 4236            | 4236  | 4236   | 4236  | 2       |
| execute                                                                           | 3891            | 22587 | 21542  | 32768 | 16      |
| executeBatch                                                                      | 25603           | 25603 | 25603  | 25603 | 2       |
| initialize                                                                        | 50619           | 50619 | 50619  | 50619 | 31      |
| receive                                                                           | 55              | 55    | 55     | 55    | 2       |
| registerSessionKey(address,uint48,uint48)                                         | 24629           | 25765 | 26617  | 26617 | 7       |
| registerSessionKey(address,uint48,uint48,uint48)                                  | 24379           | 25704 | 26367  | 26367 | 3       |
| registerSessionKey(address,uint48,uint48,uint48,address[])                        | 3288            | 41642 | 49313  | 49313 | 6       |
| revokeSessionKey                                                                  | 609             | 609   | 609    | 609   | 2       |
| sessionKeys                                                                       | 810             | 810   | 810    | 810   | 3       |
| transferOwnership                                                                 | 26375           | 26375 | 26375  | 26375 | 2       |
| validateUserOp                                                                    | 5005            | 7954  | 7005   | 15510 | 48      |
| version                                                                           | 259             | 259   | 259    | 259   | 1       |


| contracts/core/managed/ManagedOpenfortFactory.sol:ManagedOpenfortFactory contract |                 |        |        |        |         |
|-----------------------------------------------------------------------------------|-----------------|--------|--------|--------|---------|
| Deployment Cost                                                                   | Deployment Size |        |        |        |         |
| 663398                                                                            | 3541            |        |        |        |         |
| Function Name                                                                     | min             | avg    | median | max    | # calls |
| createAccountWithNonce                                                            | 189740          | 190177 | 189740 | 196740 | 32      |
| getAddressWithNonce                                                               | 7081            | 7081   | 7081   | 7081   | 2       |


| contracts/core/managed/OpenfortBeacon.sol:OpenfortBeacon contract |                 |      |        |      |         |
|-------------------------------------------------------------------|-----------------|------|--------|------|---------|
| Deployment Cost                                                   | Deployment Size |      |        |      |         |
| 213861                                                            | 1248            |      |        |      |         |
| Function Name                                                     | min             | avg  | median | max  | # calls |
| implementation                                                    | 308             | 730  | 308    | 2308 | 161     |
| upgradeTo                                                         | 2510            | 4659 | 4659   | 6809 | 2       |


| contracts/core/managed/OpenfortBeaconProxy.sol:OpenfortBeaconProxy contract |                 |       |        |       |         |
|-----------------------------------------------------------------------------|-----------------|-------|--------|-------|---------|
| Deployment Cost                                                             | Deployment Size |       |        |       |         |
| 144326                                                                      | 1981            |       |        |       |         |
| Function Name                                                               | min             | avg   | median | max   | # calls |
| acceptOwnership                                                             | 5111            | 5111  | 5111   | 5111  | 2       |
| execute                                                                     | 5014            | 24265 | 22653  | 33873 | 16      |
| executeBatch                                                                | 26810           | 26810 | 26810  | 26810 | 2       |
| receive                                                                     | 10155           | 10155 | 10155  | 10155 | 2       |
| registerSessionKey(address,uint48,uint48)                                   | 25731           | 32009 | 36719  | 36719 | 7       |
| registerSessionKey(address,uint48,uint48,uint48)                            | 25484           | 32809 | 36472  | 36472 | 3       |
| registerSessionKey(address,uint48,uint48,uint48,address[])                  | 13484           | 51777 | 59436  | 59436 | 6       |
| revokeSessionKey                                                            | 1709            | 1709  | 1709   | 1709  | 2       |
| sessionKeys                                                                 | 1921            | 1921  | 1921   | 1921  | 3       |
| transferOwnership                                                           | 36471           | 36471 | 36471  | 36471 | 2       |
| validateUserOp                                                              | 6252            | 12049 | 10795  | 19749 | 48      |
| version                                                                     | 1355            | 1355  | 1355   | 1355  | 3       |


| contracts/core/static/StaticOpenfortAccount.sol:StaticOpenfortAccount contract |                 |       |        |       |         |
|--------------------------------------------------------------------------------|-----------------|-------|--------|-------|---------|
| Deployment Cost                                                                | Deployment Size |       |        |       |         |
| 1877392                                                                        | 9534            |       |        |       |         |
| Function Name                                                                  | min             | avg   | median | max   | # calls |
| acceptOwnership                                                                | 4184            | 4184  | 4184   | 4184  | 2       |
| entryPoint                                                                     | 376             | 376   | 376    | 376   | 2       |
| execute                                                                        | 4031            | 23290 | 23813  | 32908 | 19      |
| executeBatch                                                                   | 25743           | 40742 | 48408  | 55408 | 5       |
| initialize                                                                     | 74366           | 74366 | 74366  | 74366 | 45      |
| receive                                                                        | 55              | 55    | 55     | 55    | 2       |
| registerSessionKey(address,uint48,uint48)                                      | 24769           | 27047 | 28757  | 28757 | 7       |
| registerSessionKey(address,uint48,uint48,uint48)                               | 24497           | 27155 | 28485  | 28485 | 3       |
| registerSessionKey(address,uint48,uint48,uint48,address[])                     | 5340            | 43694 | 51365  | 51365 | 6       |
| revokeSessionKey                                                               | 749             | 749   | 749    | 749   | 2       |
| sessionKeys                                                                    | 832             | 832   | 832    | 832   | 3       |
| transferOwnership                                                              | 26375           | 26375 | 26375  | 26375 | 2       |
| updateEntryPoint                                                               | 651             | 1483  | 1483   | 2315  | 2       |
| validateUserOp                                                                 | 6193            | 8887  | 9145   | 15650 | 56      |


| contracts/core/static/StaticOpenfortFactory.sol:StaticOpenfortFactory contract |                 |        |        |        |         |
|--------------------------------------------------------------------------------|-----------------|--------|--------|--------|---------|
| Deployment Cost                                                                | Deployment Size |        |        |        |         |
| 254618                                                                         | 1597            |        |        |        |         |
| Function Name                                                                  | min             | avg    | median | max    | # calls |
| createAccountWithNonce                                                         | 121646          | 121757 | 121646 | 124146 | 45      |
| getAddressWithNonce                                                            | 846             | 846    | 846    | 846    | 2       |


| contracts/core/upgradeable/OpenfortUpgradeableProxy.sol:OpenfortUpgradeableProxy contract |                 |       |        |       |         |
|-------------------------------------------------------------------------------------------|-----------------|-------|--------|-------|---------|
| Deployment Cost                                                                           | Deployment Size |       |        |       |         |
| 135576                                                                                    | 1522            |       |        |       |         |
| Function Name                                                                             | min             | avg   | median | max   | # calls |
| acceptOwnership                                                                           | 4516            | 4516  | 4516   | 4516  | 2       |
| entryPoint                                                                                | 771             | 771   | 771    | 771   | 2       |
| execute                                                                                   | 4459            | 23534 | 22098  | 33318 | 16      |
| executeBatch                                                                              | 26255           | 26255 | 26255  | 26255 | 2       |
| receive                                                                                   | 4954            | 4954  | 4954   | 4954  | 2       |
| registerSessionKey(address,uint48,uint48)                                                 | 25151           | 30001 | 33639  | 33639 | 7       |
| registerSessionKey(address,uint48,uint48,uint48)                                          | 24907           | 30565 | 33395  | 33395 | 3       |
| registerSessionKey(address,uint48,uint48,uint48,address[])                                | 10407           | 47168 | 56359  | 56359 | 5       |
| revokeSessionKey                                                                          | 1170            | 1170  | 1170   | 1170  | 2       |
| sessionKeys                                                                               | 1248            | 1248  | 1248   | 1248  | 2       |
| transferOwnership                                                                         | 31270           | 31270 | 31270  | 31270 | 2       |
| updateEntryPoint                                                                          | 1040            | 1864  | 1864   | 2688  | 2       |
| upgradeTo                                                                                 | 3301            | 7029  | 7029   | 10757 | 2       |
| validateUserOp                                                                            | 6745            | 10589 | 9965   | 16694 | 46      |
| version                                                                                   | 698             | 2948  | 2948   | 5198  | 2       |


| contracts/core/upgradeable/UpgradeableOpenfortAccount.sol:UpgradeableOpenfortAccount contract |                 |       |        |       |         |
|-----------------------------------------------------------------------------------------------|-----------------|-------|--------|-------|---------|
| Deployment Cost                                                                               | Deployment Size |       |        |       |         |
| 2290542                                                                                       | 11647           |       |        |       |         |
| Function Name                                                                                 | min             | avg   | median | max   | # calls |
| acceptOwnership                                                                               | 4202            | 4202  | 4202   | 4202  | 2       |
| entryPoint                                                                                    | 376             | 376   | 376    | 376   | 2       |
| execute                                                                                       | 4031            | 22832 | 21682  | 32908 | 16      |
| executeBatch                                                                                  | 25743           | 25743 | 25743  | 25743 | 2       |
| initialize                                                                                    | 74366           | 74366 | 74366  | 74366 | 31      |
| receive                                                                                       | 55              | 55    | 55     | 55    | 2       |
| registerSessionKey(address,uint48,uint48)                                                     | 24747           | 27025 | 28735  | 28735 | 7       |
| registerSessionKey(address,uint48,uint48,uint48)                                              | 24497           | 27155 | 28485  | 28485 | 3       |
| registerSessionKey(address,uint48,uint48,uint48,address[])                                    | 5406            | 42226 | 51431  | 51431 | 5       |
| revokeSessionKey                                                                              | 771             | 771   | 771    | 771   | 2       |
| sessionKeys                                                                                   | 832             | 832   | 832    | 832   | 2       |
| transferOwnership                                                                             | 26375           | 26375 | 26375  | 26375 | 2       |
| updateEntryPoint                                                                              | 629             | 1461  | 1461   | 2293  | 2       |
| upgradeTo                                                                                     | 2890            | 6626  | 6626   | 10362 | 2       |
| validateUserOp                                                                                | 6193            | 8548  | 9145   | 12521 | 46      |
| version                                                                                       | 303             | 303   | 303    | 303   | 1       |


| contracts/core/upgradeable/UpgradeableOpenfortFactory.sol:UpgradeableOpenfortFactory contract |                 |        |        |        |         |
|-----------------------------------------------------------------------------------------------|-----------------|--------|--------|--------|---------|
| Deployment Cost                                                                               | Deployment Size |        |        |        |         |
| 543114                                                                                        | 3045            |        |        |        |         |
| Function Name                                                                                 | min             | avg    | median | max    | # calls |
| createAccountWithNonce                                                                        | 179856          | 180017 | 179856 | 182356 | 31      |
| getAddressWithNonce                                                                           | 6035            | 6035   | 6035   | 6035   | 2       |


| contracts/mock/MockedV2ManagedOpenfortAccount.sol:MockedV2ManagedOpenfortAccount contract |                 |       |        |       |         |
|-------------------------------------------------------------------------------------------|-----------------|-------|--------|-------|---------|
| Deployment Cost                                                                           | Deployment Size |       |        |       |         |
| 1806914                                                                                   | 9182            |       |        |       |         |
| Function Name                                                                             | min             | avg   | median | max   | # calls |
| initialize                                                                                | 50619           | 50619 | 50619  | 50619 | 1       |
| version                                                                                   | 259             | 259   | 259    | 259   | 2       |


| contracts/mock/MockedV2UpgradeableOpenfortAccount.sol:MockedV2UpgradeableOpenfortAccount contract |                 |     |        |     |         |
|---------------------------------------------------------------------------------------------------|-----------------|-----|--------|-----|---------|
| Deployment Cost                                                                                   | Deployment Size |     |        |     |         |
| 2237283                                                                                           | 11381           |     |        |     |         |
| Function Name                                                                                     | min             | avg | median | max | # calls |
| proxiableUUID                                                                                     | 374             | 374 | 374    | 374 | 1       |
| version                                                                                           | 303             | 303 | 303    | 303 | 1       |


| contracts/paymaster/OpenfortPaymaster.sol:OpenfortPaymaster contract |                 |       |        |       |         |
|----------------------------------------------------------------------|-----------------|-------|--------|-------|---------|
| Deployment Cost                                                      | Deployment Size |       |        |       |         |
| 1215863                                                              | 6347            |       |        |       |         |
| Function Name                                                        | min             | avg   | median | max   | # calls |
| addStake                                                             | 520             | 30237 | 32925  | 32925 | 16      |
| deposit                                                              | 9919            | 30359 | 31819  | 31819 | 15      |
| entryPoint                                                           | 261             | 261   | 261    | 261   | 1       |
| getDeposit                                                           | 1239            | 2162  | 1239   | 3239  | 13      |
| getHash                                                              | 3462            | 5053  | 4998   | 6535  | 12      |
| owner                                                                | 2365            | 2365  | 2365   | 2365  | 7       |
| parsePaymasterAndData                                                | 1516            | 1516  | 1516   | 1516  | 2       |
| postOp                                                               | 1433            | 12421 | 5583   | 30248 | 6       |
| validatePaymasterUserOp                                              | 1694            | 26885 | 30289  | 31112 | 8       |



