OpenfortPaymasterTest:testEntryPointDepositToPaymaster() (gas: 45021)
OpenfortPaymasterTest:testFailPaymasterUserOpERC20ValidSigExecBatchInsufficientERC20() (gas: 318751)
OpenfortPaymasterTest:testFailPaymasterUserOpERC20ValidSigSmallApprove() (gas: 278769)
OpenfortPaymasterTest:testInitialParameters() (gas: 13782)
OpenfortPaymasterTest:testParsePaymasterDataERC20() (gas: 35525)
OpenfortPaymasterTest:testParsePaymasterDataNative() (gas: 33262)
OpenfortPaymasterTest:testPaymasterAddStake() (gas: 47814)
OpenfortPaymasterTest:testPaymasterUserOpERC20ValidSig() (gas: 301027)
OpenfortPaymasterTest:testPaymasterUserOpERC20ValidSigExecBatch() (gas: 341836)
OpenfortPaymasterTest:testPaymasterUserOpNativeValidSig() (gas: 231287)
OpenfortPaymasterTest:testPaymasterUserOpNativeValidSigExecBatch() (gas: 273615)
OpenfortPaymasterTest:testPaymasterUserOpWrongSig() (gas: 133600)
OpenfortPaymasterTest:testPaymasterUserOpWrongSigLength() (gas: 103771)
OpenfortPaymasterTest:testToken():(address) (gas: 2383)
Specific4337Tests:testToken():(address) (gas: 2382)
Specific4337Tests:testValidateUserOp() (gas: 169836)
Specific4337Tests:testValidateUserOpSessionKey() (gas: 197067)
Specific4337Tests:testWrongValidateUserOp() (gas: 172311)
Specific4337Tests:testWrongValidateUserOpSessionKey() (gas: 199225)
StaticOpenfortAccountTest:testChangeOwnershipAndCountDirect() (gas: 174608)
StaticOpenfortAccountTest:testChangeOwnershipAndCountEntryPoint() (gas: 323909)
StaticOpenfortAccountTest:testCreateAccountViaEntryPoint() (gas: 225805)
StaticOpenfortAccountTest:testCreateAccountViaFactory() (gas: 139501)
StaticOpenfortAccountTest:testCreateAccountViaFactoryWithNonce() (gas: 256254)
StaticOpenfortAccountTest:testFailAttackRegisterSessionKeyViaEntrypoint2ndKey() (gas: 514123)
StaticOpenfortAccountTest:testFailIncrementCounterViaSessionKeyNotregistered() (gas: 290866)
StaticOpenfortAccountTest:testFailIncrementCounterViaSessionKeyReachLimit() (gas: 422830)
StaticOpenfortAccountTest:testFailIncrementCounterViaSessionKeyReachLimitBatching() (gas: 329341)
StaticOpenfortAccountTest:testFailIncrementCounterViaSessionKeyRevoked() (gas: 170573)
StaticOpenfortAccountTest:testFailIncrementCounterViaSessionKeyWhitelistingBatch() (gas: 385875)
StaticOpenfortAccountTest:testFailIncrementCounterViaSessionKeyWhitelistingBatchWrongAddress() (gas: 352466)
StaticOpenfortAccountTest:testFailIncrementCounterViaSessionKeyWhitelistingTooBig() (gas: 169791)
StaticOpenfortAccountTest:testFailIncrementCounterViaSessionKeyWhitelistingWrongAddress() (gas: 343981)
StaticOpenfortAccountTest:testFailRevokeSessionKeyInvalidUser() (gas: 173117)
StaticOpenfortAccountTest:testIncrementCounterDirect() (gas: 166209)
StaticOpenfortAccountTest:testIncrementCounterViaEntrypoint() (gas: 317445)
StaticOpenfortAccountTest:testIncrementCounterViaEntrypointBatching() (gas: 329676)
StaticOpenfortAccountTest:testIncrementCounterViaSessionKey() (gas: 346824)
StaticOpenfortAccountTest:testIncrementCounterViaSessionKeyExpired() (gas: 316929)
StaticOpenfortAccountTest:testIncrementCounterViaSessionKeyWhitelisting() (gas: 372329)
StaticOpenfortAccountTest:testIncrementCounterViaSessionKeyWhitelistingBatch() (gas: 395449)
StaticOpenfortAccountTest:testMintTokenAccount() (gas: 346382)
StaticOpenfortAccountTest:testReceiveNativeToken() (gas: 142149)
StaticOpenfortAccountTest:testRegisterSessionKeyViaEntrypoint() (gas: 427320)
StaticOpenfortAccountTest:testRegisterSessionKeyViaEntrypoint2ndKey() (gas: 536268)
StaticOpenfortAccountTest:testSimulateValidation() (gas: 243564)
StaticOpenfortAccountTest:testToken():(address) (gas: 2426)
StaticOpenfortAccountTest:testTransferOutNativeToken() (gas: 250417)
StaticOpenfortAccountTest:testUpdateEntryPoint() (gas: 2513284)
UpgradeableOpenfortAccountTest:testChangeOwnershipAndCountDirect() (gas: 338216)
UpgradeableOpenfortAccountTest:testChangeOwnershipAndCountEntryPoint() (gas: 487934)
UpgradeableOpenfortAccountTest:testCreateAccountViaEntryPoint() (gas: 402591)
UpgradeableOpenfortAccountTest:testCreateAccountViaFactory() (gas: 315819)
UpgradeableOpenfortAccountTest:testCreateAccountViaFactoryWithNonce() (gas: 589128)
UpgradeableOpenfortAccountTest:testFailAttackRegisterSessionKeyViaEntrypoint2ndKey() (gas: 679276)
UpgradeableOpenfortAccountTest:testFailIncrementCounterViaSessionKeyNotregistered() (gas: 454256)
UpgradeableOpenfortAccountTest:testFailIncrementCounterViaSessionKeyReachLimit() (gas: 587105)
UpgradeableOpenfortAccountTest:testFailIncrementCounterViaSessionKeyReachLimitBatching() (gas: 492954)
UpgradeableOpenfortAccountTest:testFailIncrementCounterViaSessionKeyRevoked() (gas: 333994)
UpgradeableOpenfortAccountTest:testFailIncrementCounterViaSessionKeyWhitelistingBatchWrongAddress() (gas: 516145)
UpgradeableOpenfortAccountTest:testFailIncrementCounterViaSessionKeyWhitelistingTooBig() (gas: 333044)
UpgradeableOpenfortAccountTest:testFailIncrementCounterViaSessionKeyWhitelistingWrongAddress() (gas: 507660)
UpgradeableOpenfortAccountTest:testFailRevokeSessionKeyInvalidUser() (gas: 336538)
UpgradeableOpenfortAccountTest:testIncrementCounterDirect() (gas: 329456)
UpgradeableOpenfortAccountTest:testIncrementCounterViaEntrypoint() (gas: 481109)
UpgradeableOpenfortAccountTest:testIncrementCounterViaEntrypointBatching() (gas: 493318)
UpgradeableOpenfortAccountTest:testIncrementCounterViaSessionKey() (gas: 510660)
UpgradeableOpenfortAccountTest:testIncrementCounterViaSessionKeyExpired() (gas: 480520)
UpgradeableOpenfortAccountTest:testIncrementCounterViaSessionKeyWhitelisting() (gas: 536253)
UpgradeableOpenfortAccountTest:testIncrementCounterViaSessionKeyWhitelistingBatch() (gas: 559596)
UpgradeableOpenfortAccountTest:testMintTokenAccount() (gas: 510046)
UpgradeableOpenfortAccountTest:testReceiveNativeToken() (gas: 305393)
UpgradeableOpenfortAccountTest:testRegisterSessionKeyViaEntrypoint() (gas: 591818)
UpgradeableOpenfortAccountTest:testRegisterSessionKeyViaEntrypoint2ndKey() (gas: 701600)
UpgradeableOpenfortAccountTest:testSimulateValidation() (gas: 406760)
UpgradeableOpenfortAccountTest:testToken():(address) (gas: 2426)
UpgradeableOpenfortAccountTest:testTransferOutNativeToken() (gas: 414100)
UpgradeableOpenfortAccountTest:testUpgradeAccount() (gas: 2631039)