ManagedOpenfortAccountTest:testChangeOwnershipAndCountDirect() (gas: 249819)
ManagedOpenfortAccountTest:testChangeOwnershipAndCountEntryPoint() (gas: 422552)
ManagedOpenfortAccountTest:testCreateAccountViaEntryPoint() (gas: 334260)
ManagedOpenfortAccountTest:testCreateAccountViaFactory() (gas: 224506)
ManagedOpenfortAccountTest:testCreateAccountViaFactoryWithNonce() (gas: 403358)
ManagedOpenfortAccountTest:testFailAttackRegisterSessionKeyViaEntrypoint2ndKey() (gas: 611142)
ManagedOpenfortAccountTest:testFailIncrementCounterViaSessionKeyNotregistered() (gas: 383285)
ManagedOpenfortAccountTest:testFailIncrementCounterViaSessionKeyReachLimit() (gas: 517480)
ManagedOpenfortAccountTest:testFailIncrementCounterViaSessionKeyReachLimitBatching() (gas: 422552)
ManagedOpenfortAccountTest:testFailIncrementCounterViaSessionKeyRevoked() (gas: 244633)
ManagedOpenfortAccountTest:testFailIncrementCounterViaSessionKeyWhitelistingBatch() (gas: 480064)
ManagedOpenfortAccountTest:testFailIncrementCounterViaSessionKeyWhitelistingBatchWrongAddress() (gas: 445738)
ManagedOpenfortAccountTest:testFailIncrementCounterViaSessionKeyWhitelistingTooBig() (gas: 220849)
ManagedOpenfortAccountTest:testFailIncrementCounterViaSessionKeyWhitelistingWrongAddress() (gas: 437254)
ManagedOpenfortAccountTest:testFailRevokeSessionKeyInvalidUser() (gas: 247177)
ManagedOpenfortAccountTest:testIncrementCounterDirect() (gas: 239611)
ManagedOpenfortAccountTest:testIncrementCounterViaEntrypoint() (gas: 414213)
ManagedOpenfortAccountTest:testIncrementCounterViaEntrypointBatching() (gas: 426477)
ManagedOpenfortAccountTest:testIncrementCounterViaSessionKey() (gas: 444291)
ManagedOpenfortAccountTest:testIncrementCounterViaSessionKeyExpired() (gas: 410152)
ManagedOpenfortAccountTest:testIncrementCounterViaSessionKeyWhitelisting() (gas: 469851)
ManagedOpenfortAccountTest:testIncrementCounterViaSessionKeyWhitelistingBatch() (gas: 493879)
ManagedOpenfortAccountTest:testMintTokenAccount() (gas: 443234)
ManagedOpenfortAccountTest:testReceiveNativeToken() (gas: 215676)
ManagedOpenfortAccountTest:testRegisterSessionKeyViaEntrypoint() (gas: 529095)
ManagedOpenfortAccountTest:testRegisterSessionKeyViaEntrypoint2ndKey() (gas: 642998)
ManagedOpenfortAccountTest:testSimulateValidation() (gas: 317530)
ManagedOpenfortAccountTest:testToken():(address) (gas: 2426)
ManagedOpenfortAccountTest:testTransferOutNativeToken() (gas: 346811)
ManagedOpenfortAccountTest:testUpgradeTo() (gas: 2077403)
OpenfortPaymasterTest:testEntryPointDepositToPaymaster() (gas: 45343)
OpenfortPaymasterTest:testFailPaymasterUserOpERC20ValidSigExecBatchInsufficientERC20() (gas: 339363)
OpenfortPaymasterTest:testFailPaymasterUserOpERC20ValidSigSmallApprove() (gas: 299335)
OpenfortPaymasterTest:testInitialParameters() (gas: 13782)
OpenfortPaymasterTest:testParsePaymasterDataERC20() (gas: 35479)
OpenfortPaymasterTest:testParsePaymasterDataNative() (gas: 33213)
OpenfortPaymasterTest:testPaymasterAddStake() (gas: 47386)
OpenfortPaymasterTest:testPaymasterUserOpERC20ValidSig() (gas: 322486)
OpenfortPaymasterTest:testPaymasterUserOpERC20ValidSigExecBatch() (gas: 363297)
OpenfortPaymasterTest:testPaymasterUserOpNativeValidSig() (gas: 252797)
OpenfortPaymasterTest:testPaymasterUserOpNativeValidSigExecBatch() (gas: 295212)
OpenfortPaymasterTest:testPaymasterUserOpWrongSig() (gas: 134894)
OpenfortPaymasterTest:testPaymasterUserOpWrongSigLength() (gas: 105152)
OpenfortPaymasterTest:testToken():(address) (gas: 2383)
Specific4337Tests:testToken():(address) (gas: 2382)
StaticOpenfortAccountTest:testChangeOwnershipAndCountDirect() (gas: 174591)
StaticOpenfortAccountTest:testChangeOwnershipAndCountEntryPoint() (gas: 345781)
StaticOpenfortAccountTest:testCreateAccountViaEntryPoint() (gas: 247744)
StaticOpenfortAccountTest:testCreateAccountViaFactory() (gas: 139646)
StaticOpenfortAccountTest:testCreateAccountViaFactoryWithNonce() (gas: 256326)
StaticOpenfortAccountTest:testFailAttackRegisterSessionKeyViaEntrypoint2ndKey() (gas: 530840)
StaticOpenfortAccountTest:testFailIncrementCounterViaSessionKeyNotregistered() (gas: 309239)
StaticOpenfortAccountTest:testFailIncrementCounterViaSessionKeyReachLimit() (gas: 440329)
StaticOpenfortAccountTest:testFailIncrementCounterViaSessionKeyReachLimitBatching() (gas: 347706)
StaticOpenfortAccountTest:testFailIncrementCounterViaSessionKeyRevoked() (gas: 170541)
StaticOpenfortAccountTest:testFailIncrementCounterViaSessionKeyWhitelistingBatch() (gas: 404234)
StaticOpenfortAccountTest:testFailIncrementCounterViaSessionKeyWhitelistingBatchWrongAddress() (gas: 370804)
StaticOpenfortAccountTest:testFailIncrementCounterViaSessionKeyWhitelistingTooBig() (gas: 147484)
StaticOpenfortAccountTest:testFailIncrementCounterViaSessionKeyWhitelistingWrongAddress() (gas: 362320)
StaticOpenfortAccountTest:testFailRevokeSessionKeyInvalidUser() (gas: 173085)
StaticOpenfortAccountTest:testIncrementCounterDirect() (gas: 166279)
StaticOpenfortAccountTest:testIncrementCounterViaEntrypoint() (gas: 339372)
StaticOpenfortAccountTest:testIncrementCounterViaEntrypointBatching() (gas: 351602)
StaticOpenfortAccountTest:testIncrementCounterViaSessionKey() (gas: 368683)
StaticOpenfortAccountTest:testIncrementCounterViaSessionKeyExpired() (gas: 335303)
StaticOpenfortAccountTest:testIncrementCounterViaSessionKeyWhitelisting() (gas: 394272)
StaticOpenfortAccountTest:testIncrementCounterViaSessionKeyWhitelistingBatch() (gas: 417293)
StaticOpenfortAccountTest:testMintTokenAccount() (gas: 368225)
StaticOpenfortAccountTest:testReceiveNativeToken() (gas: 142185)
StaticOpenfortAccountTest:testRegisterSessionKeyViaEntrypoint() (gas: 451185)
StaticOpenfortAccountTest:testRegisterSessionKeyViaEntrypoint2ndKey() (gas: 562053)
StaticOpenfortAccountTest:testSimulateValidation() (gas: 244245)
StaticOpenfortAccountTest:testToken():(address) (gas: 2404)
StaticOpenfortAccountTest:testTransferOutNativeToken() (gas: 271771)
StaticOpenfortAccountTest:testUpdateEntryPoint() (gas: 538664)
UpgradeableOpenfortAccountTest:testChangeOwnershipAndCountDirect() (gas: 233485)
UpgradeableOpenfortAccountTest:testChangeOwnershipAndCountEntryPoint() (gas: 405121)
UpgradeableOpenfortAccountTest:testCreateAccountViaEntryPoint() (gas: 316768)
UpgradeableOpenfortAccountTest:testCreateAccountViaFactory() (gas: 208224)
UpgradeableOpenfortAccountTest:testCreateAccountViaFactoryWithNonce() (gas: 378117)
UpgradeableOpenfortAccountTest:testFailAttackRegisterSessionKeyViaEntrypoint2ndKey() (gas: 591264)
UpgradeableOpenfortAccountTest:testFailIncrementCounterViaSessionKeyNotregistered() (gas: 367879)
UpgradeableOpenfortAccountTest:testFailIncrementCounterViaSessionKeyReachLimit() (gas: 499861)
UpgradeableOpenfortAccountTest:testFailIncrementCounterViaSessionKeyReachLimitBatching() (gas: 406569)
UpgradeableOpenfortAccountTest:testFailIncrementCounterViaSessionKeyRevoked() (gas: 229186)
UpgradeableOpenfortAccountTest:testFailIncrementCounterViaSessionKeyWhitelistingBatchWrongAddress() (gas: 429733)
UpgradeableOpenfortAccountTest:testFailIncrementCounterViaSessionKeyWhitelistingTooBig() (gas: 205969)
UpgradeableOpenfortAccountTest:testFailIncrementCounterViaSessionKeyWhitelistingWrongAddress() (gas: 421249)
UpgradeableOpenfortAccountTest:testFailRevokeSessionKeyInvalidUser() (gas: 231730)
UpgradeableOpenfortAccountTest:testIncrementCounterDirect() (gas: 224696)
UpgradeableOpenfortAccountTest:testIncrementCounterViaEntrypoint() (gas: 398235)
UpgradeableOpenfortAccountTest:testIncrementCounterViaEntrypointBatching() (gas: 410465)
UpgradeableOpenfortAccountTest:testIncrementCounterViaSessionKey() (gas: 427747)
UpgradeableOpenfortAccountTest:testIncrementCounterViaSessionKeyExpired() (gas: 394144)
UpgradeableOpenfortAccountTest:testIncrementCounterViaSessionKeyWhitelisting() (gas: 453424)
UpgradeableOpenfortAccountTest:testIncrementCounterViaSessionKeyWhitelistingBatch() (gas: 476668)
UpgradeableOpenfortAccountTest:testMintTokenAccount() (gas: 427088)
UpgradeableOpenfortAccountTest:testReceiveNativeToken() (gas: 200621)
UpgradeableOpenfortAccountTest:testRegisterSessionKeyViaEntrypoint() (gas: 510918)
UpgradeableOpenfortAccountTest:testRegisterSessionKeyViaEntrypoint2ndKey() (gas: 622656)
UpgradeableOpenfortAccountTest:testSimulateValidation() (gas: 302662)
UpgradeableOpenfortAccountTest:testToken():(address) (gas: 2404)
UpgradeableOpenfortAccountTest:testTransferOutNativeToken() (gas: 330653)
UpgradeableOpenfortAccountTest:testUpdateEntryPoint() (gas: 943241)
UpgradeableOpenfortAccountTest:testUpgradeAccount() (gas: 2475320)