EIP6551OpenfortAccountTest:testCreate2ndAcc() (gas: 187819)
EIP6551OpenfortAccountTest:testCreateAccInitializer() (gas: 188248)
EIP6551OpenfortAccountTest:testCreateAccountWithNonceViaRegistry() (gas: 105979)
EIP6551OpenfortAccountTest:testFailCreateAccInitializerNoReinit() (gas: 188625)
EIP6551OpenfortAccountTest:testFailInitializeImplementation() (gas: 10259)
EIP6551OpenfortAccountTest:testFailReinitialize() (gas: 12963)
EIP6551OpenfortAccountTest:testGetDeposit() (gas: 69465)
EIP6551OpenfortAccountTest:testImplementationNoEntryPointAddr() (gas: 7741)
EIP6551OpenfortAccountTest:testNotOwner() (gas: 59702)
EIP6551OpenfortAccountTest:testOwner() (gas: 23145)
ManagedOpenfortAccountTest:testChangeOwnershipAndCountDirect() (gas: 82618)
ManagedOpenfortAccountTest:testChangeOwnershipAndCountEntryPoint() (gas: 241865)
ManagedOpenfortAccountTest:testCreateAccountViaEntryPoint() (gas: 398747)
ManagedOpenfortAccountTest:testCreateAccountWithNonceViaFactory() (gas: 301434)
ManagedOpenfortAccountTest:testFailAttackRegisterSessionKeyViaEntrypoint2ndKey() (gas: 440533)
ManagedOpenfortAccountTest:testFailIncrementCounterViaSessionKeyNotregistered() (gas: 211233)
ManagedOpenfortAccountTest:testFailIncrementCounterViaSessionKeyReachLimit() (gas: 332068)
ManagedOpenfortAccountTest:testFailIncrementCounterViaSessionKeyReachLimitBatching() (gas: 236729)
ManagedOpenfortAccountTest:testFailIncrementCounterViaSessionKeyRevoked() (gas: 58603)
ManagedOpenfortAccountTest:testFailIncrementCounterViaSessionKeyWhitelistingBatch() (gas: 294310)
ManagedOpenfortAccountTest:testFailIncrementCounterViaSessionKeyWhitelistingBatchWrongAddress() (gas: 260035)
ManagedOpenfortAccountTest:testFailIncrementCounterViaSessionKeyWhitelistingTooBig() (gas: 34620)
ManagedOpenfortAccountTest:testFailIncrementCounterViaSessionKeyWhitelistingWrongAddress() (gas: 251500)
ManagedOpenfortAccountTest:testFailRevokeSessionKeyInvalidUser() (gas: 61147)
ManagedOpenfortAccountTest:testIncrementCounterDirect() (gas: 53500)
ManagedOpenfortAccountTest:testIncrementCounterViaEntrypoint() (gas: 242381)
ManagedOpenfortAccountTest:testIncrementCounterViaEntrypointBatching() (gas: 254643)
ManagedOpenfortAccountTest:testIncrementCounterViaSessionKey() (gas: 258608)
ManagedOpenfortAccountTest:testIncrementCounterViaSessionKeyExpired() (gas: 224377)
ManagedOpenfortAccountTest:testIncrementCounterViaSessionKeyWhitelisting() (gas: 284192)
ManagedOpenfortAccountTest:testIncrementCounterViaSessionKeyWhitelistingBatch() (gas: 308521)
ManagedOpenfortAccountTest:testMintTokenAccount() (gas: 271016)
ManagedOpenfortAccountTest:testReceiveNativeToken() (gas: 27506)
ManagedOpenfortAccountTest:testRegisterSessionKeyViaEntrypoint() (gas: 357889)
ManagedOpenfortAccountTest:testRegisterSessionKeyViaEntrypoint2ndKey() (gas: 472453)
ManagedOpenfortAccountTest:testSimulateValidation() (gas: 375756)
ManagedOpenfortAccountTest:testToken():(address) (gas: 2448)
ManagedOpenfortAccountTest:testTransferOutNativeToken() (gas: 160900)
ManagedOpenfortAccountTest:testUpgradeTo() (gas: 2644194)
OpenfortPaymasterTest:testEntryPointDepositToPaymaster() (gas: 45343)
OpenfortPaymasterTest:testFailPaymasterUserOpERC20ValidSigExecBatchInsufficientERC20() (gas: 339363)
OpenfortPaymasterTest:testFailPaymasterUserOpERC20ValidSigSmallApprove() (gas: 299357)
OpenfortPaymasterTest:testInitialParameters() (gas: 13804)
OpenfortPaymasterTest:testParsePaymasterDataERC20() (gas: 35479)
OpenfortPaymasterTest:testParsePaymasterDataNative() (gas: 33235)
OpenfortPaymasterTest:testPaymasterAddStake() (gas: 47319)
OpenfortPaymasterTest:testPaymasterUserOpERC20ValidSig() (gas: 322508)
OpenfortPaymasterTest:testPaymasterUserOpERC20ValidSigExecBatch() (gas: 363297)
OpenfortPaymasterTest:testPaymasterUserOpNativeValidSig() (gas: 252819)
OpenfortPaymasterTest:testPaymasterUserOpNativeValidSigExecBatch() (gas: 295212)
OpenfortPaymasterTest:testPaymasterUserOpWrongSig() (gas: 134827)
OpenfortPaymasterTest:testPaymasterUserOpWrongSigLength() (gas: 105174)
OpenfortPaymasterTest:testToken():(address) (gas: 2405)
RecoverableOpenfortAccountTest:test3GuardiansCompleteRecovery() (gas: 283890)
RecoverableOpenfortAccountTest:test3GuardiansFailCompleteRecovery() (gas: 308458)
RecoverableOpenfortAccountTest:test3GuardiansUnorderedCompleteRecovery() (gas: 310909)
RecoverableOpenfortAccountTest:test4GuardiansNoDefaultCompleteRecovery() (gas: 480292)
RecoverableOpenfortAccountTest:testAddEOAGuardian() (gas: 133481)
RecoverableOpenfortAccountTest:testAddEOAGuardianCancel() (gas: 64111)
RecoverableOpenfortAccountTest:testAddEOAGuardianDuplicatedPorposal() (gas: 124647)
RecoverableOpenfortAccountTest:testAddEOAGuardianExpired() (gas: 76222)
RecoverableOpenfortAccountTest:testAddEOAGuardianExpiredThenReAdd() (gas: 143965)
RecoverableOpenfortAccountTest:testAddMultipleEOAGuardians() (gas: 461932)
RecoverableOpenfortAccountTest:testAddOwnerAsGuardianNotAllowed() (gas: 49966)
RecoverableOpenfortAccountTest:testBasicChecksCompleteRecovery() (gas: 95722)
RecoverableOpenfortAccountTest:testBasicCompleteRecovery() (gas: 97016)
RecoverableOpenfortAccountTest:testCancelRecovery() (gas: 91960)
RecoverableOpenfortAccountTest:testCancelRevokeGuardian() (gas: 146079)
RecoverableOpenfortAccountTest:testChangeOwnershipAndCountDirect() (gas: 68881)
RecoverableOpenfortAccountTest:testChangeOwnershipAndCountEntryPoint() (gas: 242916)
RecoverableOpenfortAccountTest:testCreateAccountViaEntryPoint() (gas: 545131)
RecoverableOpenfortAccountTest:testCreateAccountWithNonceViaFactory() (gas: 448649)
RecoverableOpenfortAccountTest:testCreateWrongAccount() (gas: 103029)
RecoverableOpenfortAccountTest:testCreateWrongFactory() (gas: 48880)
RecoverableOpenfortAccountTest:testFailAttackRegisterSessionKeyViaEntrypoint2ndKey() (gas: 430473)
RecoverableOpenfortAccountTest:testFailIncrementCounterViaSessionKeyNotregistered() (gas: 205313)
RecoverableOpenfortAccountTest:testFailIncrementCounterViaSessionKeyReachLimit() (gas: 326678)
RecoverableOpenfortAccountTest:testFailIncrementCounterViaSessionKeyReachLimitBatching() (gas: 232839)
RecoverableOpenfortAccountTest:testFailIncrementCounterViaSessionKeyRevoked() (gas: 54948)
RecoverableOpenfortAccountTest:testFailIncrementCounterViaSessionKeyWhitelistingBatchWrongAddress() (gas: 256078)
RecoverableOpenfortAccountTest:testFailIncrementCounterViaSessionKeyWhitelistingTooBig() (gas: 31617)
RecoverableOpenfortAccountTest:testFailIncrementCounterViaSessionKeyWhitelistingWrongAddress() (gas: 247448)
RecoverableOpenfortAccountTest:testFailRevokeSessionKeyInvalidUser() (gas: 57492)
RecoverableOpenfortAccountTest:testIncrementCounterDirect() (gas: 50478)
RecoverableOpenfortAccountTest:testIncrementCounterViaEntrypoint() (gas: 235933)
RecoverableOpenfortAccountTest:testIncrementCounterViaEntrypointBatching() (gas: 248093)
RecoverableOpenfortAccountTest:testIncrementCounterViaSessionKey() (gas: 254031)
RecoverableOpenfortAccountTest:testIncrementCounterViaSessionKeyExpired() (gas: 220389)
RecoverableOpenfortAccountTest:testIncrementCounterViaSessionKeyWhitelisting() (gas: 279707)
RecoverableOpenfortAccountTest:testIncrementCounterViaSessionKeyWhitelistingBatch() (gas: 303249)
RecoverableOpenfortAccountTest:testLockAccount() (gas: 57961)
RecoverableOpenfortAccountTest:testMessingUpWithGuardianRegister() (gas: 179620)
RecoverableOpenfortAccountTest:testMintTokenAccount() (gas: 264590)
RecoverableOpenfortAccountTest:testReceiveNativeToken() (gas: 22295)
RecoverableOpenfortAccountTest:testRegisterSessionKeyViaEntrypoint() (gas: 349518)
RecoverableOpenfortAccountTest:testRegisterSessionKeyViaEntrypoint2ndKey() (gas: 461850)
RecoverableOpenfortAccountTest:testRevokeAllGuardians() (gas: 186514)
RecoverableOpenfortAccountTest:testRevokeDefaultGuardian() (gas: 151888)
RecoverableOpenfortAccountTest:testRevokeDefaultGuardianAndAddBack() (gas: 105253)
RecoverableOpenfortAccountTest:testRevokeEOAGuardianDuplicatedPorposal() (gas: 134931)
RecoverableOpenfortAccountTest:testRevokeEOAGuardianExpired() (gas: 145785)
RecoverableOpenfortAccountTest:testRevokeGuardian() (gas: 141226)
RecoverableOpenfortAccountTest:testSimulateValidation() (gas: 129081)
RecoverableOpenfortAccountTest:testStartRecovery() (gas: 97969)
RecoverableOpenfortAccountTest:testStartRecoveryTwice() (gas: 87296)
RecoverableOpenfortAccountTest:testStubFakeMockTempisGuardian() (gas: 12888)
RecoverableOpenfortAccountTest:testToken():(address) (gas: 2426)
RecoverableOpenfortAccountTest:testTransferOutNativeToken() (gas: 156739)
RecoverableOpenfortAccountTest:testTransferOwner() (gas: 50400)
RecoverableOpenfortAccountTest:testTransferOwnerNotGuardian() (gas: 113523)
RecoverableOpenfortAccountTest:testUnlockAccount() (gas: 48624)
RecoverableOpenfortAccountTest:testUpdateEntryPoint() (gas: 1124085)
Specific4337Tests:testToken():(address) (gas: 2404)
StaticOpenfortAccountTest:testChangeOwnershipAndCountDirect() (gas: 67684)
StaticOpenfortAccountTest:testChangeOwnershipAndCountEntryPoint() (gas: 234816)
StaticOpenfortAccountTest:testComplextypeEIP712Signature() (gas: 302)
StaticOpenfortAccountTest:testCreateAccountViaEntryPoint() (gas: 296478)
StaticOpenfortAccountTest:testCreateAccountWithNonceViaFactory() (gas: 194351)
StaticOpenfortAccountTest:testEIP191Signature() (gas: 35366)
StaticOpenfortAccountTest:testEIP712Signature() (gas: 56082)
StaticOpenfortAccountTest:testFailAttackRegisterSessionKeyViaEntrypoint2ndKey() (gas: 423112)
StaticOpenfortAccountTest:testFailEIP712Signature() (gas: 51864)
StaticOpenfortAccountTest:testFailIncrementCounterViaSessionKeyNotregistered() (gas: 200580)
StaticOpenfortAccountTest:testFailIncrementCounterViaSessionKeyReachLimit() (gas: 322619)
StaticOpenfortAccountTest:testFailIncrementCounterViaSessionKeyReachLimitBatching() (gas: 229837)
StaticOpenfortAccountTest:testFailIncrementCounterViaSessionKeyRevoked() (gas: 52416)
StaticOpenfortAccountTest:testFailIncrementCounterViaSessionKeyWhitelistingBatch() (gas: 286338)
StaticOpenfortAccountTest:testFailIncrementCounterViaSessionKeyWhitelistingBatchWrongAddress() (gas: 252968)
StaticOpenfortAccountTest:testFailIncrementCounterViaSessionKeyWhitelistingTooBig() (gas: 29231)
StaticOpenfortAccountTest:testFailIncrementCounterViaSessionKeyWhitelistingWrongAddress() (gas: 244473)
StaticOpenfortAccountTest:testFailRevokeSessionKeyInvalidUser() (gas: 54960)
StaticOpenfortAccountTest:testFailSessionKeySignatureExpired() (gas: 79916)
StaticOpenfortAccountTest:testFailSessionKeySignatureInvalid() (gas: 83291)
StaticOpenfortAccountTest:testFailSessionKeySignatureNotYet() (gas: 79801)
StaticOpenfortAccountTest:testIncrementCounterDirect() (gas: 48105)
StaticOpenfortAccountTest:testIncrementCounterViaEntrypoint() (gas: 230871)
StaticOpenfortAccountTest:testIncrementCounterViaEntrypointBatching() (gas: 243135)
StaticOpenfortAccountTest:testIncrementCounterViaSessionKey() (gas: 250816)
StaticOpenfortAccountTest:testIncrementCounterViaSessionKeyExpired() (gas: 217435)
StaticOpenfortAccountTest:testIncrementCounterViaSessionKeyWhitelisting() (gas: 276338)
StaticOpenfortAccountTest:testIncrementCounterViaSessionKeyWhitelistingBatch() (gas: 299656)
StaticOpenfortAccountTest:testMintTokenAccount() (gas: 259638)
StaticOpenfortAccountTest:testReceiveNativeToken() (gas: 20053)
StaticOpenfortAccountTest:testRegisterSessionKeyViaEntrypoint() (gas: 343109)
StaticOpenfortAccountTest:testRegisterSessionKeyViaEntrypoint2ndKey() (gas: 454314)
StaticOpenfortAccountTest:testRegularSignature() (gas: 31316)
StaticOpenfortAccountTest:testSessionKeySignature() (gas: 83615)
StaticOpenfortAccountTest:testSimulateValidation() (gas: 126700)
StaticOpenfortAccountTest:testToken():(address) (gas: 2405)
StaticOpenfortAccountTest:testTransferOutNativeToken() (gas: 153765)
StaticOpenfortAccountTest:testUpdateEntryPoint() (gas: 432147)
UpgradeableOpenfortAccountTest:testChangeOwnershipAndCountDirect() (gas: 72971)
UpgradeableOpenfortAccountTest:testChangeOwnershipAndCountEntryPoint() (gas: 238302)
UpgradeableOpenfortAccountTest:testCreateAccountViaEntryPoint() (gas: 379902)
UpgradeableOpenfortAccountTest:testCreateAccountWithNonceViaFactory() (gas: 282563)
UpgradeableOpenfortAccountTest:testFailAttackRegisterSessionKeyViaEntrypoint2ndKey() (gas: 429856)
UpgradeableOpenfortAccountTest:testFailIncrementCounterViaSessionKeyNotregistered() (gas: 205159)
UpgradeableOpenfortAccountTest:testFailIncrementCounterViaSessionKeyReachLimit() (gas: 326281)
UpgradeableOpenfortAccountTest:testFailIncrementCounterViaSessionKeyReachLimitBatching() (gas: 232567)
UpgradeableOpenfortAccountTest:testFailIncrementCounterViaSessionKeyRevoked() (gas: 54924)
UpgradeableOpenfortAccountTest:testFailIncrementCounterViaSessionKeyWhitelistingBatchWrongAddress() (gas: 255851)
UpgradeableOpenfortAccountTest:testFailIncrementCounterViaSessionKeyWhitelistingTooBig() (gas: 31583)
UpgradeableOpenfortAccountTest:testFailIncrementCounterViaSessionKeyWhitelistingWrongAddress() (gas: 247316)
UpgradeableOpenfortAccountTest:testFailRevokeSessionKeyInvalidUser() (gas: 57468)
UpgradeableOpenfortAccountTest:testIncrementCounterDirect() (gas: 50456)
UpgradeableOpenfortAccountTest:testIncrementCounterViaEntrypoint() (gas: 235712)
UpgradeableOpenfortAccountTest:testIncrementCounterViaEntrypointBatching() (gas: 247952)
UpgradeableOpenfortAccountTest:testIncrementCounterViaSessionKey() (gas: 253899)
UpgradeableOpenfortAccountTest:testIncrementCounterViaSessionKeyExpired() (gas: 220190)
UpgradeableOpenfortAccountTest:testIncrementCounterViaSessionKeyWhitelisting() (gas: 279464)
UpgradeableOpenfortAccountTest:testIncrementCounterViaSessionKeyWhitelistingBatch() (gas: 303021)
UpgradeableOpenfortAccountTest:testMintTokenAccount() (gas: 264369)
UpgradeableOpenfortAccountTest:testReceiveNativeToken() (gas: 22294)
UpgradeableOpenfortAccountTest:testRegisterSessionKeyViaEntrypoint() (gas: 349033)
UpgradeableOpenfortAccountTest:testRegisterSessionKeyViaEntrypoint2ndKey() (gas: 461277)
UpgradeableOpenfortAccountTest:testSimulateValidation() (gas: 128949)
UpgradeableOpenfortAccountTest:testToken():(address) (gas: 2426)
UpgradeableOpenfortAccountTest:testTransferOutNativeToken() (gas: 156585)
UpgradeableOpenfortAccountTest:testUpdateEntryPoint() (gas: 810677)
UpgradeableOpenfortAccountTest:testUpgradeAccount() (gas: 2584424)