OpenfortPaymasterTest:testEntryPointDepositToPaymaster() (gas: 45021)
OpenfortPaymasterTest:testFailPaymasterUserOpERC20ValidSigExecBatchInsufficientERC20() (gas: 318766)
OpenfortPaymasterTest:testFailPaymasterUserOpERC20ValidSigSmallApprove() (gas: 278778)
OpenfortPaymasterTest:testInitialParameters() (gas: 13782)
OpenfortPaymasterTest:testParsePaymasterDataERC20() (gas: 35525)
OpenfortPaymasterTest:testParsePaymasterDataNative() (gas: 33262)
OpenfortPaymasterTest:testPaymasterAddStake() (gas: 47814)
OpenfortPaymasterTest:testPaymasterUserOpERC20ValidSig() (gas: 301036)
OpenfortPaymasterTest:testPaymasterUserOpERC20ValidSigExecBatch() (gas: 341851)
OpenfortPaymasterTest:testPaymasterUserOpNativeValidSig() (gas: 231296)
OpenfortPaymasterTest:testPaymasterUserOpNativeValidSigExecBatch() (gas: 273630)
OpenfortPaymasterTest:testPaymasterUserOpWrongSig() (gas: 133600)
OpenfortPaymasterTest:testPaymasterUserOpWrongSigLength() (gas: 103771)
OpenfortPaymasterTest:testToken():(address) (gas: 2383)
Specific4337Tests:testToken():(address) (gas: 2382)
Specific4337Tests:testValidateUserOp() (gas: 169850)
Specific4337Tests:testValidateUserOpSessionKey() (gas: 197096)
Specific4337Tests:testWrongValidateUserOp() (gas: 172325)
Specific4337Tests:testWrongValidateUserOpSessionKey() (gas: 199254)
StaticOpenfortAccountTest:testChangeOwnershipAndCountDirect() (gas: 174634)
StaticOpenfortAccountTest:testChangeOwnershipAndCountEntryPoint() (gas: 323932)
StaticOpenfortAccountTest:testCreateAccountViaEntryPoint() (gas: 225828)
StaticOpenfortAccountTest:testCreateAccountViaFactory() (gas: 139515)
StaticOpenfortAccountTest:testCreateAccountViaFactoryWithNonce() (gas: 256282)
StaticOpenfortAccountTest:testFailAttackRegisterSessionKeyViaEntrypoint2ndKey() (gas: 514173)
StaticOpenfortAccountTest:testFailIncrementCounterViaSessionKeyNotregistered() (gas: 290880)
StaticOpenfortAccountTest:testFailIncrementCounterViaSessionKeyReachLimit() (gas: 422868)
StaticOpenfortAccountTest:testFailIncrementCounterViaSessionKeyReachLimitBatching() (gas: 329370)
StaticOpenfortAccountTest:testFailIncrementCounterViaSessionKeyRevoked() (gas: 170497)
StaticOpenfortAccountTest:testFailIncrementCounterViaSessionKeyWhitelistingBatch() (gas: 385877)
StaticOpenfortAccountTest:testFailIncrementCounterViaSessionKeyWhitelistingBatchWrongAddress() (gas: 352468)
StaticOpenfortAccountTest:testFailIncrementCounterViaSessionKeyWhitelistingTooBig() (gas: 147462)
StaticOpenfortAccountTest:testFailIncrementCounterViaSessionKeyWhitelistingWrongAddress() (gas: 343983)
StaticOpenfortAccountTest:testFailRevokeSessionKeyInvalidUser() (gas: 173041)
StaticOpenfortAccountTest:testIncrementCounterDirect() (gas: 166235)
StaticOpenfortAccountTest:testIncrementCounterViaEntrypoint() (gas: 317468)
StaticOpenfortAccountTest:testIncrementCounterViaEntrypointBatching() (gas: 329705)
StaticOpenfortAccountTest:testIncrementCounterViaSessionKey() (gas: 346862)
StaticOpenfortAccountTest:testIncrementCounterViaSessionKeyExpired() (gas: 316958)
StaticOpenfortAccountTest:testIncrementCounterViaSessionKeyWhitelisting() (gas: 372340)
StaticOpenfortAccountTest:testIncrementCounterViaSessionKeyWhitelistingBatch() (gas: 395466)
StaticOpenfortAccountTest:testMintTokenAccount() (gas: 346405)
StaticOpenfortAccountTest:testReceiveNativeToken() (gas: 142163)
StaticOpenfortAccountTest:testRegisterSessionKeyViaEntrypoint() (gas: 427370)
StaticOpenfortAccountTest:testRegisterSessionKeyViaEntrypoint2ndKey() (gas: 536345)
StaticOpenfortAccountTest:testSimulateValidation() (gas: 243578)
StaticOpenfortAccountTest:testToken():(address) (gas: 2426)
StaticOpenfortAccountTest:testTransferOutNativeToken() (gas: 250440)
StaticOpenfortAccountTest:testUpdateEntryPoint() (gas: 2447864)
UpgradeableOpenfortAccountTest:testChangeOwnershipAndCountDirect() (gas: 338242)
UpgradeableOpenfortAccountTest:testChangeOwnershipAndCountEntryPoint() (gas: 487957)
UpgradeableOpenfortAccountTest:testCreateAccountViaEntryPoint() (gas: 402614)
UpgradeableOpenfortAccountTest:testCreateAccountViaFactory() (gas: 315833)
UpgradeableOpenfortAccountTest:testCreateAccountViaFactoryWithNonce() (gas: 589156)
UpgradeableOpenfortAccountTest:testFailAttackRegisterSessionKeyViaEntrypoint2ndKey() (gas: 679326)
UpgradeableOpenfortAccountTest:testFailIncrementCounterViaSessionKeyNotregistered() (gas: 454270)
UpgradeableOpenfortAccountTest:testFailIncrementCounterViaSessionKeyReachLimit() (gas: 587143)
UpgradeableOpenfortAccountTest:testFailIncrementCounterViaSessionKeyReachLimitBatching() (gas: 492983)
UpgradeableOpenfortAccountTest:testFailIncrementCounterViaSessionKeyRevoked() (gas: 333921)
UpgradeableOpenfortAccountTest:testFailIncrementCounterViaSessionKeyWhitelistingBatchWrongAddress() (gas: 516147)
UpgradeableOpenfortAccountTest:testFailIncrementCounterViaSessionKeyWhitelistingTooBig() (gas: 310726)
UpgradeableOpenfortAccountTest:testFailIncrementCounterViaSessionKeyWhitelistingWrongAddress() (gas: 507662)
UpgradeableOpenfortAccountTest:testFailRevokeSessionKeyInvalidUser() (gas: 336465)
UpgradeableOpenfortAccountTest:testIncrementCounterDirect() (gas: 329482)
UpgradeableOpenfortAccountTest:testIncrementCounterViaEntrypoint() (gas: 481132)
UpgradeableOpenfortAccountTest:testIncrementCounterViaEntrypointBatching() (gas: 493347)
UpgradeableOpenfortAccountTest:testIncrementCounterViaSessionKey() (gas: 510698)
UpgradeableOpenfortAccountTest:testIncrementCounterViaSessionKeyExpired() (gas: 480549)
UpgradeableOpenfortAccountTest:testIncrementCounterViaSessionKeyWhitelisting() (gas: 536264)
UpgradeableOpenfortAccountTest:testIncrementCounterViaSessionKeyWhitelistingBatch() (gas: 559613)
UpgradeableOpenfortAccountTest:testMintTokenAccount() (gas: 510069)
UpgradeableOpenfortAccountTest:testReceiveNativeToken() (gas: 305407)
UpgradeableOpenfortAccountTest:testRegisterSessionKeyViaEntrypoint() (gas: 591868)
UpgradeableOpenfortAccountTest:testRegisterSessionKeyViaEntrypoint2ndKey() (gas: 701677)
UpgradeableOpenfortAccountTest:testSimulateValidation() (gas: 406774)
UpgradeableOpenfortAccountTest:testToken():(address) (gas: 2426)
UpgradeableOpenfortAccountTest:testTransferOutNativeToken() (gas: 414123)
UpgradeableOpenfortAccountTest:testUpgradeAccount() (gas: 2575128)