OpenfortPaymasterTest:testEntryPointDepositToPaymaster() (gas: 45021)
OpenfortPaymasterTest:testFailPaymasterUserOpERC20ValidSigExecBatchInsufficientERC20() (gas: 319561)
OpenfortPaymasterTest:testFailPaymasterUserOpERC20ValidSigSmallApprove() (gas: 279339)
OpenfortPaymasterTest:testInitialParameters() (gas: 13738)
OpenfortPaymasterTest:testParsePaymasterDataERC20() (gas: 35503)
OpenfortPaymasterTest:testParsePaymasterDataNative() (gas: 33240)
OpenfortPaymasterTest:testPaymasterAddStake() (gas: 47814)
OpenfortPaymasterTest:testPaymasterUserOpERC20ValidSig() (gas: 301531)
OpenfortPaymasterTest:testPaymasterUserOpERC20ValidSigExecBatch() (gas: 342580)
OpenfortPaymasterTest:testPaymasterUserOpNativeValidSig() (gas: 231573)
OpenfortPaymasterTest:testPaymasterUserOpNativeValidSigExecBatch() (gas: 274293)
OpenfortPaymasterTest:testPaymasterUserOpWrongSig() (gas: 133668)
OpenfortPaymasterTest:testPaymasterUserOpWrongSigLength() (gas: 103771)
OpenfortPaymasterTest:testToken():(address) (gas: 2383)
Specific4337Tests:testToken():(address) (gas: 2382)
Specific4337Tests:testValidateUserOp() (gas: 169841)
Specific4337Tests:testValidateUserOpSessionKey() (gas: 197573)
Specific4337Tests:testWrongValidateUserOp() (gas: 172308)
Specific4337Tests:testWrongValidateUserOpSessionKey() (gas: 199548)
StaticOpenfortAccountTest:testChangeOwnershipAndCountDirect() (gas: 174853)
StaticOpenfortAccountTest:testChangeOwnershipAndCountEntryPoint() (gas: 324154)
StaticOpenfortAccountTest:testCreateAccountViaEntryPoint() (gas: 225974)
StaticOpenfortAccountTest:testCreateAccountViaFactory() (gas: 139506)
StaticOpenfortAccountTest:testCreateAccountViaFactoryWithNonce() (gas: 256278)
StaticOpenfortAccountTest:testFailAttackRegisterSessionKeyViaEntrypoint2ndKey() (gas: 515786)
StaticOpenfortAccountTest:testFailIncrementCounterViaSessionKeyNotregistered() (gas: 290855)
StaticOpenfortAccountTest:testFailIncrementCounterViaSessionKeyReachLimit() (gas: 423763)
StaticOpenfortAccountTest:testFailIncrementCounterViaSessionKeyReachLimitBatching() (gas: 329510)
StaticOpenfortAccountTest:testFailIncrementCounterViaSessionKeyRevoked() (gas: 170904)
StaticOpenfortAccountTest:testFailIncrementCounterViaSessionKeyWhitelistingBatch() (gas: 386044)
StaticOpenfortAccountTest:testFailIncrementCounterViaSessionKeyWhitelistingBatchWrongAddress() (gas: 352635)
StaticOpenfortAccountTest:testFailIncrementCounterViaSessionKeyWhitelistingTooBig() (gas: 169796)
StaticOpenfortAccountTest:testFailIncrementCounterViaSessionKeyWhitelistingWrongAddress() (gas: 344672)
StaticOpenfortAccountTest:testFailRevokeSessionKeyInvalidUser() (gas: 173448)
StaticOpenfortAccountTest:testIncrementCounterDirect() (gas: 166454)
StaticOpenfortAccountTest:testIncrementCounterViaEntrypoint() (gas: 317690)
StaticOpenfortAccountTest:testIncrementCounterViaEntrypointBatching() (gas: 330401)
StaticOpenfortAccountTest:testIncrementCounterViaSessionKey() (gas: 347745)
StaticOpenfortAccountTest:testIncrementCounterViaSessionKeyExpired() (gas: 317610)
StaticOpenfortAccountTest:testIncrementCounterViaSessionKeyWhitelisting() (gas: 373260)
StaticOpenfortAccountTest:testIncrementCounterViaSessionKeyWhitelistingBatch() (gas: 397748)
StaticOpenfortAccountTest:testMintTokenAccount() (gas: 346779)
StaticOpenfortAccountTest:testReceiveNativeToken() (gas: 142154)
StaticOpenfortAccountTest:testRegisterSessionKeyViaEntrypoint() (gas: 428718)
StaticOpenfortAccountTest:testRegisterSessionKeyViaEntrypoint2ndKey() (gas: 538819)
StaticOpenfortAccountTest:testSimulateValidation() (gas: 243569)
StaticOpenfortAccountTest:testToken():(address) (gas: 2426)
StaticOpenfortAccountTest:testTransferOutNativeToken() (gas: 250586)
StaticOpenfortAccountTest:testUpdateEntryPoint() (gas: 2580895)
UpgradeableOpenfortAccountTest:testChangeOwnershipAndCountDirect() (gas: 338507)
UpgradeableOpenfortAccountTest:testChangeOwnershipAndCountEntryPoint() (gas: 488225)
UpgradeableOpenfortAccountTest:testCreateAccountViaEntryPoint() (gas: 402812)
UpgradeableOpenfortAccountTest:testCreateAccountViaFactory() (gas: 315829)
UpgradeableOpenfortAccountTest:testCreateAccountViaFactoryWithNonce() (gas: 589159)
UpgradeableOpenfortAccountTest:testFailAttackRegisterSessionKeyViaEntrypoint2ndKey() (gas: 681002)
UpgradeableOpenfortAccountTest:testFailIncrementCounterViaSessionKeyNotregistered() (gas: 454250)
UpgradeableOpenfortAccountTest:testFailIncrementCounterViaSessionKeyReachLimit() (gas: 588084)
UpgradeableOpenfortAccountTest:testFailIncrementCounterViaSessionKeyReachLimitBatching() (gas: 493128)
UpgradeableOpenfortAccountTest:testFailIncrementCounterViaSessionKeyRevoked() (gas: 334330)
UpgradeableOpenfortAccountTest:testFailIncrementCounterViaSessionKeyWhitelistingBatchWrongAddress() (gas: 516319)
UpgradeableOpenfortAccountTest:testFailIncrementCounterViaSessionKeyWhitelistingTooBig() (gas: 333054)
UpgradeableOpenfortAccountTest:testFailIncrementCounterViaSessionKeyWhitelistingWrongAddress() (gas: 508356)
UpgradeableOpenfortAccountTest:testFailRevokeSessionKeyInvalidUser() (gas: 336874)
UpgradeableOpenfortAccountTest:testIncrementCounterDirect() (gas: 329747)
UpgradeableOpenfortAccountTest:testIncrementCounterViaEntrypoint() (gas: 481400)
UpgradeableOpenfortAccountTest:testIncrementCounterViaEntrypointBatching() (gas: 494171)
UpgradeableOpenfortAccountTest:testIncrementCounterViaSessionKey() (gas: 511627)
UpgradeableOpenfortAccountTest:testIncrementCounterViaSessionKeyExpired() (gas: 481206)
UpgradeableOpenfortAccountTest:testIncrementCounterViaSessionKeyWhitelisting() (gas: 537230)
UpgradeableOpenfortAccountTest:testIncrementCounterViaSessionKeyWhitelistingBatch() (gas: 562023)
UpgradeableOpenfortAccountTest:testMintTokenAccount() (gas: 510477)
UpgradeableOpenfortAccountTest:testReceiveNativeToken() (gas: 305403)
UpgradeableOpenfortAccountTest:testRegisterSessionKeyViaEntrypoint() (gas: 593285)
UpgradeableOpenfortAccountTest:testRegisterSessionKeyViaEntrypoint2ndKey() (gas: 704243)
UpgradeableOpenfortAccountTest:testSimulateValidation() (gas: 406770)
UpgradeableOpenfortAccountTest:testToken():(address) (gas: 2426)
UpgradeableOpenfortAccountTest:testTransferOutNativeToken() (gas: 414321)
UpgradeableOpenfortAccountTest:testUpgradeAccount() (gas: 2686584)