ManagedOpenfortAccountTest:testChangeOwnershipAndCountDirect() (gas: 272461)
ManagedOpenfortAccountTest:testChangeOwnershipAndCountEntryPoint() (gas: 422986)
ManagedOpenfortAccountTest:testCreateAccountViaEntryPoint() (gas: 335107)
ManagedOpenfortAccountTest:testCreateAccountViaFactory() (gas: 247446)
ManagedOpenfortAccountTest:testCreateAccountViaFactoryWithNonce() (gas: 448791)
ManagedOpenfortAccountTest:testFailAttackRegisterSessionKeyViaEntrypoint2ndKey() (gas: 616186)
ManagedOpenfortAccountTest:testFailIncrementCounterViaSessionKeyNotregistered() (gas: 387252)
ManagedOpenfortAccountTest:testFailIncrementCounterViaSessionKeyReachLimit() (gas: 522032)
ManagedOpenfortAccountTest:testFailIncrementCounterViaSessionKeyReachLimitBatching() (gas: 426519)
ManagedOpenfortAccountTest:testFailIncrementCounterViaSessionKeyRevoked() (gas: 267275)
ManagedOpenfortAccountTest:testFailIncrementCounterViaSessionKeyWhitelistingBatch() (gas: 484031)
ManagedOpenfortAccountTest:testFailIncrementCounterViaSessionKeyWhitelistingBatchWrongAddress() (gas: 449705)
ManagedOpenfortAccountTest:testFailIncrementCounterViaSessionKeyWhitelistingTooBig() (gas: 243491)
ManagedOpenfortAccountTest:testFailIncrementCounterViaSessionKeyWhitelistingWrongAddress() (gas: 441221)
ManagedOpenfortAccountTest:testFailRevokeSessionKeyInvalidUser() (gas: 269819)
ManagedOpenfortAccountTest:testIncrementCounterDirect() (gas: 262253)
ManagedOpenfortAccountTest:testIncrementCounterViaEntrypoint() (gas: 414647)
ManagedOpenfortAccountTest:testIncrementCounterViaEntrypointBatching() (gas: 426911)
ManagedOpenfortAccountTest:testIncrementCounterViaSessionKey() (gas: 444818)
ManagedOpenfortAccountTest:testIncrementCounterViaSessionKeyExpired() (gas: 414111)
ManagedOpenfortAccountTest:testIncrementCounterViaSessionKeyWhitelisting() (gas: 470378)
ManagedOpenfortAccountTest:testIncrementCounterViaSessionKeyWhitelistingBatch() (gas: 494406)
ManagedOpenfortAccountTest:testMintTokenAccount() (gas: 443668)
ManagedOpenfortAccountTest:testReceiveNativeToken() (gas: 238318)
ManagedOpenfortAccountTest:testRegisterSessionKeyViaEntrypoint() (gas: 527314)
ManagedOpenfortAccountTest:testRegisterSessionKeyViaEntrypoint2ndKey() (gas: 639002)
ManagedOpenfortAccountTest:testSimulateValidation() (gas: 339318)
ManagedOpenfortAccountTest:testToken():(address) (gas: 2426)
ManagedOpenfortAccountTest:testTransferOutNativeToken() (gas: 347945)
ManagedOpenfortAccountTest:testUpgradeTo() (gas: 2125052)
OpenfortPaymasterTest:testEntryPointDepositToPaymaster() (gas: 45021)
OpenfortPaymasterTest:testFailPaymasterUserOpERC20ValidSigExecBatchInsufficientERC20() (gas: 319856)
OpenfortPaymasterTest:testFailPaymasterUserOpERC20ValidSigSmallApprove() (gas: 279828)
OpenfortPaymasterTest:testInitialParameters() (gas: 13782)
OpenfortPaymasterTest:testParsePaymasterDataERC20() (gas: 35513)
OpenfortPaymasterTest:testParsePaymasterDataNative() (gas: 33247)
OpenfortPaymasterTest:testPaymasterAddStake() (gas: 47881)
OpenfortPaymasterTest:testPaymasterUserOpERC20ValidSig() (gas: 300489)
OpenfortPaymasterTest:testPaymasterUserOpERC20ValidSigExecBatch() (gas: 341300)
OpenfortPaymasterTest:testPaymasterUserOpNativeValidSig() (gas: 230754)
OpenfortPaymasterTest:testPaymasterUserOpNativeValidSigExecBatch() (gas: 273169)
OpenfortPaymasterTest:testPaymasterUserOpWrongSig() (gas: 133317)
OpenfortPaymasterTest:testPaymasterUserOpWrongSigLength() (gas: 103571)
OpenfortPaymasterTest:testToken():(address) (gas: 2383)
Specific4337Tests:testToken():(address) (gas: 2382)
StaticOpenfortAccountTest:testChangeOwnershipAndCountDirect() (gas: 174591)
StaticOpenfortAccountTest:testChangeOwnershipAndCountEntryPoint() (gas: 323573)
StaticOpenfortAccountTest:testCreateAccountViaEntryPoint() (gas: 225651)
StaticOpenfortAccountTest:testCreateAccountViaFactory() (gas: 139646)
StaticOpenfortAccountTest:testCreateAccountViaFactoryWithNonce() (gas: 256326)
StaticOpenfortAccountTest:testFailAttackRegisterSessionKeyViaEntrypoint2ndKey() (gas: 513242)
StaticOpenfortAccountTest:testFailIncrementCounterViaSessionKeyNotregistered() (gas: 290564)
StaticOpenfortAccountTest:testFailIncrementCounterViaSessionKeyReachLimit() (gas: 422239)
StaticOpenfortAccountTest:testFailIncrementCounterViaSessionKeyReachLimitBatching() (gas: 329031)
StaticOpenfortAccountTest:testFailIncrementCounterViaSessionKeyRevoked() (gas: 170541)
StaticOpenfortAccountTest:testFailIncrementCounterViaSessionKeyWhitelistingBatch() (gas: 385559)
StaticOpenfortAccountTest:testFailIncrementCounterViaSessionKeyWhitelistingBatchWrongAddress() (gas: 352129)
StaticOpenfortAccountTest:testFailIncrementCounterViaSessionKeyWhitelistingTooBig() (gas: 147484)
StaticOpenfortAccountTest:testFailIncrementCounterViaSessionKeyWhitelistingWrongAddress() (gas: 343645)
StaticOpenfortAccountTest:testFailRevokeSessionKeyInvalidUser() (gas: 173085)
StaticOpenfortAccountTest:testIncrementCounterDirect() (gas: 166279)
StaticOpenfortAccountTest:testIncrementCounterViaEntrypoint() (gas: 317164)
StaticOpenfortAccountTest:testIncrementCounterViaEntrypointBatching() (gas: 329394)
StaticOpenfortAccountTest:testIncrementCounterViaSessionKey() (gas: 346568)
StaticOpenfortAccountTest:testIncrementCounterViaSessionKeyExpired() (gas: 316620)
StaticOpenfortAccountTest:testIncrementCounterViaSessionKeyWhitelisting() (gas: 372157)
StaticOpenfortAccountTest:testIncrementCounterViaSessionKeyWhitelistingBatch() (gas: 395178)
StaticOpenfortAccountTest:testMintTokenAccount() (gas: 346017)
StaticOpenfortAccountTest:testReceiveNativeToken() (gas: 142185)
StaticOpenfortAccountTest:testRegisterSessionKeyViaEntrypoint() (gas: 426762)
StaticOpenfortAccountTest:testRegisterSessionKeyViaEntrypoint2ndKey() (gas: 535415)
StaticOpenfortAccountTest:testSimulateValidation() (gas: 243391)
StaticOpenfortAccountTest:testToken():(address) (gas: 2404)
StaticOpenfortAccountTest:testTransferOutNativeToken() (gas: 250263)
StaticOpenfortAccountTest:testUpdateEntryPoint() (gas: 538664)
UpgradeableOpenfortAccountTest:testChangeOwnershipAndCountDirect() (gas: 231956)
UpgradeableOpenfortAccountTest:testChangeOwnershipAndCountEntryPoint() (gas: 381333)
UpgradeableOpenfortAccountTest:testCreateAccountViaEntryPoint() (gas: 293095)
UpgradeableOpenfortAccountTest:testCreateAccountViaFactory() (gas: 206535)
UpgradeableOpenfortAccountTest:testCreateAccountViaFactoryWithNonce() (gas: 375044)
UpgradeableOpenfortAccountTest:testFailAttackRegisterSessionKeyViaEntrypoint2ndKey() (gas: 572021)
UpgradeableOpenfortAccountTest:testFailIncrementCounterViaSessionKeyNotregistered() (gas: 347624)
UpgradeableOpenfortAccountTest:testFailIncrementCounterViaSessionKeyReachLimit() (gas: 480162)
UpgradeableOpenfortAccountTest:testFailIncrementCounterViaSessionKeyReachLimitBatching() (gas: 386336)
UpgradeableOpenfortAccountTest:testFailIncrementCounterViaSessionKeyRevoked() (gas: 227635)
UpgradeableOpenfortAccountTest:testFailIncrementCounterViaSessionKeyWhitelistingBatchWrongAddress() (gas: 409500)
UpgradeableOpenfortAccountTest:testFailIncrementCounterViaSessionKeyWhitelistingTooBig() (gas: 204418)
UpgradeableOpenfortAccountTest:testFailIncrementCounterViaSessionKeyWhitelistingWrongAddress() (gas: 401016)
UpgradeableOpenfortAccountTest:testFailRevokeSessionKeyInvalidUser() (gas: 230179)
UpgradeableOpenfortAccountTest:testIncrementCounterDirect() (gas: 223174)
UpgradeableOpenfortAccountTest:testIncrementCounterViaEntrypoint() (gas: 374498)
UpgradeableOpenfortAccountTest:testIncrementCounterViaEntrypointBatching() (gas: 386728)
UpgradeableOpenfortAccountTest:testIncrementCounterViaSessionKey() (gas: 404052)
UpgradeableOpenfortAccountTest:testIncrementCounterViaSessionKeyExpired() (gas: 373903)
UpgradeableOpenfortAccountTest:testIncrementCounterViaSessionKeyWhitelisting() (gas: 429618)
UpgradeableOpenfortAccountTest:testIncrementCounterViaSessionKeyWhitelistingBatch() (gas: 452995)
UpgradeableOpenfortAccountTest:testMintTokenAccount() (gas: 403351)
UpgradeableOpenfortAccountTest:testReceiveNativeToken() (gas: 199099)
UpgradeableOpenfortAccountTest:testRegisterSessionKeyViaEntrypoint() (gas: 484886)
UpgradeableOpenfortAccountTest:testRegisterSessionKeyViaEntrypoint2ndKey() (gas: 594351)
UpgradeableOpenfortAccountTest:testSimulateValidation() (gas: 300257)
UpgradeableOpenfortAccountTest:testToken():(address) (gas: 2426)
UpgradeableOpenfortAccountTest:testTransferOutNativeToken() (gas: 307594)
UpgradeableOpenfortAccountTest:testUpgradeAccount() (gas: 2473820)