ManagedOpenfortAccountTest:testChangeOwnershipAndCountDirect() (gas: 249782)
ManagedOpenfortAccountTest:testChangeOwnershipAndCountEntryPoint() (gas: 400307)
ManagedOpenfortAccountTest:testCreateAccountViaEntryPoint() (gas: 312124)
ManagedOpenfortAccountTest:testCreateAccountViaFactory() (gas: 224463)
ManagedOpenfortAccountTest:testCreateAccountViaFactoryWithNonce() (gas: 403280)
ManagedOpenfortAccountTest:testFailAttackRegisterSessionKeyViaEntrypoint2ndKey() (gas: 593507)
ManagedOpenfortAccountTest:testFailIncrementCounterViaSessionKeyNotregistered() (gas: 364573)
ManagedOpenfortAccountTest:testFailIncrementCounterViaSessionKeyReachLimit() (gas: 499353)
ManagedOpenfortAccountTest:testFailIncrementCounterViaSessionKeyReachLimitBatching() (gas: 403840)
ManagedOpenfortAccountTest:testFailIncrementCounterViaSessionKeyRevoked() (gas: 244596)
ManagedOpenfortAccountTest:testFailIncrementCounterViaSessionKeyWhitelistingBatch() (gas: 461352)
ManagedOpenfortAccountTest:testFailIncrementCounterViaSessionKeyWhitelistingBatchWrongAddress() (gas: 427026)
ManagedOpenfortAccountTest:testFailIncrementCounterViaSessionKeyWhitelistingTooBig() (gas: 220812)
ManagedOpenfortAccountTest:testFailIncrementCounterViaSessionKeyWhitelistingWrongAddress() (gas: 418542)
ManagedOpenfortAccountTest:testFailRevokeSessionKeyInvalidUser() (gas: 247140)
ManagedOpenfortAccountTest:testIncrementCounterDirect() (gas: 239574)
ManagedOpenfortAccountTest:testIncrementCounterViaEntrypoint() (gas: 391968)
ManagedOpenfortAccountTest:testIncrementCounterViaEntrypointBatching() (gas: 404232)
ManagedOpenfortAccountTest:testIncrementCounterViaSessionKey() (gas: 422139)
ManagedOpenfortAccountTest:testIncrementCounterViaSessionKeyExpired() (gas: 391432)
ManagedOpenfortAccountTest:testIncrementCounterViaSessionKeyWhitelisting() (gas: 447699)
ManagedOpenfortAccountTest:testIncrementCounterViaSessionKeyWhitelistingBatch() (gas: 471727)
ManagedOpenfortAccountTest:testMintTokenAccount() (gas: 420989)
ManagedOpenfortAccountTest:testReceiveNativeToken() (gas: 215639)
ManagedOpenfortAccountTest:testRegisterSessionKeyViaEntrypoint() (gas: 504635)
ManagedOpenfortAccountTest:testRegisterSessionKeyViaEntrypoint2ndKey() (gas: 616323)
ManagedOpenfortAccountTest:testSimulateValidation() (gas: 316639)
ManagedOpenfortAccountTest:testToken():(address) (gas: 2426)
ManagedOpenfortAccountTest:testTransferOutNativeToken() (gas: 325266)
ManagedOpenfortAccountTest:testUpgradeTo() (gas: 2077363)
OpenfortPaymasterTest:testEntryPointDepositToPaymaster() (gas: 45021)
OpenfortPaymasterTest:testFailPaymasterUserOpERC20ValidSigExecBatchInsufficientERC20() (gas: 319856)
OpenfortPaymasterTest:testFailPaymasterUserOpERC20ValidSigSmallApprove() (gas: 279828)
OpenfortPaymasterTest:testInitialParameters() (gas: 13782)
OpenfortPaymasterTest:testParsePaymasterDataERC20() (gas: 35513)
OpenfortPaymasterTest:testParsePaymasterDataNative() (gas: 33247)
OpenfortPaymasterTest:testPaymasterAddStake() (gas: 47881)
OpenfortPaymasterTest:testPaymasterUserOpERC20ValidSig() (gas: 300489)
OpenfortPaymasterTest:testPaymasterUserOpERC20ValidSigExecBatch() (gas: 341300)
OpenfortPaymasterTest:testPaymasterUserOpNativeValidSig() (gas: 230754)
OpenfortPaymasterTest:testPaymasterUserOpNativeValidSigExecBatch() (gas: 273169)
OpenfortPaymasterTest:testPaymasterUserOpWrongSig() (gas: 133317)
OpenfortPaymasterTest:testPaymasterUserOpWrongSigLength() (gas: 103571)
OpenfortPaymasterTest:testToken():(address) (gas: 2383)
Specific4337Tests:testToken():(address) (gas: 2382)
StaticOpenfortAccountTest:testChangeOwnershipAndCountDirect() (gas: 174591)
StaticOpenfortAccountTest:testChangeOwnershipAndCountEntryPoint() (gas: 323573)
StaticOpenfortAccountTest:testCreateAccountViaEntryPoint() (gas: 225651)
StaticOpenfortAccountTest:testCreateAccountViaFactory() (gas: 139646)
StaticOpenfortAccountTest:testCreateAccountViaFactoryWithNonce() (gas: 256326)
StaticOpenfortAccountTest:testFailAttackRegisterSessionKeyViaEntrypoint2ndKey() (gas: 513242)
StaticOpenfortAccountTest:testFailIncrementCounterViaSessionKeyNotregistered() (gas: 290564)
StaticOpenfortAccountTest:testFailIncrementCounterViaSessionKeyReachLimit() (gas: 422239)
StaticOpenfortAccountTest:testFailIncrementCounterViaSessionKeyReachLimitBatching() (gas: 329031)
StaticOpenfortAccountTest:testFailIncrementCounterViaSessionKeyRevoked() (gas: 170541)
StaticOpenfortAccountTest:testFailIncrementCounterViaSessionKeyWhitelistingBatch() (gas: 385559)
StaticOpenfortAccountTest:testFailIncrementCounterViaSessionKeyWhitelistingBatchWrongAddress() (gas: 352129)
StaticOpenfortAccountTest:testFailIncrementCounterViaSessionKeyWhitelistingTooBig() (gas: 147484)
StaticOpenfortAccountTest:testFailIncrementCounterViaSessionKeyWhitelistingWrongAddress() (gas: 343645)
StaticOpenfortAccountTest:testFailRevokeSessionKeyInvalidUser() (gas: 173085)
StaticOpenfortAccountTest:testIncrementCounterDirect() (gas: 166279)
StaticOpenfortAccountTest:testIncrementCounterViaEntrypoint() (gas: 317164)
StaticOpenfortAccountTest:testIncrementCounterViaEntrypointBatching() (gas: 329394)
StaticOpenfortAccountTest:testIncrementCounterViaSessionKey() (gas: 346568)
StaticOpenfortAccountTest:testIncrementCounterViaSessionKeyExpired() (gas: 316620)
StaticOpenfortAccountTest:testIncrementCounterViaSessionKeyWhitelisting() (gas: 372157)
StaticOpenfortAccountTest:testIncrementCounterViaSessionKeyWhitelistingBatch() (gas: 395178)
StaticOpenfortAccountTest:testMintTokenAccount() (gas: 346017)
StaticOpenfortAccountTest:testReceiveNativeToken() (gas: 142185)
StaticOpenfortAccountTest:testRegisterSessionKeyViaEntrypoint() (gas: 426762)
StaticOpenfortAccountTest:testRegisterSessionKeyViaEntrypoint2ndKey() (gas: 535415)
StaticOpenfortAccountTest:testSimulateValidation() (gas: 243391)
StaticOpenfortAccountTest:testToken():(address) (gas: 2404)
StaticOpenfortAccountTest:testTransferOutNativeToken() (gas: 250263)
StaticOpenfortAccountTest:testUpdateEntryPoint() (gas: 538664)
UpgradeableOpenfortAccountTest:testChangeOwnershipAndCountDirect() (gas: 231956)
UpgradeableOpenfortAccountTest:testChangeOwnershipAndCountEntryPoint() (gas: 381333)
UpgradeableOpenfortAccountTest:testCreateAccountViaEntryPoint() (gas: 293095)
UpgradeableOpenfortAccountTest:testCreateAccountViaFactory() (gas: 206535)
UpgradeableOpenfortAccountTest:testCreateAccountViaFactoryWithNonce() (gas: 375044)
UpgradeableOpenfortAccountTest:testFailAttackRegisterSessionKeyViaEntrypoint2ndKey() (gas: 572021)
UpgradeableOpenfortAccountTest:testFailIncrementCounterViaSessionKeyNotregistered() (gas: 347624)
UpgradeableOpenfortAccountTest:testFailIncrementCounterViaSessionKeyReachLimit() (gas: 480162)
UpgradeableOpenfortAccountTest:testFailIncrementCounterViaSessionKeyReachLimitBatching() (gas: 386336)
UpgradeableOpenfortAccountTest:testFailIncrementCounterViaSessionKeyRevoked() (gas: 227635)
UpgradeableOpenfortAccountTest:testFailIncrementCounterViaSessionKeyWhitelistingBatchWrongAddress() (gas: 409500)
UpgradeableOpenfortAccountTest:testFailIncrementCounterViaSessionKeyWhitelistingTooBig() (gas: 204418)
UpgradeableOpenfortAccountTest:testFailIncrementCounterViaSessionKeyWhitelistingWrongAddress() (gas: 401016)
UpgradeableOpenfortAccountTest:testFailRevokeSessionKeyInvalidUser() (gas: 230179)
UpgradeableOpenfortAccountTest:testIncrementCounterDirect() (gas: 223174)
UpgradeableOpenfortAccountTest:testIncrementCounterViaEntrypoint() (gas: 374498)
UpgradeableOpenfortAccountTest:testIncrementCounterViaEntrypointBatching() (gas: 386728)
UpgradeableOpenfortAccountTest:testIncrementCounterViaSessionKey() (gas: 404052)
UpgradeableOpenfortAccountTest:testIncrementCounterViaSessionKeyExpired() (gas: 373903)
UpgradeableOpenfortAccountTest:testIncrementCounterViaSessionKeyWhitelisting() (gas: 429618)
UpgradeableOpenfortAccountTest:testIncrementCounterViaSessionKeyWhitelistingBatch() (gas: 452995)
UpgradeableOpenfortAccountTest:testMintTokenAccount() (gas: 403351)
UpgradeableOpenfortAccountTest:testReceiveNativeToken() (gas: 199099)
UpgradeableOpenfortAccountTest:testRegisterSessionKeyViaEntrypoint() (gas: 484886)
UpgradeableOpenfortAccountTest:testRegisterSessionKeyViaEntrypoint2ndKey() (gas: 594351)
UpgradeableOpenfortAccountTest:testSimulateValidation() (gas: 300257)
UpgradeableOpenfortAccountTest:testToken():(address) (gas: 2426)
UpgradeableOpenfortAccountTest:testTransferOutNativeToken() (gas: 307594)
UpgradeableOpenfortAccountTest:testUpgradeAccount() (gas: 2473820)