OpenfortPaymasterTest:testEntryPointDepositToPaymaster() (gas: 45021)
OpenfortPaymasterTest:testFailPaymasterUserOpERC20ValidSigExecBatchInsufficientERC20() (gas: 319835)
OpenfortPaymasterTest:testFailPaymasterUserOpERC20ValidSigSmallApprove() (gas: 279849)
OpenfortPaymasterTest:testInitialParameters() (gas: 13782)
OpenfortPaymasterTest:testParsePaymasterDataERC20() (gas: 35525)
OpenfortPaymasterTest:testParsePaymasterDataNative() (gas: 33262)
OpenfortPaymasterTest:testPaymasterAddStake() (gas: 47814)
OpenfortPaymasterTest:testPaymasterUserOpERC20ValidSig() (gas: 300488)
OpenfortPaymasterTest:testPaymasterUserOpERC20ValidSigExecBatch() (gas: 341301)
OpenfortPaymasterTest:testPaymasterUserOpNativeValidSig() (gas: 230747)
OpenfortPaymasterTest:testPaymasterUserOpNativeValidSigExecBatch() (gas: 273079)
OpenfortPaymasterTest:testPaymasterUserOpWrongSig() (gas: 133314)
OpenfortPaymasterTest:testPaymasterUserOpWrongSigLength() (gas: 103568)
OpenfortPaymasterTest:testToken():(address) (gas: 2383)
Specific4337Tests:testToken():(address) (gas: 2382)
Specific4337Tests:testValidateUserOp() (gas: 169629)
Specific4337Tests:testValidateUserOpSessionKey() (gas: 196875)
Specific4337Tests:testWrongValidateUserOp() (gas: 172104)
Specific4337Tests:testWrongValidateUserOpSessionKey() (gas: 199036)
StaticOpenfortAccountTest:testChangeOwnershipAndCountDirect() (gas: 174634)
StaticOpenfortAccountTest:testChangeOwnershipAndCountEntryPoint() (gas: 323594)
StaticOpenfortAccountTest:testCreateAccountViaEntryPoint() (gas: 225607)
StaticOpenfortAccountTest:testCreateAccountViaFactory() (gas: 139515)
StaticOpenfortAccountTest:testCreateAccountViaFactoryWithNonce() (gas: 256282)
StaticOpenfortAccountTest:testFailAttackRegisterSessionKeyViaEntrypoint2ndKey() (gas: 513155)
StaticOpenfortAccountTest:testFailIncrementCounterViaSessionKeyNotregistered() (gas: 290542)
StaticOpenfortAccountTest:testFailIncrementCounterViaSessionKeyReachLimit() (gas: 422195)
StaticOpenfortAccountTest:testFailIncrementCounterViaSessionKeyReachLimitBatching() (gas: 329031)
StaticOpenfortAccountTest:testFailIncrementCounterViaSessionKeyRevoked() (gas: 170497)
StaticOpenfortAccountTest:testFailIncrementCounterViaSessionKeyWhitelistingBatch() (gas: 385537)
StaticOpenfortAccountTest:testFailIncrementCounterViaSessionKeyWhitelistingBatchWrongAddress() (gas: 352129)
StaticOpenfortAccountTest:testFailIncrementCounterViaSessionKeyWhitelistingTooBig() (gas: 147462)
StaticOpenfortAccountTest:testFailIncrementCounterViaSessionKeyWhitelistingWrongAddress() (gas: 343645)
StaticOpenfortAccountTest:testFailRevokeSessionKeyInvalidUser() (gas: 173041)
StaticOpenfortAccountTest:testIncrementCounterDirect() (gas: 166235)
StaticOpenfortAccountTest:testIncrementCounterViaEntrypoint() (gas: 317130)
StaticOpenfortAccountTest:testIncrementCounterViaEntrypointBatching() (gas: 329366)
StaticOpenfortAccountTest:testIncrementCounterViaSessionKey() (gas: 346524)
StaticOpenfortAccountTest:testIncrementCounterViaSessionKeyExpired() (gas: 316620)
StaticOpenfortAccountTest:testIncrementCounterViaSessionKeyWhitelisting() (gas: 372002)
StaticOpenfortAccountTest:testIncrementCounterViaSessionKeyWhitelistingBatch() (gas: 395128)
StaticOpenfortAccountTest:testMintTokenAccount() (gas: 346067)
StaticOpenfortAccountTest:testReceiveNativeToken() (gas: 142163)
StaticOpenfortAccountTest:testRegisterSessionKeyViaEntrypoint() (gas: 426696)
StaticOpenfortAccountTest:testRegisterSessionKeyViaEntrypoint2ndKey() (gas: 535327)
StaticOpenfortAccountTest:testSimulateValidation() (gas: 243357)
StaticOpenfortAccountTest:testToken():(address) (gas: 2426)
StaticOpenfortAccountTest:testTransferOutNativeToken() (gas: 250219)
StaticOpenfortAccountTest:testUpdateEntryPoint() (gas: 2438826)
UpgradeableOpenfortAccountTest:testChangeOwnershipAndCountDirect() (gas: 231934)
UpgradeableOpenfortAccountTest:testChangeOwnershipAndCountEntryPoint() (gas: 381311)
UpgradeableOpenfortAccountTest:testCreateAccountViaEntryPoint() (gas: 293095)
UpgradeableOpenfortAccountTest:testCreateAccountViaFactory() (gas: 206535)
UpgradeableOpenfortAccountTest:testCreateAccountViaFactoryWithNonce() (gas: 375044)
UpgradeableOpenfortAccountTest:testFailAttackRegisterSessionKeyViaEntrypoint2ndKey() (gas: 572000)
UpgradeableOpenfortAccountTest:testFailIncrementCounterViaSessionKeyNotregistered() (gas: 347624)
UpgradeableOpenfortAccountTest:testFailIncrementCounterViaSessionKeyReachLimit() (gas: 480162)
UpgradeableOpenfortAccountTest:testFailIncrementCounterViaSessionKeyReachLimitBatching() (gas: 386336)
UpgradeableOpenfortAccountTest:testFailIncrementCounterViaSessionKeyRevoked() (gas: 227613)
UpgradeableOpenfortAccountTest:testFailIncrementCounterViaSessionKeyWhitelistingBatchWrongAddress() (gas: 409500)
UpgradeableOpenfortAccountTest:testFailIncrementCounterViaSessionKeyWhitelistingTooBig() (gas: 204418)
UpgradeableOpenfortAccountTest:testFailIncrementCounterViaSessionKeyWhitelistingWrongAddress() (gas: 401016)
UpgradeableOpenfortAccountTest:testFailRevokeSessionKeyInvalidUser() (gas: 230157)
UpgradeableOpenfortAccountTest:testIncrementCounterDirect() (gas: 223174)
UpgradeableOpenfortAccountTest:testIncrementCounterViaEntrypoint() (gas: 374486)
UpgradeableOpenfortAccountTest:testIncrementCounterViaEntrypointBatching() (gas: 386700)
UpgradeableOpenfortAccountTest:testIncrementCounterViaSessionKey() (gas: 404052)
UpgradeableOpenfortAccountTest:testIncrementCounterViaSessionKeyExpired() (gas: 373903)
UpgradeableOpenfortAccountTest:testIncrementCounterViaSessionKeyWhitelisting() (gas: 429618)
UpgradeableOpenfortAccountTest:testIncrementCounterViaSessionKeyWhitelistingBatch() (gas: 452967)
UpgradeableOpenfortAccountTest:testMintTokenAccount() (gas: 403423)
UpgradeableOpenfortAccountTest:testReceiveNativeToken() (gas: 199099)
UpgradeableOpenfortAccountTest:testRegisterSessionKeyViaEntrypoint() (gas: 484886)
UpgradeableOpenfortAccountTest:testRegisterSessionKeyViaEntrypoint2ndKey() (gas: 594351)
UpgradeableOpenfortAccountTest:testSimulateValidation() (gas: 300245)
UpgradeableOpenfortAccountTest:testToken():(address) (gas: 2426)
UpgradeableOpenfortAccountTest:testTransferOutNativeToken() (gas: 307594)
UpgradeableOpenfortAccountTest:testUpgradeAccount() (gas: 2463210)