EIP6551OpenfortAccountTest:testCreate2ndAcc() (gas: 208754)
EIP6551OpenfortAccountTest:testCreateAccInitializer() (gas: 22868)
EIP6551OpenfortAccountTest:testCreateAccountWithNonceViaRegistry() (gas: 97697)
EIP6551OpenfortAccountTest:testERC6551Deploy() (gas: 81959)
EIP6551OpenfortAccountTest:testFailCreateAccInitializerNoReinit() (gas: 23223)
EIP6551OpenfortAccountTest:testFailInitializeImplementation() (gas: 10192)
EIP6551OpenfortAccountTest:testFailReinitialize() (gas: 12874)
EIP6551OpenfortAccountTest:testGetDeposit() (gas: 69509)
EIP6551OpenfortAccountTest:testImplementationNoEntryPointAddr() (gas: 7830)
EIP6551OpenfortAccountTest:testNotOwner() (gas: 55688)
EIP6551OpenfortAccountTest:testOwner() (gas: 20505)
ManagedOpenfortAccountTest:testChangeOwnershipAndCountDirect() (gas: 74451)
ManagedOpenfortAccountTest:testChangeOwnershipAndCountEntryPoint() (gas: 251044)
ManagedOpenfortAccountTest:testCreateAccountViaEntryPoint() (gas: 403487)
ManagedOpenfortAccountTest:testCreateAccountWithNonceViaFactory() (gas: 301572)
ManagedOpenfortAccountTest:testFailIncrementCounterViaSessionKeyNotregistered() (gas: 220299)
ManagedOpenfortAccountTest:testFailIncrementCounterViaSessionKeyReachLimit() (gas: 374924)
ManagedOpenfortAccountTest:testFailIncrementCounterViaSessionKeyReachLimitBatching() (gas: 270326)
ManagedOpenfortAccountTest:testFailIncrementCounterViaSessionKeyRevoked() (gas: 81832)
ManagedOpenfortAccountTest:testFailIncrementCounterViaSessionKeyWhitelistingBatch() (gas: 328842)
ManagedOpenfortAccountTest:testFailIncrementCounterViaSessionKeyWhitelistingBatchWrongAddress() (gas: 292889)
ManagedOpenfortAccountTest:testFailIncrementCounterViaSessionKeyWhitelistingTooBig() (gas: 34737)
ManagedOpenfortAccountTest:testFailIncrementCounterViaSessionKeyWhitelistingWrongAddress() (gas: 283942)
ManagedOpenfortAccountTest:testFailRegisterSessionKeyViaEntrypoint2ndKey() (gas: 479693)
ManagedOpenfortAccountTest:testFailRevokeSessionKeyInvalidUser() (gas: 84376)
ManagedOpenfortAccountTest:testIncrementCounterDirect() (gas: 53633)
ManagedOpenfortAccountTest:testIncrementCounterViaEntrypoint() (gas: 251465)
ManagedOpenfortAccountTest:testIncrementCounterViaEntrypointBatching() (gas: 264050)
ManagedOpenfortAccountTest:testIncrementCounterViaSessionKey() (gas: 293328)
ManagedOpenfortAccountTest:testIncrementCounterViaSessionKeyExpired() (gas: 259183)
ManagedOpenfortAccountTest:testIncrementCounterViaSessionKeyWhitelisting() (gas: 316800)
ManagedOpenfortAccountTest:testIncrementCounterViaSessionKeyWhitelistingBatch() (gas: 341790)
ManagedOpenfortAccountTest:testMintTokenAccount() (gas: 280183)
ManagedOpenfortAccountTest:testReceiveNativeToken() (gas: 27528)
ManagedOpenfortAccountTest:testRegisterSessionKeyViaEntrypoint() (gas: 397877)
ManagedOpenfortAccountTest:testSimulateValidation() (gas: 389322)
ManagedOpenfortAccountTest:testTransferOutNativeToken() (gas: 165373)
ManagedOpenfortAccountTest:testUpgradeTo() (gas: 2641914)
OpenfortPaymasterV2Test:testAcceptOwnershipBasic() (gas: 44086)
OpenfortPaymasterV2Test:testAcceptOwnershipComplex() (gas: 111339)
OpenfortPaymasterV2Test:testDepositsToPaymaster() (gas: 231360)
OpenfortPaymasterV2Test:testFailDeposit() (gas: 19320)
OpenfortPaymasterV2Test:testFailPaymasterUserOpERC20ValidSigExecBatchInsufficientERC20() (gas: 334989)
OpenfortPaymasterV2Test:testFailPaymasterUserOpERC20ValidSigSmallApprove() (gas: 299377)
OpenfortPaymasterV2Test:testInitialParameters() (gas: 13783)
OpenfortPaymasterV2Test:testParsePaymasterDataERC20() (gas: 43014)
OpenfortPaymasterV2Test:testParsePaymasterDataNative() (gas: 37001)
OpenfortPaymasterV2Test:testPaymasterStake() (gas: 72146)
OpenfortPaymasterV2Test:testPaymasterUserOpERC20FixedExpensiveValidSigExecBatch() (gas: 358331)
OpenfortPaymasterV2Test:testPaymasterUserOpERC20FixedValidSig() (gas: 319785)
OpenfortPaymasterV2Test:testPaymasterUserOpERC20FixedValidSigDepositor() (gas: 399810)
OpenfortPaymasterV2Test:testPaymasterUserOpERC20FixedValidSigExecBatch() (gas: 358354)
OpenfortPaymasterV2Test:testPaymasterUserOpERC20ValidSig() (gas: 319823)
OpenfortPaymasterV2Test:testPaymasterUserOpERC20ValidSigDepositor() (gas: 399870)
OpenfortPaymasterV2Test:testPaymasterUserOpERC20ValidSigDiffMaxPriorityFeePerGas() (gas: 320110)
OpenfortPaymasterV2Test:testPaymasterUserOpERC20ValidSigExecBatch() (gas: 358389)
OpenfortPaymasterV2Test:testPaymasterUserOpNativeValidSig() (gas: 252384)
OpenfortPaymasterV2Test:testPaymasterUserOpNativeValidSigDEPOSITOR() (gas: 345378)
OpenfortPaymasterV2Test:testPaymasterUserOpNativeValidSigExecBatch() (gas: 292097)
OpenfortPaymasterV2Test:testPaymasterUserOpNativeWrongUserSig() (gas: 182681)
OpenfortPaymasterV2Test:testPaymasterUserOpWrongSig() (gas: 123295)
OpenfortPaymasterV2Test:testPaymasterUserOpWrongSigLength() (gas: 119272)
OpenfortPaymasterV2Test:testSetPostOpGas() (gas: 28167)
OpenfortPaymasterV2Test:testToken() (gas: 2471)
OpenfortPaymasterV2Test:test_requireFromEntryPoint() (gas: 42885)
RecoverableOpenfortAccountTest:test3GuardiansCompleteRecovery() (gas: 278772)
RecoverableOpenfortAccountTest:test3GuardiansFailCompleteRecovery() (gas: 302182)
RecoverableOpenfortAccountTest:test3GuardiansUnorderedCompleteRecovery() (gas: 304677)
RecoverableOpenfortAccountTest:test4GuardiansNoDefaultCompleteRecovery() (gas: 470153)
RecoverableOpenfortAccountTest:testAddEOAGuardian() (gas: 130359)
RecoverableOpenfortAccountTest:testAddEOAGuardianCancel() (gas: 61181)
RecoverableOpenfortAccountTest:testAddEOAGuardianDuplicatedPorposal() (gas: 121239)
RecoverableOpenfortAccountTest:testAddEOAGuardianExpired() (gas: 73211)
RecoverableOpenfortAccountTest:testAddEOAGuardianExpiredThenReAdd() (gas: 140403)
RecoverableOpenfortAccountTest:testAddMultipleEOAGuardians() (gas: 446567)
RecoverableOpenfortAccountTest:testAddOwnerAsGuardianNotAllowed() (gas: 50261)
RecoverableOpenfortAccountTest:testBasicChecksCompleteRecovery() (gas: 95609)
RecoverableOpenfortAccountTest:testBasicCompleteRecovery() (gas: 96965)
RecoverableOpenfortAccountTest:testCancelRecovery() (gas: 92020)
RecoverableOpenfortAccountTest:testCancelRevokeGuardian() (gas: 143302)
RecoverableOpenfortAccountTest:testChangeOwnershipAndCountDirect() (gas: 69051)
RecoverableOpenfortAccountTest:testChangeOwnershipAndCountEntryPoint() (gas: 252176)
RecoverableOpenfortAccountTest:testCreateAccountViaEntryPoint() (gas: 549754)
RecoverableOpenfortAccountTest:testCreateAccountWithNonceViaFactory() (gas: 448627)
RecoverableOpenfortAccountTest:testCreateWrongAccount() (gas: 103051)
RecoverableOpenfortAccountTest:testCreateWrongFactory() (gas: 48924)
RecoverableOpenfortAccountTest:testFailIncrementCounterViaSessionKeyNotregistered() (gas: 214613)
RecoverableOpenfortAccountTest:testFailIncrementCounterViaSessionKeyReachLimit() (gas: 369811)
RecoverableOpenfortAccountTest:testFailIncrementCounterViaSessionKeyReachLimitBatching() (gas: 266582)
RecoverableOpenfortAccountTest:testFailIncrementCounterViaSessionKeyRevoked() (gas: 78218)
RecoverableOpenfortAccountTest:testFailIncrementCounterViaSessionKeyWhitelistingBatchWrongAddress() (gas: 289145)
RecoverableOpenfortAccountTest:testFailIncrementCounterViaSessionKeyWhitelistingTooBig() (gas: 31650)
RecoverableOpenfortAccountTest:testFailIncrementCounterViaSessionKeyWhitelistingWrongAddress() (gas: 280191)
RecoverableOpenfortAccountTest:testFailRegisterSessionKeyViaEntrypoint2ndKey() (gas: 471416)
RecoverableOpenfortAccountTest:testFailRevokeSessionKeyInvalidUser() (gas: 80762)
RecoverableOpenfortAccountTest:testIncrementCounterDirect() (gas: 50479)
RecoverableOpenfortAccountTest:testIncrementCounterViaEntrypoint() (gas: 245148)
RecoverableOpenfortAccountTest:testIncrementCounterViaEntrypointBatching() (gas: 258005)
RecoverableOpenfortAccountTest:testIncrementCounterViaSessionKey() (gas: 288923)
RecoverableOpenfortAccountTest:testIncrementCounterViaSessionKeyExpired() (gas: 255388)
RecoverableOpenfortAccountTest:testIncrementCounterViaSessionKeyWhitelisting() (gas: 312351)
RecoverableOpenfortAccountTest:testIncrementCounterViaSessionKeyWhitelistingBatch() (gas: 336708)
RecoverableOpenfortAccountTest:testLockAccount() (gas: 57950)
RecoverableOpenfortAccountTest:testMessingUpWithGuardianRegister() (gas: 173489)
RecoverableOpenfortAccountTest:testMintTokenAccount() (gas: 273888)
RecoverableOpenfortAccountTest:testReceiveNativeToken() (gas: 22317)
RecoverableOpenfortAccountTest:testRegisterSessionKeyViaEntrypoint() (gas: 390242)
RecoverableOpenfortAccountTest:testRevokeAllGuardians() (gas: 184050)
RecoverableOpenfortAccountTest:testRevokeDefaultGuardian() (gas: 149392)
RecoverableOpenfortAccountTest:testRevokeDefaultGuardianAndAddBack() (gas: 102843)
RecoverableOpenfortAccountTest:testRevokeEOAGuardianDuplicatedPorposal() (gas: 132586)
RecoverableOpenfortAccountTest:testRevokeEOAGuardianExpired() (gas: 142699)
RecoverableOpenfortAccountTest:testRevokeGuardian() (gas: 138904)
RecoverableOpenfortAccountTest:testSimulateValidation() (gas: 133756)
RecoverableOpenfortAccountTest:testStartRecovery() (gas: 97714)
RecoverableOpenfortAccountTest:testStartRecoveryTwice() (gas: 87247)
RecoverableOpenfortAccountTest:testStubFakeMockTempisGuardian() (gas: 12844)
RecoverableOpenfortAccountTest:testToken() (gas: 2470)
RecoverableOpenfortAccountTest:testTransferOutNativeToken() (gas: 161198)
RecoverableOpenfortAccountTest:testTransferOwner() (gas: 50660)
RecoverableOpenfortAccountTest:testTransferOwnerNotGuardian() (gas: 110512)
RecoverableOpenfortAccountTest:testUnlockAccount() (gas: 48731)
RecoverableOpenfortAccountTest:testUpdateEntryPoint() (gas: 1124342)
Specific4337Tests:testToken() (gas: 2404)
UpgradeableOpenfortAccountTest:testChangeOwnershipAndCountDirect() (gas: 73206)
UpgradeableOpenfortAccountTest:testChangeOwnershipAndCountEntryPoint() (gas: 247729)
UpgradeableOpenfortAccountTest:testCreateAccountViaEntryPoint() (gas: 384537)
UpgradeableOpenfortAccountTest:testCreateAccountWithNonceViaFactory() (gas: 282519)
UpgradeableOpenfortAccountTest:testFailAttackRegisterSessionKeyViaEntrypoint2ndKey() (gas: 312280)
UpgradeableOpenfortAccountTest:testFailIncrementCounterViaSessionKeyNotregistered() (gas: 214516)
UpgradeableOpenfortAccountTest:testFailIncrementCounterViaSessionKeyReachLimit() (gas: 369638)
UpgradeableOpenfortAccountTest:testFailIncrementCounterViaSessionKeyReachLimitBatching() (gas: 266411)
UpgradeableOpenfortAccountTest:testFailIncrementCounterViaSessionKeyRevoked() (gas: 78150)
UpgradeableOpenfortAccountTest:testFailIncrementCounterViaSessionKeyWhitelistingBatchWrongAddress() (gas: 289083)
UpgradeableOpenfortAccountTest:testFailIncrementCounterViaSessionKeyWhitelistingTooBig() (gas: 31605)
UpgradeableOpenfortAccountTest:testFailIncrementCounterViaSessionKeyWhitelistingWrongAddress() (gas: 280116)
UpgradeableOpenfortAccountTest:testFailIsValidSignature() (gas: 53481)
UpgradeableOpenfortAccountTest:testFailIsValidSignatureMessage() (gas: 53571)
UpgradeableOpenfortAccountTest:testFailRegisterSessionKeyViaEntrypoint2ndKey() (gas: 471146)
UpgradeableOpenfortAccountTest:testFailRevokeSessionKeyInvalidUser() (gas: 80694)
UpgradeableOpenfortAccountTest:testIncrementCounterDirect() (gas: 50457)
UpgradeableOpenfortAccountTest:testIncrementCounterViaEntrypoint() (gas: 244984)
UpgradeableOpenfortAccountTest:testIncrementCounterViaEntrypointBatching() (gas: 257811)
UpgradeableOpenfortAccountTest:testIncrementCounterViaSessionKey() (gas: 288914)
UpgradeableOpenfortAccountTest:testIncrementCounterViaSessionKeyExpired() (gas: 255246)
UpgradeableOpenfortAccountTest:testIncrementCounterViaSessionKeyWhitelisting() (gas: 312209)
UpgradeableOpenfortAccountTest:testIncrementCounterViaSessionKeyWhitelistingBatch() (gas: 336560)
UpgradeableOpenfortAccountTest:testMintTokenAccount() (gas: 273724)
UpgradeableOpenfortAccountTest:testReceiveNativeToken() (gas: 22294)
UpgradeableOpenfortAccountTest:testRegisterSessionKeyViaEntrypoint() (gas: 390069)
UpgradeableOpenfortAccountTest:testSimulateValidation() (gas: 133659)
UpgradeableOpenfortAccountTest:testTransferOutNativeToken() (gas: 161211)
UpgradeableOpenfortAccountTest:testUpdateEntryPoint() (gas: 810843)
UpgradeableOpenfortAccountTest:testUpgradeAccount() (gas: 2597014)
UpgradeableOpenfortAccountTest:testisValidSignatureTyped() (gas: 56494)