OpenfortPaymasterTest:testEntryPointDepositToPaymaster() (gas: 45021)
OpenfortPaymasterTest:testFailPaymasterUserOpERC20ValidSigExecBatchInsufficientERC20() (gas: 318819)
OpenfortPaymasterTest:testFailPaymasterUserOpERC20ValidSigSmallApprove() (gas: 278837)
OpenfortPaymasterTest:testInitialParameters() (gas: 13782)
OpenfortPaymasterTest:testParsePaymasterDataERC20() (gas: 35525)
OpenfortPaymasterTest:testParsePaymasterDataNative() (gas: 33262)
OpenfortPaymasterTest:testPaymasterAddStake() (gas: 47814)
OpenfortPaymasterTest:testPaymasterUserOpERC20ValidSig() (gas: 301095)
OpenfortPaymasterTest:testPaymasterUserOpERC20ValidSigExecBatch() (gas: 341904)
OpenfortPaymasterTest:testPaymasterUserOpNativeValidSig() (gas: 231355)
OpenfortPaymasterTest:testPaymasterUserOpNativeValidSigExecBatch() (gas: 273683)
OpenfortPaymasterTest:testPaymasterUserOpWrongSig() (gas: 133668)
OpenfortPaymasterTest:testPaymasterUserOpWrongSigLength() (gas: 103771)
OpenfortPaymasterTest:testToken():(address) (gas: 2383)
Specific4337Tests:testToken():(address) (gas: 2382)
Specific4337Tests:testValidateUserOp() (gas: 169833)
Specific4337Tests:testValidateUserOpSessionKey() (gas: 197565)
Specific4337Tests:testWrongValidateUserOp() (gas: 172300)
Specific4337Tests:testWrongValidateUserOpSessionKey() (gas: 199540)
StaticOpenfortAccountTest:testChangeOwnershipAndCountDirect() (gas: 174605)
StaticOpenfortAccountTest:testChangeOwnershipAndCountEntryPoint() (gas: 323906)
StaticOpenfortAccountTest:testCreateAccountViaEntryPoint() (gas: 225802)
StaticOpenfortAccountTest:testCreateAccountViaFactory() (gas: 139498)
StaticOpenfortAccountTest:testCreateAccountViaFactoryWithNonce() (gas: 256262)
StaticOpenfortAccountTest:testFailAttackRegisterSessionKeyViaEntrypoint2ndKey() (gas: 514994)
StaticOpenfortAccountTest:testFailIncrementCounterViaSessionKeyNotregistered() (gas: 290847)
StaticOpenfortAccountTest:testFailIncrementCounterViaSessionKeyReachLimit() (gas: 423515)
StaticOpenfortAccountTest:testFailIncrementCounterViaSessionKeyReachLimitBatching() (gas: 329502)
StaticOpenfortAccountTest:testFailIncrementCounterViaSessionKeyRevoked() (gas: 170896)
StaticOpenfortAccountTest:testFailIncrementCounterViaSessionKeyWhitelistingBatch() (gas: 386036)
StaticOpenfortAccountTest:testFailIncrementCounterViaSessionKeyWhitelistingBatchWrongAddress() (gas: 352627)
StaticOpenfortAccountTest:testFailIncrementCounterViaSessionKeyWhitelistingTooBig() (gas: 169788)
StaticOpenfortAccountTest:testFailIncrementCounterViaSessionKeyWhitelistingWrongAddress() (gas: 344664)
StaticOpenfortAccountTest:testFailRevokeSessionKeyInvalidUser() (gas: 173440)
StaticOpenfortAccountTest:testIncrementCounterDirect() (gas: 166206)
StaticOpenfortAccountTest:testIncrementCounterViaEntrypoint() (gas: 317442)
StaticOpenfortAccountTest:testIncrementCounterViaEntrypointBatching() (gas: 329673)
StaticOpenfortAccountTest:testIncrementCounterViaSessionKey() (gas: 347497)
StaticOpenfortAccountTest:testIncrementCounterViaSessionKeyExpired() (gas: 317602)
StaticOpenfortAccountTest:testIncrementCounterViaSessionKeyWhitelisting() (gas: 373012)
StaticOpenfortAccountTest:testIncrementCounterViaSessionKeyWhitelistingBatch() (gas: 397020)
StaticOpenfortAccountTest:testMintTokenAccount() (gas: 346379)
StaticOpenfortAccountTest:testReceiveNativeToken() (gas: 142146)
StaticOpenfortAccountTest:testRegisterSessionKeyViaEntrypoint() (gas: 428002)
StaticOpenfortAccountTest:testRegisterSessionKeyViaEntrypoint2ndKey() (gas: 537635)
StaticOpenfortAccountTest:testSimulateValidation() (gas: 243561)
StaticOpenfortAccountTest:testToken():(address) (gas: 2426)
StaticOpenfortAccountTest:testTransferOutNativeToken() (gas: 250414)
StaticOpenfortAccountTest:testUpdateEntryPoint() (gas: 2559438)
UpgradeableOpenfortAccountTest:testChangeOwnershipAndCountDirect() (gas: 338226)
UpgradeableOpenfortAccountTest:testChangeOwnershipAndCountEntryPoint() (gas: 487944)
UpgradeableOpenfortAccountTest:testCreateAccountViaEntryPoint() (gas: 402601)
UpgradeableOpenfortAccountTest:testCreateAccountViaFactory() (gas: 315829)
UpgradeableOpenfortAccountTest:testCreateAccountViaFactoryWithNonce() (gas: 589159)
UpgradeableOpenfortAccountTest:testFailAttackRegisterSessionKeyViaEntrypoint2ndKey() (gas: 680160)
UpgradeableOpenfortAccountTest:testFailIncrementCounterViaSessionKeyNotregistered() (gas: 454250)
UpgradeableOpenfortAccountTest:testFailIncrementCounterViaSessionKeyReachLimit() (gas: 587803)
UpgradeableOpenfortAccountTest:testFailIncrementCounterViaSessionKeyReachLimitBatching() (gas: 493128)
UpgradeableOpenfortAccountTest:testFailIncrementCounterViaSessionKeyRevoked() (gas: 334330)
UpgradeableOpenfortAccountTest:testFailIncrementCounterViaSessionKeyWhitelistingBatchWrongAddress() (gas: 516319)
UpgradeableOpenfortAccountTest:testFailIncrementCounterViaSessionKeyWhitelistingTooBig() (gas: 333054)
UpgradeableOpenfortAccountTest:testFailIncrementCounterViaSessionKeyWhitelistingWrongAddress() (gas: 508356)
UpgradeableOpenfortAccountTest:testFailRevokeSessionKeyInvalidUser() (gas: 336874)
UpgradeableOpenfortAccountTest:testIncrementCounterDirect() (gas: 329466)
UpgradeableOpenfortAccountTest:testIncrementCounterViaEntrypoint() (gas: 481119)
UpgradeableOpenfortAccountTest:testIncrementCounterViaEntrypointBatching() (gas: 493328)
UpgradeableOpenfortAccountTest:testIncrementCounterViaSessionKey() (gas: 511346)
UpgradeableOpenfortAccountTest:testIncrementCounterViaSessionKeyExpired() (gas: 481206)
UpgradeableOpenfortAccountTest:testIncrementCounterViaSessionKeyWhitelisting() (gas: 536949)
UpgradeableOpenfortAccountTest:testIncrementCounterViaSessionKeyWhitelistingBatch() (gas: 561180)
UpgradeableOpenfortAccountTest:testMintTokenAccount() (gas: 510056)
UpgradeableOpenfortAccountTest:testReceiveNativeToken() (gas: 305403)
UpgradeableOpenfortAccountTest:testRegisterSessionKeyViaEntrypoint() (gas: 592513)
UpgradeableOpenfortAccountTest:testRegisterSessionKeyViaEntrypoint2ndKey() (gas: 702980)
UpgradeableOpenfortAccountTest:testSimulateValidation() (gas: 406770)
UpgradeableOpenfortAccountTest:testToken():(address) (gas: 2426)
UpgradeableOpenfortAccountTest:testTransferOutNativeToken() (gas: 414110)
UpgradeableOpenfortAccountTest:testUpgradeAccount() (gas: 2668939)