OpenfortPaymasterTest:testEntryPointDepositToPaymaster() (gas: 45021)
OpenfortPaymasterTest:testFailPaymasterUserOpERC20ValidSigExecBatchInsufficientERC20() (gas: 318215)
OpenfortPaymasterTest:testFailPaymasterUserOpERC20ValidSigSmallApprove() (gas: 278229)
OpenfortPaymasterTest:testInitialParameters() (gas: 13782)
OpenfortPaymasterTest:testParsePaymasterDataERC20() (gas: 35525)
OpenfortPaymasterTest:testParsePaymasterDataNative() (gas: 33262)
OpenfortPaymasterTest:testPaymasterAddStake() (gas: 47814)
OpenfortPaymasterTest:testPaymasterUserOpERC20ValidSig() (gas: 300492)
OpenfortPaymasterTest:testPaymasterUserOpERC20ValidSigExecBatch() (gas: 341305)
OpenfortPaymasterTest:testPaymasterUserOpNativeValidSig() (gas: 230747)
OpenfortPaymasterTest:testPaymasterUserOpNativeValidSigExecBatch() (gas: 273079)
OpenfortPaymasterTest:testPaymasterUserOpWrongSig() (gas: 133314)
OpenfortPaymasterTest:testPaymasterUserOpWrongSigLength() (gas: 103568)
OpenfortPaymasterTest:testToken():(address) (gas: 2383)
Specific4337Tests:testToken():(address) (gas: 2382)
Specific4337Tests:testValidateUserOp() (gas: 169629)
Specific4337Tests:testValidateUserOpSessionKey() (gas: 196875)
Specific4337Tests:testWrongValidateUserOp() (gas: 172104)
Specific4337Tests:testWrongValidateUserOpSessionKey() (gas: 199036)
StaticOpenfortAccountTest:testChangeOwnershipAndCountDirect() (gas: 174634)
StaticOpenfortAccountTest:testChangeOwnershipAndCountEntryPoint() (gas: 323594)
StaticOpenfortAccountTest:testCreateAccountViaEntryPoint() (gas: 225607)
StaticOpenfortAccountTest:testCreateAccountViaFactory() (gas: 139515)
StaticOpenfortAccountTest:testCreateAccountViaFactoryWithNonce() (gas: 256282)
StaticOpenfortAccountTest:testFailAttackRegisterSessionKeyViaEntrypoint2ndKey() (gas: 513155)
StaticOpenfortAccountTest:testFailIncrementCounterViaSessionKeyNotregistered() (gas: 290542)
StaticOpenfortAccountTest:testFailIncrementCounterViaSessionKeyReachLimit() (gas: 422195)
StaticOpenfortAccountTest:testFailIncrementCounterViaSessionKeyReachLimitBatching() (gas: 329031)
StaticOpenfortAccountTest:testFailIncrementCounterViaSessionKeyRevoked() (gas: 170497)
StaticOpenfortAccountTest:testFailIncrementCounterViaSessionKeyWhitelistingBatch() (gas: 385537)
StaticOpenfortAccountTest:testFailIncrementCounterViaSessionKeyWhitelistingBatchWrongAddress() (gas: 352129)
StaticOpenfortAccountTest:testFailIncrementCounterViaSessionKeyWhitelistingTooBig() (gas: 147462)
StaticOpenfortAccountTest:testFailIncrementCounterViaSessionKeyWhitelistingWrongAddress() (gas: 343645)
StaticOpenfortAccountTest:testFailRevokeSessionKeyInvalidUser() (gas: 173041)
StaticOpenfortAccountTest:testIncrementCounterDirect() (gas: 166235)
StaticOpenfortAccountTest:testIncrementCounterViaEntrypoint() (gas: 317130)
StaticOpenfortAccountTest:testIncrementCounterViaEntrypointBatching() (gas: 329366)
StaticOpenfortAccountTest:testIncrementCounterViaSessionKey() (gas: 346524)
StaticOpenfortAccountTest:testIncrementCounterViaSessionKeyExpired() (gas: 316620)
StaticOpenfortAccountTest:testIncrementCounterViaSessionKeyWhitelisting() (gas: 372002)
StaticOpenfortAccountTest:testIncrementCounterViaSessionKeyWhitelistingBatch() (gas: 395128)
StaticOpenfortAccountTest:testMintTokenAccount() (gas: 346067)
StaticOpenfortAccountTest:testReceiveNativeToken() (gas: 142163)
StaticOpenfortAccountTest:testRegisterSessionKeyViaEntrypoint() (gas: 426696)
StaticOpenfortAccountTest:testRegisterSessionKeyViaEntrypoint2ndKey() (gas: 535327)
StaticOpenfortAccountTest:testSimulateValidation() (gas: 243357)
StaticOpenfortAccountTest:testToken():(address) (gas: 2426)
StaticOpenfortAccountTest:testTransferOutNativeToken() (gas: 250219)
StaticOpenfortAccountTest:testUpdateEntryPoint() (gas: 2438826)
UpgradeableOpenfortAccountTest:testChangeOwnershipAndCountDirect() (gas: 231937)
UpgradeableOpenfortAccountTest:testChangeOwnershipAndCountEntryPoint() (gas: 381314)
UpgradeableOpenfortAccountTest:testCreateAccountViaEntryPoint() (gas: 293098)
UpgradeableOpenfortAccountTest:testCreateAccountViaFactory() (gas: 206538)
UpgradeableOpenfortAccountTest:testCreateAccountViaFactoryWithNonce() (gas: 375050)
UpgradeableOpenfortAccountTest:testFailAttackRegisterSessionKeyViaEntrypoint2ndKey() (gas: 572003)
UpgradeableOpenfortAccountTest:testFailIncrementCounterViaSessionKeyNotregistered() (gas: 347627)
UpgradeableOpenfortAccountTest:testFailIncrementCounterViaSessionKeyReachLimit() (gas: 480165)
UpgradeableOpenfortAccountTest:testFailIncrementCounterViaSessionKeyReachLimitBatching() (gas: 386339)
UpgradeableOpenfortAccountTest:testFailIncrementCounterViaSessionKeyRevoked() (gas: 227616)
UpgradeableOpenfortAccountTest:testFailIncrementCounterViaSessionKeyWhitelistingBatchWrongAddress() (gas: 409503)
UpgradeableOpenfortAccountTest:testFailIncrementCounterViaSessionKeyWhitelistingTooBig() (gas: 204421)
UpgradeableOpenfortAccountTest:testFailIncrementCounterViaSessionKeyWhitelistingWrongAddress() (gas: 401019)
UpgradeableOpenfortAccountTest:testFailRevokeSessionKeyInvalidUser() (gas: 230160)
UpgradeableOpenfortAccountTest:testIncrementCounterDirect() (gas: 223177)
UpgradeableOpenfortAccountTest:testIncrementCounterViaEntrypoint() (gas: 374489)
UpgradeableOpenfortAccountTest:testIncrementCounterViaEntrypointBatching() (gas: 386703)
UpgradeableOpenfortAccountTest:testIncrementCounterViaSessionKey() (gas: 404055)
UpgradeableOpenfortAccountTest:testIncrementCounterViaSessionKeyExpired() (gas: 373906)
UpgradeableOpenfortAccountTest:testIncrementCounterViaSessionKeyWhitelisting() (gas: 429621)
UpgradeableOpenfortAccountTest:testIncrementCounterViaSessionKeyWhitelistingBatch() (gas: 452970)
UpgradeableOpenfortAccountTest:testMintTokenAccount() (gas: 403426)
UpgradeableOpenfortAccountTest:testReceiveNativeToken() (gas: 199102)
UpgradeableOpenfortAccountTest:testRegisterSessionKeyViaEntrypoint() (gas: 484889)
UpgradeableOpenfortAccountTest:testRegisterSessionKeyViaEntrypoint2ndKey() (gas: 594354)
UpgradeableOpenfortAccountTest:testSimulateValidation() (gas: 300248)
UpgradeableOpenfortAccountTest:testToken():(address) (gas: 2426)
UpgradeableOpenfortAccountTest:testTransferOutNativeToken() (gas: 307597)
UpgradeableOpenfortAccountTest:testUpgradeAccount() (gas: 2463213)